# JRE version: OpenJDK Runtime Environment (21.0.8) (build 21.0.8+-14196175-b1038.72)
# Java VM: OpenJDK 64-Bit Server VM (21.0.8+-14196175-b1038.72, mixed mode, tiered, compressed oops, compressed class ptrs, g1 gc, windows-amd64)
GC Precious Log:
 CardTable entry size: 512
 Card Set container configuration: InlinePtr #cards 5 size 8 Array Of Cards #cards 12 size 40 Howl #buckets 4 coarsen threshold 1843 Howl Bitmap #cards 512 size 80 coarsen threshold 460 Card regions per heap region 1 cards per card region 2048
 CPUs: 28 total, 28 available
 Memory: 7878M
 Large Page Support: Disabled
 NUMA Support: Disabled
 Compressed Oops: Enabled (32-bit)
 Heap Region Size: 1M
 Heap Min Capacity: 8M
 Heap Initial Capacity: 124M
 Heap Max Capacity: 1970M
 Pre-touch: Disabled
 Parallel Workers: 20
 Concurrent Workers: 5
 Concurrent Refinement Workers: 20
 Periodic GC: Disabled
Heap:
 garbage-first heap   total 44032K, used 36676K [0x0000000084e00000, 0x0000000100000000)
  region size 1024K, 19 young (19456K), 2 survivors (2048K)
 Metaspace       used 49576K, committed 49792K, reserved 1114112K
  class space    used 5836K, committed 5952K, reserved 1048576K
GC Heap History (18 events):
Event: 1.714 GC heap before
{Heap before GC invocations=0 (full 0):
 garbage-first heap   total 126976K, used 26624K [0x0000000084e00000, 0x0000000100000000)
  region size 1024K, 23 young (23552K), 0 survivors (0K)
 Metaspace       used 14580K, committed 14784K, reserved 1114112K
  class space    used 1375K, committed 1472K, reserved 1048576K
}
Event: 1.759 GC heap after
{Heap after GC invocations=1 (full 0):
 garbage-first heap   total 126976K, used 6130K [0x0000000084e00000, 0x0000000100000000)
  region size 1024K, 3 young (3072K), 3 survivors (3072K)
 Metaspace       used 14580K, committed 14784K, reserved 1114112K
  class space    used 1375K, committed 1472K, reserved 1048576K
}
Event: 2.884 GC heap before
{Heap before GC invocations=1 (full 0):
 garbage-first heap   total 126976K, used 24562K [0x0000000084e00000, 0x0000000100000000)
  region size 1024K, 23 young (23552K), 3 survivors (3072K)
 Metaspace       used 21306K, committed 21504K, reserved 1114112K
  class space    used 2197K, committed 2304K, reserved 1048576K
}
Event: 2.891 GC heap after
{Heap after GC invocations=2 (full 0):
 garbage-first heap   total 126976K, used 7307K [0x0000000084e00000, 0x0000000100000000)
  region size 1024K, 2 young (2048K), 2 survivors (2048K)
 Metaspace       used 21306K, committed 21504K, reserved 1114112K
  class space    used 2197K, committed 2304K, reserved 1048576K
}
Event: 3.656 GC heap before
{Heap before GC invocations=3 (full 0):
 garbage-first heap   total 27648K, used 26763K [0x0000000084e00000, 0x0000000100000000)
  region size 1024K, 21 young (21504K), 2 survivors (2048K)
 Metaspace       used 24117K, committed 24384K, reserved 1114112K
  class space    used 2563K, committed 2688K, reserved 1048576K
}
Event: 3.694 GC heap after
{Heap after GC invocations=4 (full 0):
 garbage-first heap   total 34816K, used 12613K [0x0000000084e00000, 0x0000000100000000)
  region size 1024K, 6 young (6144K), 6 survivors (6144K)
 Metaspace       used 24117K, committed 24384K, reserved 1114112K
  class space    used 2563K, committed 2688K, reserved 1048576K
}
Event: 4.103 GC heap before
{Heap before GC invocations=4 (full 0):
 garbage-first heap   total 34816K, used 24901K [0x0000000084e00000, 0x0000000100000000)
  region size 1024K, 18 young (18432K), 6 survivors (6144K)
 Metaspace       used 27680K, committed 27904K, reserved 1114112K
  class space    used 3059K, committed 3200K, reserved 1048576K
}
Event: 4.116 GC heap after
{Heap after GC invocations=5 (full 0):
 garbage-first heap   total 34816K, used 14078K [0x0000000084e00000, 0x0000000100000000)
  region size 1024K, 1 young (1024K), 1 survivors (1024K)
 Metaspace       used 27680K, committed 27904K, reserved 1114112K
  class space    used 3059K, committed 3200K, reserved 1048576K
}
Event: 4.704 GC heap before
{Heap before GC invocations=5 (full 0):
 garbage-first heap   total 34816K, used 27390K [0x0000000084e00000, 0x0000000100000000)
  region size 1024K, 15 young (15360K), 1 survivors (1024K)
 Metaspace       used 31169K, committed 31360K, reserved 1114112K
  class space    used 3821K, committed 3904K, reserved 1048576K
}
Event: 4.707 GC heap after
{Heap after GC invocations=6 (full 0):
 garbage-first heap   total 34816K, used 16228K [0x0000000084e00000, 0x0000000100000000)
  region size 1024K, 2 young (2048K), 2 survivors (2048K)
 Metaspace       used 31169K, committed 31360K, reserved 1114112K
  class space    used 3821K, committed 3904K, reserved 1048576K
}
Event: 4.845 GC heap before
{Heap before GC invocations=6 (full 0):
 garbage-first heap   total 34816K, used 28516K [0x0000000084e00000, 0x0000000100000000)
  region size 1024K, 14 young (14336K), 2 survivors (2048K)
 Metaspace       used 33822K, committed 34112K, reserved 1114112K
  class space    used 4096K, committed 4224K, reserved 1048576K
}
Event: 4.848 GC heap after
{Heap after GC invocations=7 (full 0):
 garbage-first heap   total 34816K, used 16890K [0x0000000084e00000, 0x0000000100000000)
  region size 1024K, 1 young (1024K), 1 survivors (1024K)
 Metaspace       used 33822K, committed 34112K, reserved 1114112K
  class space    used 4096K, committed 4224K, reserved 1048576K
}
Event: 4.944 GC heap before
{Heap before GC invocations=7 (full 0):
 garbage-first heap   total 34816K, used 24058K [0x0000000084e00000, 0x0000000100000000)
  region size 1024K, 9 young (9216K), 1 survivors (1024K)
 Metaspace       used 35756K, committed 35968K, reserved 1114112K
  class space    used 4319K, committed 4416K, reserved 1048576K
}
Event: 4.946 GC heap after
{Heap after GC invocations=8 (full 0):
 garbage-first heap   total 44032K, used 17280K [0x0000000084e00000, 0x0000000100000000)
  region size 1024K, 1 young (1024K), 1 survivors (1024K)
 Metaspace       used 35756K, committed 35968K, reserved 1114112K
  class space    used 4319K, committed 4416K, reserved 1048576K
}
Event: 5.241 GC heap before
{Heap before GC invocations=9 (full 0):
 garbage-first heap   total 44032K, used 35712K [0x0000000084e00000, 0x0000000100000000)
  region size 1024K, 20 young (20480K), 1 survivors (1024K)
 Metaspace       used 40625K, committed 40832K, reserved 1114112K
  class space    used 4786K, committed 4864K, reserved 1048576K
}
Event: 5.246 GC heap after
{Heap after GC invocations=10 (full 0):
 garbage-first heap   total 44032K, used 19431K [0x0000000084e00000, 0x0000000100000000)
  region size 1024K, 3 young (3072K), 3 survivors (3072K)
 Metaspace       used 40625K, committed 40832K, reserved 1114112K
  class space    used 4786K, committed 4864K, reserved 1048576K
}
Event: 6.737 GC heap before
{Heap before GC invocations=10 (full 0):
 garbage-first heap   total 44032K, used 35815K [0x0000000084e00000, 0x0000000100000000)
  region size 1024K, 20 young (20480K), 3 survivors (3072K)
 Metaspace       used 44463K, committed 44736K, reserved 1114112K
  class space    used 5206K, committed 5312K, reserved 1048576K
}
Event: 6.749 GC heap after
{Heap after GC invocations=11 (full 0):
 garbage-first heap   total 44032K, used 20292K [0x0000000084e00000, 0x0000000100000000)
  region size 1024K, 2 young (2048K), 2 survivors (2048K)
 Metaspace       used 44463K, committed 44736K, reserved 1114112K
  class space    used 5206K, committed 5312K, reserved 1048576K
}

