# JRE version: OpenJDK Runtime Environment (21.0.8) (build 21.0.8+-14196175-b1038.72)
# Java VM: OpenJDK 64-Bit Server VM (21.0.8+-14196175-b1038.72, mixed mode, tiered, compressed oops, compressed class ptrs, g1 gc, windows-amd64)
GC Precious Log:
 CardTable entry size: 512
 Card Set container configuration: InlinePtr #cards 5 size 8 Array Of Cards #cards 12 size 40 Howl #buckets 4 coarsen threshold 1843 Howl Bitmap #cards 512 size 80 coarsen threshold 460 Card regions per heap region 1 cards per card region 2048
 CPUs: 28 total, 28 available
 Memory: 7878M
 Large Page Support: Disabled
 NUMA Support: Disabled
 Compressed Oops: Enabled (32-bit)
 Heap Region Size: 1M
 Heap Min Capacity: 8M
 Heap Initial Capacity: 124M
 Heap Max Capacity: 1970M
 Pre-touch: Disabled
 Parallel Workers: 20
 Concurrent Workers: 5
 Concurrent Refinement Workers: 20
 Periodic GC: Disabled
Heap:
 garbage-first heap   total 71680K, used 46438K [0x0000000084e00000, 0x0000000100000000)
  region size 1024K, 3 young (3072K), 3 survivors (3072K)
 Metaspace       used 55696K, committed 56000K, reserved 1114112K
  class space    used 6513K, committed 6656K, reserved 1048576K
GC Heap History (20 events):
Event: 1.919 GC heap after
{Heap after GC invocations=4 (full 0):
 garbage-first heap   total 38912K, used 14694K [0x0000000084e00000, 0x0000000100000000)
  region size 1024K, 8 young (8192K), 8 survivors (8192K)
 Metaspace       used 24724K, committed 24896K, reserved 1114112K
  class space    used 2678K, committed 2752K, reserved 1048576K
}
Event: 2.216 GC heap before
{Heap before GC invocations=4 (full 0):
 garbage-first heap   total 38912K, used 26982K [0x0000000084e00000, 0x0000000100000000)
  region size 1024K, 20 young (20480K), 8 survivors (8192K)
 Metaspace       used 28299K, committed 28544K, reserved 1114112K
  class space    used 3080K, committed 3200K, reserved 1048576K
}
Event: 2.223 GC heap after
{Heap after GC invocations=5 (full 0):
 garbage-first heap   total 38912K, used 15206K [0x0000000084e00000, 0x0000000100000000)
  region size 1024K, 1 young (1024K), 1 survivors (1024K)
 Metaspace       used 28299K, committed 28544K, reserved 1114112K
  class space    used 3080K, committed 3200K, reserved 1048576K
}
Event: 2.545 GC heap before
{Heap before GC invocations=5 (full 0):
 garbage-first heap   total 38912K, used 30566K [0x0000000084e00000, 0x0000000100000000)
  region size 1024K, 16 young (16384K), 1 survivors (1024K)
 Metaspace       used 33191K, committed 33472K, reserved 1114112K
  class space    used 4134K, committed 4288K, reserved 1048576K
}
Event: 2.548 GC heap after
{Heap after GC invocations=6 (full 0):
 garbage-first heap   total 38912K, used 16031K [0x0000000084e00000, 0x0000000100000000)
  region size 1024K, 2 young (2048K), 2 survivors (2048K)
 Metaspace       used 33191K, committed 33472K, reserved 1114112K
  class space    used 4134K, committed 4288K, reserved 1048576K
}
Event: 2.777 GC heap before
{Heap before GC invocations=6 (full 0):
 garbage-first heap   total 38912K, used 29343K [0x0000000084e00000, 0x0000000100000000)
  region size 1024K, 16 young (16384K), 2 survivors (2048K)
 Metaspace       used 35689K, committed 35968K, reserved 1114112K
  class space    used 4390K, committed 4544K, reserved 1048576K
}
Event: 2.781 GC heap after
{Heap after GC invocations=7 (full 0):
 garbage-first heap   total 38912K, used 17859K [0x0000000084e00000, 0x0000000100000000)
  region size 1024K, 3 young (3072K), 3 survivors (3072K)
 Metaspace       used 35689K, committed 35968K, reserved 1114112K
  class space    used 4390K, committed 4544K, reserved 1048576K
}
Event: 3.034 GC heap before
{Heap before GC invocations=8 (full 0):
 garbage-first heap   total 38912K, used 30147K [0x0000000084e00000, 0x0000000100000000)
  region size 1024K, 16 young (16384K), 3 survivors (3072K)
 Metaspace       used 39103K, committed 39360K, reserved 1114112K
  class space    used 4733K, committed 4864K, reserved 1048576K
}
Event: 3.040 GC heap after
{Heap after GC invocations=9 (full 0):
 garbage-first heap   total 38912K, used 18710K [0x0000000084e00000, 0x0000000100000000)
  region size 1024K, 1 young (1024K), 1 survivors (1024K)
 Metaspace       used 39103K, committed 39360K, reserved 1114112K
  class space    used 4733K, committed 4864K, reserved 1048576K
}
Event: 3.339 GC heap before
{Heap before GC invocations=9 (full 0):
 garbage-first heap   total 38912K, used 32022K [0x0000000084e00000, 0x0000000100000000)
  region size 1024K, 14 young (14336K), 1 survivors (1024K)
 Metaspace       used 42350K, committed 42624K, reserved 1114112K
  class space    used 5074K, committed 5184K, reserved 1048576K
}
Event: 3.344 GC heap after
{Heap after GC invocations=10 (full 0):
 garbage-first heap   total 63488K, used 20179K [0x0000000084e00000, 0x0000000100000000)
  region size 1024K, 2 young (2048K), 2 survivors (2048K)
 Metaspace       used 42350K, committed 42624K, reserved 1114112K
  class space    used 5074K, committed 5184K, reserved 1048576K
}
Event: 4.197 GC heap before
{Heap before GC invocations=10 (full 0):
 garbage-first heap   total 63488K, used 49875K [0x0000000084e00000, 0x0000000100000000)
  region size 1024K, 32 young (32768K), 2 survivors (2048K)
 Metaspace       used 48904K, committed 49152K, reserved 1114112K
  class space    used 5737K, committed 5888K, reserved 1048576K
}
Event: 4.203 GC heap after
{Heap after GC invocations=11 (full 0):
 garbage-first heap   total 63488K, used 23071K [0x0000000084e00000, 0x0000000100000000)
  region size 1024K, 4 young (4096K), 4 survivors (4096K)
 Metaspace       used 48904K, committed 49152K, reserved 1114112K
  class space    used 5737K, committed 5888K, reserved 1048576K
}
Event: 4.321 GC heap before
{Heap before GC invocations=11 (full 0):
 garbage-first heap   total 63488K, used 53791K [0x0000000084e00000, 0x0000000100000000)
  region size 1024K, 34 young (34816K), 4 survivors (4096K)
 Metaspace       used 49331K, committed 49600K, reserved 1114112K
  class space    used 5756K, committed 5888K, reserved 1048576K
}
Event: 4.335 GC heap after
{Heap after GC invocations=12 (full 0):
 garbage-first heap   total 69632K, used 34662K [0x0000000084e00000, 0x0000000100000000)
  region size 1024K, 5 young (5120K), 5 survivors (5120K)
 Metaspace       used 49331K, committed 49600K, reserved 1114112K
  class space    used 5756K, committed 5888K, reserved 1048576K
}
Event: 4.809 GC heap before
{Heap before GC invocations=12 (full 0):
 garbage-first heap   total 69632K, used 56166K [0x0000000084e00000, 0x0000000100000000)
  region size 1024K, 26 young (26624K), 5 survivors (5120K)
 Metaspace       used 53164K, committed 53376K, reserved 1114112K
  class space    used 6208K, committed 6336K, reserved 1048576K
}
Event: 4.818 GC heap after
{Heap after GC invocations=13 (full 0):
 garbage-first heap   total 69632K, used 38709K [0x0000000084e00000, 0x0000000100000000)
  region size 1024K, 4 young (4096K), 4 survivors (4096K)
 Metaspace       used 53164K, committed 53376K, reserved 1114112K
  class space    used 6208K, committed 6336K, reserved 1048576K
}
Event: 5.241 GC heap before
{Heap before GC invocations=13 (full 0):
 garbage-first heap   total 69632K, used 57141K [0x0000000084e00000, 0x0000000100000000)
  region size 1024K, 23 young (23552K), 4 survivors (4096K)
 Metaspace       used 55235K, committed 55488K, reserved 1114112K
  class space    used 6454K, committed 6592K, reserved 1048576K
}
Event: 5.251 GC heap after
{Heap after GC invocations=14 (full 0):
 garbage-first heap   total 69632K, used 42342K [0x0000000084e00000, 0x0000000100000000)
  region size 1024K, 3 young (3072K), 3 survivors (3072K)
 Metaspace       used 55235K, committed 55488K, reserved 1114112K
  class space    used 6454K, committed 6592K, reserved 1048576K
}
Event: 5.458 GC heap before
{Heap before GC invocations=15 (full 0):
 garbage-first heap   total 71680K, used 58726K [0x0000000084e00000, 0x0000000100000000)
  region size 1024K, 19 young (19456K), 3 survivors (3072K)
 Metaspace       used 55696K, committed 56000K, reserved 1114112K
  class space    used 6513K, committed 6656K, reserved 1048576K
}

