# JRE version: OpenJDK Runtime Environment (21.0.8) (build 21.0.8+-14196175-b1038.72)
# Java VM: OpenJDK 64-Bit Server VM (21.0.8+-14196175-b1038.72, mixed mode, tiered, compressed oops, compressed class ptrs, g1 gc, windows-amd64)
GC Precious Log:
 CardTable entry size: 512
 Card Set container configuration: InlinePtr #cards 5 size 8 Array Of Cards #cards 12 size 40 Howl #buckets 4 coarsen threshold 1843 Howl Bitmap #cards 512 size 80 coarsen threshold 460 Card regions per heap region 1 cards per card region 2048
 CPUs: 28 total, 28 available
 Memory: 7878M
 Large Page Support: Disabled
 NUMA Support: Disabled
 Compressed Oops: Enabled (32-bit)
 Heap Region Size: 1M
 Heap Min Capacity: 8M
 Heap Initial Capacity: 124M
 Heap Max Capacity: 1970M
 Pre-touch: Disabled
 Parallel Workers: 20
 Concurrent Workers: 5
 Concurrent Refinement Workers: 20
 Periodic GC: Disabled
Heap:
 garbage-first heap   total 53248K, used 33528K [0x0000000084e00000, 0x0000000100000000)
  region size 1024K, 2 young (2048K), 2 survivors (2048K)
 Metaspace       used 48370K, committed 48576K, reserved 1114112K
  class space    used 5589K, committed 5696K, reserved 1048576K
GC Heap History (20 events):
Event: 3.564 GC heap after
{Heap after GC invocations=2 (full 0):
 garbage-first heap   total 126976K, used 7221K [0x0000000084e00000, 0x0000000100000000)
  region size 1024K, 2 young (2048K), 2 survivors (2048K)
 Metaspace       used 21315K, committed 21504K, reserved 1114112K
  class space    used 2201K, committed 2304K, reserved 1048576K
}
Event: 3.704 GC heap before
{Heap before GC invocations=3 (full 0):
 garbage-first heap   total 27648K, used 26677K [0x0000000084e00000, 0x0000000100000000)
  region size 1024K, 21 young (21504K), 2 survivors (2048K)
 Metaspace       used 24085K, committed 24320K, reserved 1114112K
  class space    used 2561K, committed 2688K, reserved 1048576K
}
Event: 3.710 GC heap after
{Heap after GC invocations=4 (full 0):
 garbage-first heap   total 34816K, used 12375K [0x0000000084e00000, 0x0000000100000000)
  region size 1024K, 7 young (7168K), 7 survivors (7168K)
 Metaspace       used 24085K, committed 24320K, reserved 1114112K
  class space    used 2561K, committed 2688K, reserved 1048576K
}
Event: 3.784 GC heap before
{Heap before GC invocations=4 (full 0):
 garbage-first heap   total 34816K, used 23639K [0x0000000084e00000, 0x0000000100000000)
  region size 1024K, 18 young (18432K), 7 survivors (7168K)
 Metaspace       used 26867K, committed 27136K, reserved 1114112K
  class space    used 2877K, committed 3008K, reserved 1048576K
}
Event: 3.788 GC heap after
{Heap after GC invocations=5 (full 0):
 garbage-first heap   total 34816K, used 13095K [0x0000000084e00000, 0x0000000100000000)
  region size 1024K, 1 young (1024K), 1 survivors (1024K)
 Metaspace       used 26867K, committed 27136K, reserved 1114112K
  class space    used 2877K, committed 3008K, reserved 1048576K
}
Event: 3.923 GC heap before
{Heap before GC invocations=5 (full 0):
 garbage-first heap   total 34816K, used 27431K [0x0000000084e00000, 0x0000000100000000)
  region size 1024K, 16 young (16384K), 1 survivors (1024K)
 Metaspace       used 30939K, committed 31168K, reserved 1114112K
  class space    used 3790K, committed 3904K, reserved 1048576K
}
Event: 3.925 GC heap after
{Heap after GC invocations=6 (full 0):
 garbage-first heap   total 34816K, used 15098K [0x0000000084e00000, 0x0000000100000000)
  region size 1024K, 2 young (2048K), 2 survivors (2048K)
 Metaspace       used 30939K, committed 31168K, reserved 1114112K
  class space    used 3790K, committed 3904K, reserved 1048576K
}
Event: 4.006 GC heap before
{Heap before GC invocations=6 (full 0):
 garbage-first heap   total 34816K, used 28410K [0x0000000084e00000, 0x0000000100000000)
  region size 1024K, 15 young (15360K), 2 survivors (2048K)
 Metaspace       used 33833K, committed 34048K, reserved 1114112K
  class space    used 4091K, committed 4224K, reserved 1048576K
}
Event: 4.009 GC heap after
{Heap after GC invocations=7 (full 0):
 garbage-first heap   total 34816K, used 16005K [0x0000000084e00000, 0x0000000100000000)
  region size 1024K, 1 young (1024K), 1 survivors (1024K)
 Metaspace       used 33833K, committed 34048K, reserved 1114112K
  class space    used 4091K, committed 4224K, reserved 1048576K
}
Event: 4.069 GC heap before
{Heap before GC invocations=7 (full 0):
 garbage-first heap   total 34816K, used 23173K [0x0000000084e00000, 0x0000000100000000)
  region size 1024K, 9 young (9216K), 1 survivors (1024K)
 Metaspace       used 35773K, committed 35968K, reserved 1114112K
  class space    used 4307K, committed 4416K, reserved 1048576K
}
Event: 4.072 GC heap after
{Heap after GC invocations=8 (full 0):
 garbage-first heap   total 46080K, used 16230K [0x0000000084e00000, 0x0000000100000000)
  region size 1024K, 1 young (1024K), 1 survivors (1024K)
 Metaspace       used 35773K, committed 35968K, reserved 1114112K
  class space    used 4307K, committed 4416K, reserved 1048576K
}
Event: 4.608 GC heap before
{Heap before GC invocations=9 (full 0):
 garbage-first heap   total 46080K, used 37734K [0x0000000084e00000, 0x0000000100000000)
  region size 1024K, 23 young (23552K), 1 survivors (1024K)
 Metaspace       used 41410K, committed 41664K, reserved 1114112K
  class space    used 4853K, committed 4928K, reserved 1048576K
}
Event: 4.613 GC heap after
{Heap after GC invocations=10 (full 0):
 garbage-first heap   total 46080K, used 18373K [0x0000000084e00000, 0x0000000100000000)
  region size 1024K, 3 young (3072K), 3 survivors (3072K)
 Metaspace       used 41410K, committed 41664K, reserved 1114112K
  class space    used 4853K, committed 4928K, reserved 1048576K
}
Event: 4.810 GC heap before
{Heap before GC invocations=10 (full 0):
 garbage-first heap   total 46080K, used 37829K [0x0000000084e00000, 0x0000000100000000)
  region size 1024K, 22 young (22528K), 3 survivors (3072K)
 Metaspace       used 45636K, committed 45952K, reserved 1114112K
  class space    used 5302K, committed 5440K, reserved 1048576K
}
Event: 4.816 GC heap after
{Heap after GC invocations=11 (full 0):
 garbage-first heap   total 46080K, used 19812K [0x0000000084e00000, 0x0000000100000000)
  region size 1024K, 2 young (2048K), 2 survivors (2048K)
 Metaspace       used 45636K, committed 45952K, reserved 1114112K
  class space    used 5302K, committed 5440K, reserved 1048576K
}
Event: 4.959 GC heap before
{Heap before GC invocations=11 (full 0):
 garbage-first heap   total 46080K, used 39268K [0x0000000084e00000, 0x0000000100000000)
  region size 1024K, 21 young (21504K), 2 survivors (2048K)
 Metaspace       used 46978K, committed 47296K, reserved 1114112K
  class space    used 5442K, committed 5568K, reserved 1048576K
}
Event: 4.965 GC heap after
{Heap after GC invocations=12 (full 0):
 garbage-first heap   total 48128K, used 26467K [0x0000000084e00000, 0x0000000100000000)
  region size 1024K, 3 young (3072K), 3 survivors (3072K)
 Metaspace       used 46978K, committed 47296K, reserved 1114112K
  class space    used 5442K, committed 5568K, reserved 1048576K
}
Event: 5.048 GC heap before
{Heap before GC invocations=12 (full 0):
 garbage-first heap   total 48128K, used 38755K [0x0000000084e00000, 0x0000000100000000)
  region size 1024K, 16 young (16384K), 3 survivors (3072K)
 Metaspace       used 47568K, committed 47808K, reserved 1114112K
  class space    used 5475K, committed 5568K, reserved 1048576K
}
Event: 5.057 GC heap after
{Heap after GC invocations=13 (full 0):
 garbage-first heap   total 48128K, used 31078K [0x0000000084e00000, 0x0000000100000000)
  region size 1024K, 2 young (2048K), 2 survivors (2048K)
 Metaspace       used 47568K, committed 47808K, reserved 1114112K
  class space    used 5475K, committed 5568K, reserved 1048576K
}
Event: 5.152 GC heap before
{Heap before GC invocations=14 (full 0):
 garbage-first heap   total 53248K, used 40294K [0x0000000084e00000, 0x0000000100000000)
  region size 1024K, 11 young (11264K), 2 survivors (2048K)
 Metaspace       used 48370K, committed 48576K, reserved 1114112K
  class space    used 5589K, committed 5696K, reserved 1048576K
}

