# JRE version: OpenJDK Runtime Environment (21.0.8) (build 21.0.8+-14196175-b1038.72)
# Java VM: OpenJDK 64-Bit Server VM (21.0.8+-14196175-b1038.72, mixed mode, tiered, compressed oops, compressed class ptrs, g1 gc, windows-amd64)
GC Precious Log:
 CardTable entry size: 512
 Card Set container configuration: InlinePtr #cards 5 size 8 Array Of Cards #cards 12 size 40 Howl #buckets 4 coarsen threshold 1843 Howl Bitmap #cards 512 size 80 coarsen threshold 460 Card regions per heap region 1 cards per card region 2048
 CPUs: 28 total, 28 available
 Memory: 7878M
 Large Page Support: Disabled
 NUMA Support: Disabled
 Compressed Oops: Enabled (32-bit)
 Heap Region Size: 1M
 Heap Min Capacity: 8M
 Heap Initial Capacity: 124M
 Heap Max Capacity: 1970M
 Pre-touch: Disabled
 Parallel Workers: 20
 Concurrent Workers: 5
 Concurrent Refinement Workers: 20
 Periodic GC: Disabled
Heap:
 garbage-first heap   total 109568K, used 41611K [0x0000000084e00000, 0x0000000100000000)
  region size 1024K, 6 young (6144K), 2 survivors (2048K)
 Metaspace       used 50699K, committed 50880K, reserved 1114112K
  class space    used 5870K, committed 5952K, reserved 1048576K
GC Heap History (20 events):
Event: 4.587 GC heap before
{Heap before GC invocations=9 (full 0):
 garbage-first heap   total 39936K, used 31417K [0x0000000084e00000, 0x0000000100000000)
  region size 1024K, 17 young (17408K), 1 survivors (1024K)
 Metaspace       used 36701K, committed 36928K, reserved 1114112K
  class space    used 4354K, committed 4480K, reserved 1048576K
}
Event: 4.594 GC heap after
{Heap after GC invocations=10 (full 0):
 garbage-first heap   total 39936K, used 19407K [0x0000000084e00000, 0x0000000100000000)
  region size 1024K, 3 young (3072K), 3 survivors (3072K)
 Metaspace       used 36701K, committed 36928K, reserved 1114112K
  class space    used 4354K, committed 4480K, reserved 1048576K
}
Event: 5.508 GC heap before
{Heap before GC invocations=10 (full 0):
 garbage-first heap   total 39936K, used 32719K [0x0000000084e00000, 0x0000000100000000)
  region size 1024K, 16 young (16384K), 3 survivors (3072K)
 Metaspace       used 40016K, committed 40256K, reserved 1114112K
  class space    used 4697K, committed 4800K, reserved 1048576K
}
Event: 5.518 GC heap after
{Heap after GC invocations=11 (full 0):
 garbage-first heap   total 39936K, used 20984K [0x0000000084e00000, 0x0000000100000000)
  region size 1024K, 2 young (2048K), 2 survivors (2048K)
 Metaspace       used 40016K, committed 40256K, reserved 1114112K
  class space    used 4697K, committed 4800K, reserved 1048576K
}
Event: 5.763 GC heap before
{Heap before GC invocations=11 (full 0):
 garbage-first heap   total 39936K, used 33272K [0x0000000084e00000, 0x0000000100000000)
  region size 1024K, 14 young (14336K), 2 survivors (2048K)
 Metaspace       used 40470K, committed 40768K, reserved 1114112K
  class space    used 4734K, committed 4864K, reserved 1048576K
}
Event: 5.777 GC heap after
{Heap after GC invocations=12 (full 0):
 garbage-first heap   total 39936K, used 24206K [0x0000000084e00000, 0x0000000100000000)
  region size 1024K, 2 young (2048K), 2 survivors (2048K)
 Metaspace       used 40470K, committed 40768K, reserved 1114112K
  class space    used 4734K, committed 4864K, reserved 1048576K
}
Event: 6.278 GC heap before
{Heap before GC invocations=13 (full 0):
 garbage-first heap   total 40960K, used 32398K [0x0000000084e00000, 0x0000000100000000)
  region size 1024K, 11 young (11264K), 2 survivors (2048K)
 Metaspace       used 42751K, committed 42944K, reserved 1114112K
  class space    used 4984K, committed 5056K, reserved 1048576K
}
Event: 6.283 GC heap after
{Heap after GC invocations=14 (full 0):
 garbage-first heap   total 40960K, used 25171K [0x0000000084e00000, 0x0000000100000000)
  region size 1024K, 1 young (1024K), 1 survivors (1024K)
 Metaspace       used 42751K, committed 42944K, reserved 1114112K
  class space    used 4984K, committed 5056K, reserved 1048576K
}
Event: 6.621 GC heap before
{Heap before GC invocations=14 (full 0):
 garbage-first heap   total 40960K, used 35411K [0x0000000084e00000, 0x0000000100000000)
  region size 1024K, 11 young (11264K), 1 survivors (1024K)
 Metaspace       used 44620K, committed 44864K, reserved 1114112K
  class space    used 5183K, committed 5312K, reserved 1048576K
}
Event: 6.626 GC heap after
{Heap after GC invocations=15 (full 0):
 garbage-first heap   total 40960K, used 25848K [0x0000000084e00000, 0x0000000100000000)
  region size 1024K, 2 young (2048K), 2 survivors (2048K)
 Metaspace       used 44620K, committed 44864K, reserved 1114112K
  class space    used 5183K, committed 5312K, reserved 1048576K
}
Event: 6.749 GC heap before
{Heap before GC invocations=15 (full 0):
 garbage-first heap   total 40960K, used 28920K [0x0000000084e00000, 0x0000000100000000)
  region size 1024K, 6 young (6144K), 2 survivors (2048K)
 Metaspace       used 45160K, committed 45440K, reserved 1114112K
  class space    used 5236K, committed 5376K, reserved 1048576K
}
Event: 6.756 GC heap after
{Heap after GC invocations=16 (full 0):
 garbage-first heap   total 49152K, used 26991K [0x0000000084e00000, 0x0000000100000000)
  region size 1024K, 2 young (2048K), 2 survivors (2048K)
 Metaspace       used 45160K, committed 45440K, reserved 1114112K
  class space    used 5236K, committed 5376K, reserved 1048576K
}
Event: 6.823 GC heap before
{Heap before GC invocations=16 (full 0):
 garbage-first heap   total 49152K, used 42351K [0x0000000084e00000, 0x0000000100000000)
  region size 1024K, 16 young (16384K), 2 survivors (2048K)
 Metaspace       used 45250K, committed 45568K, reserved 1114112K
  class space    used 5236K, committed 5376K, reserved 1048576K
}
Event: 6.837 GC heap after
{Heap after GC invocations=17 (full 0):
 garbage-first heap   total 50176K, used 32977K [0x0000000084e00000, 0x0000000100000000)
  region size 1024K, 2 young (2048K), 2 survivors (2048K)
 Metaspace       used 45250K, committed 45568K, reserved 1114112K
  class space    used 5236K, committed 5376K, reserved 1048576K
}
Event: 6.980 GC heap before
{Heap before GC invocations=17 (full 0):
 garbage-first heap   total 50176K, used 42193K [0x0000000084e00000, 0x0000000100000000)
  region size 1024K, 11 young (11264K), 2 survivors (2048K)
 Metaspace       used 45313K, committed 45632K, reserved 1114112K
  class space    used 5236K, committed 5376K, reserved 1048576K
}
Event: 6.988 GC heap after
{Heap after GC invocations=18 (full 0):
 garbage-first heap   total 50176K, used 36864K [0x0000000084e00000, 0x0000000100000000)
  region size 1024K, 2 young (2048K), 2 survivors (2048K)
 Metaspace       used 45313K, committed 45632K, reserved 1114112K
  class space    used 5236K, committed 5376K, reserved 1048576K
}
Event: 7.205 GC heap before
{Heap before GC invocations=19 (full 0):
 garbage-first heap   total 61440K, used 43008K [0x0000000084e00000, 0x0000000100000000)
  region size 1024K, 9 young (9216K), 2 survivors (2048K)
 Metaspace       used 46478K, committed 46720K, reserved 1114112K
  class space    used 5358K, committed 5440K, reserved 1048576K
}
Event: 7.211 GC heap after
{Heap after GC invocations=20 (full 0):
 garbage-first heap   total 61440K, used 38617K [0x0000000084e00000, 0x0000000100000000)
  region size 1024K, 2 young (2048K), 2 survivors (2048K)
 Metaspace       used 46478K, committed 46720K, reserved 1114112K
  class space    used 5358K, committed 5440K, reserved 1048576K
}
Event: 7.776 GC heap before
{Heap before GC invocations=20 (full 0):
 garbage-first heap   total 61440K, used 48857K [0x0000000084e00000, 0x0000000100000000)
  region size 1024K, 13 young (13312K), 2 survivors (2048K)
 Metaspace       used 49295K, committed 49536K, reserved 1114112K
  class space    used 5677K, committed 5760K, reserved 1048576K
}
Event: 7.789 GC heap after
{Heap after GC invocations=21 (full 0):
 garbage-first heap   total 109568K, used 39563K [0x0000000084e00000, 0x0000000100000000)
  region size 1024K, 2 young (2048K), 2 survivors (2048K)
 Metaspace       used 49295K, committed 49536K, reserved 1114112K
  class space    used 5677K, committed 5760K, reserved 1048576K
}

