# JRE version: OpenJDK Runtime Environment (21.0.8) (build 21.0.8+-14196175-b1038.72)
# Java VM: OpenJDK 64-Bit Server VM (21.0.8+-14196175-b1038.72, mixed mode, tiered, compressed oops, compressed class ptrs, g1 gc, windows-amd64)
GC Precious Log:
 CardTable entry size: 512
 Card Set container configuration: InlinePtr #cards 5 size 8 Array Of Cards #cards 12 size 40 Howl #buckets 4 coarsen threshold 1843 Howl Bitmap #cards 512 size 80 coarsen threshold 460 Card regions per heap region 1 cards per card region 2048
 CPUs: 28 total, 28 available
 Memory: 7878M
 Large Page Support: Disabled
 NUMA Support: Disabled
 Compressed Oops: Enabled (32-bit)
 Heap Region Size: 1M
 Heap Min Capacity: 8M
 Heap Initial Capacity: 124M
 Heap Max Capacity: 1970M
 Pre-touch: Disabled
 Parallel Workers: 20
 Concurrent Workers: 5
 Concurrent Refinement Workers: 20
 Periodic GC: Disabled
Heap:
 garbage-first heap   total 132096K, used 53899K [0x0000000084e00000, 0x0000000100000000)
  region size 1024K, 5 young (5120K), 5 survivors (5120K)
 Metaspace       used 67370K, committed 67712K, reserved 1114112K
  class space    used 7380K, committed 7552K, reserved 1048576K
GC Heap History (20 events):
Event: 9.491 GC heap after
{Heap after GC invocations=16 (full 0):
 garbage-first heap   total 58368K, used 30984K [0x0000000084e00000, 0x0000000100000000)
  region size 1024K, 1 young (1024K), 1 survivors (1024K)
 Metaspace       used 45576K, committed 45824K, reserved 1114112K
  class space    used 5324K, committed 5440K, reserved 1048576K
}
Event: 9.495 GC heap before
{Heap before GC invocations=16 (full 0):
 garbage-first heap   total 58368K, used 32008K [0x0000000084e00000, 0x0000000100000000)
  region size 1024K, 2 young (2048K), 1 survivors (1024K)
 Metaspace       used 45576K, committed 45824K, reserved 1114112K
  class space    used 5324K, committed 5440K, reserved 1048576K
}
Event: 9.497 GC heap after
{Heap after GC invocations=17 (full 0):
 garbage-first heap   total 58368K, used 31382K [0x0000000084e00000, 0x0000000100000000)
  region size 1024K, 1 young (1024K), 1 survivors (1024K)
 Metaspace       used 45576K, committed 45824K, reserved 1114112K
  class space    used 5324K, committed 5440K, reserved 1048576K
}
Event: 9.503 GC heap before
{Heap before GC invocations=17 (full 0):
 garbage-first heap   total 58368K, used 32406K [0x0000000084e00000, 0x0000000100000000)
  region size 1024K, 2 young (2048K), 1 survivors (1024K)
 Metaspace       used 45576K, committed 45824K, reserved 1114112K
  class space    used 5324K, committed 5440K, reserved 1048576K
}
Event: 10.777 GC heap after
{Heap after GC invocations=18 (full 0):
 garbage-first heap   total 165888K, used 31795K [0x0000000084e00000, 0x0000000100000000)
  region size 1024K, 1 young (1024K), 1 survivors (1024K)
 Metaspace       used 45576K, committed 45824K, reserved 1114112K
  class space    used 5324K, committed 5440K, reserved 1048576K
}
Event: 10.916 GC heap before
{Heap before GC invocations=19 (full 0):
 garbage-first heap   total 109568K, used 37939K [0x0000000084e00000, 0x0000000100000000)
  region size 1024K, 8 young (8192K), 1 survivors (1024K)
 Metaspace       used 46204K, committed 46464K, reserved 1114112K
  class space    used 5385K, committed 5504K, reserved 1048576K
}
Event: 10.919 GC heap after
{Heap after GC invocations=20 (full 0):
 garbage-first heap   total 109568K, used 33426K [0x0000000084e00000, 0x0000000100000000)
  region size 1024K, 1 young (1024K), 1 survivors (1024K)
 Metaspace       used 46204K, committed 46464K, reserved 1114112K
  class space    used 5385K, committed 5504K, reserved 1048576K
}
Event: 10.993 GC heap before
{Heap before GC invocations=20 (full 0):
 garbage-first heap   total 109568K, used 37522K [0x0000000084e00000, 0x0000000100000000)
  region size 1024K, 5 young (5120K), 1 survivors (1024K)
 Metaspace       used 46936K, committed 47168K, reserved 1114112K
  class space    used 5479K, committed 5568K, reserved 1048576K
}
Event: 10.996 GC heap after
{Heap after GC invocations=21 (full 0):
 garbage-first heap   total 109568K, used 33436K [0x0000000084e00000, 0x0000000100000000)
  region size 1024K, 1 young (1024K), 1 survivors (1024K)
 Metaspace       used 46936K, committed 47168K, reserved 1114112K
  class space    used 5479K, committed 5568K, reserved 1048576K
}
Event: 11.060 GC heap before
{Heap before GC invocations=21 (full 0):
 garbage-first heap   total 109568K, used 37532K [0x0000000084e00000, 0x0000000100000000)
  region size 1024K, 5 young (5120K), 1 survivors (1024K)
 Metaspace       used 47926K, committed 48128K, reserved 1114112K
  class space    used 5597K, committed 5696K, reserved 1048576K
}
Event: 11.062 GC heap after
{Heap after GC invocations=22 (full 0):
 garbage-first heap   total 109568K, used 33661K [0x0000000084e00000, 0x0000000100000000)
  region size 1024K, 1 young (1024K), 1 survivors (1024K)
 Metaspace       used 47926K, committed 48128K, reserved 1114112K
  class space    used 5597K, committed 5696K, reserved 1048576K
}
Event: 11.112 GC heap before
{Heap before GC invocations=23 (full 0):
 garbage-first heap   total 109568K, used 36733K [0x0000000084e00000, 0x0000000100000000)
  region size 1024K, 5 young (5120K), 1 survivors (1024K)
 Metaspace       used 48911K, committed 49216K, reserved 1114112K
  class space    used 5690K, committed 5824K, reserved 1048576K
}
Event: 11.114 GC heap after
{Heap after GC invocations=24 (full 0):
 garbage-first heap   total 132096K, used 34162K [0x0000000084e00000, 0x0000000100000000)
  region size 1024K, 1 young (1024K), 1 survivors (1024K)
 Metaspace       used 48911K, committed 49216K, reserved 1114112K
  class space    used 5690K, committed 5824K, reserved 1048576K
}
Event: 11.212 GC heap before
{Heap before GC invocations=24 (full 0):
 garbage-first heap   total 132096K, used 38258K [0x0000000084e00000, 0x0000000100000000)
  region size 1024K, 6 young (6144K), 1 survivors (1024K)
 Metaspace       used 50054K, committed 50304K, reserved 1114112K
  class space    used 5814K, committed 5888K, reserved 1048576K
}
Event: 11.214 GC heap after
{Heap after GC invocations=25 (full 0):
 garbage-first heap   total 132096K, used 34592K [0x0000000084e00000, 0x0000000100000000)
  region size 1024K, 1 young (1024K), 1 survivors (1024K)
 Metaspace       used 50054K, committed 50304K, reserved 1114112K
  class space    used 5814K, committed 5888K, reserved 1048576K
}
Event: 11.316 GC heap before
{Heap before GC invocations=25 (full 0):
 garbage-first heap   total 132096K, used 39712K [0x0000000084e00000, 0x0000000100000000)
  region size 1024K, 6 young (6144K), 1 survivors (1024K)
 Metaspace       used 50695K, committed 50944K, reserved 1114112K
  class space    used 5891K, committed 6016K, reserved 1048576K
}
Event: 11.319 GC heap after
{Heap after GC invocations=26 (full 0):
 garbage-first heap   total 132096K, used 35552K [0x0000000084e00000, 0x0000000100000000)
  region size 1024K, 1 young (1024K), 1 survivors (1024K)
 Metaspace       used 50695K, committed 50944K, reserved 1114112K
  class space    used 5891K, committed 6016K, reserved 1048576K
}
Event: 12.487 GC heap before
{Heap before GC invocations=26 (full 0):
 garbage-first heap   total 132096K, used 101088K [0x0000000084e00000, 0x0000000100000000)
  region size 1024K, 66 young (67584K), 1 survivors (1024K)
 Metaspace       used 57604K, committed 57856K, reserved 1114112K
  class space    used 6557K, committed 6656K, reserved 1048576K
}
Event: 12.501 GC heap after
{Heap after GC invocations=27 (full 0):
 garbage-first heap   total 132096K, used 48128K [0x0000000084e00000, 0x0000000100000000)
  region size 1024K, 9 young (9216K), 9 survivors (9216K)
 Metaspace       used 57604K, committed 57856K, reserved 1114112K
  class space    used 6557K, committed 6656K, reserved 1048576K
}
Event: 13.358 GC heap before
{Heap before GC invocations=27 (full 0):
 garbage-first heap   total 132096K, used 96256K [0x0000000084e00000, 0x0000000100000000)
  region size 1024K, 56 young (57344K), 9 survivors (9216K)
 Metaspace       used 67370K, committed 67712K, reserved 1114112K
  class space    used 7380K, committed 7552K, reserved 1048576K
}

