# JRE version: OpenJDK Runtime Environment (21.0.8) (build 21.0.8+-14196175-b1038.72)
# Java VM: OpenJDK 64-Bit Server VM (21.0.8+-14196175-b1038.72, mixed mode, tiered, compressed oops, compressed class ptrs, g1 gc, windows-amd64)
GC Precious Log:
 CardTable entry size: 512
 Card Set container configuration: InlinePtr #cards 5 size 8 Array Of Cards #cards 12 size 40 Howl #buckets 4 coarsen threshold 1843 Howl Bitmap #cards 512 size 80 coarsen threshold 460 Card regions per heap region 1 cards per card region 2048
 CPUs: 28 total, 28 available
 Memory: 7878M
 Large Page Support: Disabled
 NUMA Support: Disabled
 Compressed Oops: Enabled (32-bit)
 Heap Region Size: 1M
 Heap Min Capacity: 8M
 Heap Initial Capacity: 124M
 Heap Max Capacity: 1970M
 Pre-touch: Disabled
 Parallel Workers: 20
 Concurrent Workers: 5
 Concurrent Refinement Workers: 20
 Periodic GC: Disabled
Heap:
 garbage-first heap   total 132096K, used 68127K [0x0000000084e00000, 0x0000000100000000)
  region size 1024K, 13 young (13312K), 3 survivors (3072K)
 Metaspace       used 85948K, committed 86336K, reserved 1179648K
  class space    used 9142K, committed 9344K, reserved 1048576K
GC Heap History (20 events):
Event: 4.679 GC heap before
{Heap before GC invocations=18 (full 0):
 garbage-first heap   total 68608K, used 56726K [0x0000000084e00000, 0x0000000100000000)
  region size 1024K, 19 young (19456K), 3 survivors (3072K)
 Metaspace       used 56038K, committed 56256K, reserved 1114112K
  class space    used 6544K, committed 6656K, reserved 1048576K
}
Event: 4.687 GC heap after
{Heap after GC invocations=19 (full 0):
 garbage-first heap   total 68608K, used 44514K [0x0000000084e00000, 0x0000000100000000)
  region size 1024K, 3 young (3072K), 3 survivors (3072K)
 Metaspace       used 56038K, committed 56256K, reserved 1114112K
  class space    used 6544K, committed 6656K, reserved 1048576K
}
Event: 4.954 GC heap before
{Heap before GC invocations=19 (full 0):
 garbage-first heap   total 68608K, used 58850K [0x0000000084e00000, 0x0000000100000000)
  region size 1024K, 17 young (17408K), 3 survivors (3072K)
 Metaspace       used 56842K, committed 57152K, reserved 1114112K
  class space    used 6588K, committed 6720K, reserved 1048576K
}
Event: 4.968 GC heap after
{Heap after GC invocations=20 (full 0):
 garbage-first heap   total 68608K, used 46912K [0x0000000084e00000, 0x0000000100000000)
  region size 1024K, 3 young (3072K), 3 survivors (3072K)
 Metaspace       used 56842K, committed 57152K, reserved 1114112K
  class space    used 6588K, committed 6720K, reserved 1048576K
}
Event: 5.302 GC heap before
{Heap before GC invocations=20 (full 0):
 garbage-first heap   total 68608K, used 59200K [0x0000000084e00000, 0x0000000100000000)
  region size 1024K, 15 young (15360K), 3 survivors (3072K)
 Metaspace       used 57550K, committed 57856K, reserved 1114112K
  class space    used 6631K, committed 6784K, reserved 1048576K
}
Event: 6.234 GC heap after
{Heap after GC invocations=21 (full 0):
 garbage-first heap   total 90112K, used 48698K [0x0000000084e00000, 0x0000000100000000)
  region size 1024K, 2 young (2048K), 2 survivors (2048K)
 Metaspace       used 57550K, committed 57856K, reserved 1114112K
  class space    used 6631K, committed 6784K, reserved 1048576K
}
Event: 6.305 GC heap before
{Heap before GC invocations=22 (full 0):
 garbage-first heap   total 90112K, used 49722K [0x0000000084e00000, 0x0000000100000000)
  region size 1024K, 4 young (4096K), 2 survivors (2048K)
 Metaspace       used 57672K, committed 57984K, reserved 1114112K
  class space    used 6633K, committed 6784K, reserved 1048576K
}
Event: 6.308 GC heap after
{Heap after GC invocations=23 (full 0):
 garbage-first heap   total 90112K, used 48180K [0x0000000084e00000, 0x0000000100000000)
  region size 1024K, 1 young (1024K), 1 survivors (1024K)
 Metaspace       used 57672K, committed 57984K, reserved 1114112K
  class space    used 6633K, committed 6784K, reserved 1048576K
}
Event: 6.368 GC heap before
{Heap before GC invocations=23 (full 0):
 garbage-first heap   total 90112K, used 51252K [0x0000000084e00000, 0x0000000100000000)
  region size 1024K, 4 young (4096K), 1 survivors (1024K)
 Metaspace       used 57920K, committed 58240K, reserved 1114112K
  class space    used 6642K, committed 6784K, reserved 1048576K
}
Event: 6.371 GC heap after
{Heap after GC invocations=24 (full 0):
 garbage-first heap   total 90112K, used 48026K [0x0000000084e00000, 0x0000000100000000)
  region size 1024K, 1 young (1024K), 1 survivors (1024K)
 Metaspace       used 57920K, committed 58240K, reserved 1114112K
  class space    used 6642K, committed 6784K, reserved 1048576K
}
Event: 6.437 GC heap before
{Heap before GC invocations=24 (full 0):
 garbage-first heap   total 90112K, used 51098K [0x0000000084e00000, 0x0000000100000000)
  region size 1024K, 4 young (4096K), 1 survivors (1024K)
 Metaspace       used 58014K, committed 58304K, reserved 1114112K
  class space    used 6642K, committed 6784K, reserved 1048576K
}
Event: 6.441 GC heap after
{Heap after GC invocations=25 (full 0):
 garbage-first heap   total 90112K, used 48554K [0x0000000084e00000, 0x0000000100000000)
  region size 1024K, 1 young (1024K), 1 survivors (1024K)
 Metaspace       used 58014K, committed 58304K, reserved 1114112K
  class space    used 6642K, committed 6784K, reserved 1048576K
}
Event: 7.297 GC heap before
{Heap before GC invocations=25 (full 0):
 garbage-first heap   total 90112K, used 51626K [0x0000000084e00000, 0x0000000100000000)
  region size 1024K, 4 young (4096K), 1 survivors (1024K)
 Metaspace       used 58061K, committed 58368K, reserved 1114112K
  class space    used 6643K, committed 6784K, reserved 1048576K
}
Event: 7.299 GC heap after
{Heap after GC invocations=26 (full 0):
 garbage-first heap   total 132096K, used 48754K [0x0000000084e00000, 0x0000000100000000)
  region size 1024K, 1 young (1024K), 1 survivors (1024K)
 Metaspace       used 58061K, committed 58368K, reserved 1114112K
  class space    used 6643K, committed 6784K, reserved 1048576K
}
Event: 8.088 GC heap before
{Heap before GC invocations=26 (full 0):
 garbage-first heap   total 132096K, used 85618K [0x0000000084e00000, 0x0000000100000000)
  region size 1024K, 38 young (38912K), 1 survivors (1024K)
 Metaspace       used 63791K, committed 64064K, reserved 1114112K
  class space    used 7135K, committed 7232K, reserved 1048576K
}
Event: 8.095 GC heap after
{Heap after GC invocations=27 (full 0):
 garbage-first heap   total 132096K, used 52102K [0x0000000084e00000, 0x0000000100000000)
  region size 1024K, 4 young (4096K), 4 survivors (4096K)
 Metaspace       used 63791K, committed 64064K, reserved 1114112K
  class space    used 7135K, committed 7232K, reserved 1048576K
}
Event: 11.289 GC heap before
{Heap before GC invocations=27 (full 0):
 garbage-first heap   total 132096K, used 108422K [0x0000000084e00000, 0x0000000100000000)
  region size 1024K, 60 young (61440K), 4 survivors (4096K)
 Metaspace       used 76939K, committed 77184K, reserved 1179648K
  class space    used 8350K, committed 8448K, reserved 1048576K
}
Event: 11.305 GC heap after
{Heap after GC invocations=28 (full 0):
 garbage-first heap   total 132096K, used 56321K [0x0000000084e00000, 0x0000000100000000)
  region size 1024K, 8 young (8192K), 8 survivors (8192K)
 Metaspace       used 76939K, committed 77184K, reserved 1179648K
  class space    used 8350K, committed 8448K, reserved 1048576K
}
Event: 13.826 GC heap before
{Heap before GC invocations=28 (full 0):
 garbage-first heap   total 132096K, used 86017K [0x0000000084e00000, 0x0000000100000000)
  region size 1024K, 39 young (39936K), 8 survivors (8192K)
 Metaspace       used 83826K, committed 84160K, reserved 1179648K
  class space    used 8933K, committed 9088K, reserved 1048576K
}
Event: 13.844 GC heap after
{Heap after GC invocations=29 (full 0):
 garbage-first heap   total 132096K, used 58911K [0x0000000084e00000, 0x0000000100000000)
  region size 1024K, 3 young (3072K), 3 survivors (3072K)
 Metaspace       used 83826K, committed 84160K, reserved 1179648K
  class space    used 8933K, committed 9088K, reserved 1048576K
}

