# JRE version: OpenJDK Runtime Environment (21.0.8) (build 21.0.8+-14196175-b1038.72)
# Java VM: OpenJDK 64-Bit Server VM (21.0.8+-14196175-b1038.72, mixed mode, tiered, compressed oops, compressed class ptrs, g1 gc, windows-amd64)
GC Precious Log:
 CardTable entry size: 512
 Card Set container configuration: InlinePtr #cards 5 size 8 Array Of Cards #cards 12 size 40 Howl #buckets 4 coarsen threshold 1843 Howl Bitmap #cards 512 size 80 coarsen threshold 460 Card regions per heap region 1 cards per card region 2048
 CPUs: 28 total, 28 available
 Memory: 7878M
 Large Page Support: Disabled
 NUMA Support: Disabled
 Compressed Oops: Enabled (32-bit)
 Heap Region Size: 1M
 Heap Min Capacity: 8M
 Heap Initial Capacity: 124M
 Heap Max Capacity: 1970M
 Pre-touch: Disabled
 Parallel Workers: 20
 Concurrent Workers: 5
 Concurrent Refinement Workers: 20
 Periodic GC: Disabled
Heap:
 garbage-first heap   total 81920K, used 46584K [0x0000000084e00000, 0x0000000100000000)
  region size 1024K, 8 young (8192K), 4 survivors (4096K)
 Metaspace       used 60528K, committed 60800K, reserved 1114112K
  class space    used 7204K, committed 7360K, reserved 1048576K
GC Heap History (20 events):
Event: 3.682 GC heap before
{Heap before GC invocations=10 (full 0):
 garbage-first heap   total 38912K, used 33035K [0x0000000084e00000, 0x0000000100000000)
  region size 1024K, 17 young (17408K), 2 survivors (2048K)
 Metaspace       used 40297K, committed 40512K, reserved 1114112K
  class space    used 4742K, committed 4864K, reserved 1048576K
}
Event: 3.690 GC heap after
{Heap after GC invocations=11 (full 0):
 garbage-first heap   total 38912K, used 18526K [0x0000000084e00000, 0x0000000100000000)
  region size 1024K, 3 young (3072K), 3 survivors (3072K)
 Metaspace       used 40297K, committed 40512K, reserved 1114112K
  class space    used 4742K, committed 4864K, reserved 1048576K
}
Event: 3.944 GC heap before
{Heap before GC invocations=11 (full 0):
 garbage-first heap   total 38912K, used 30814K [0x0000000084e00000, 0x0000000100000000)
  region size 1024K, 16 young (16384K), 3 survivors (3072K)
 Metaspace       used 43617K, committed 43840K, reserved 1114112K
  class space    used 5103K, committed 5184K, reserved 1048576K
}
Event: 3.950 GC heap after
{Heap after GC invocations=12 (full 0):
 garbage-first heap   total 38912K, used 19489K [0x0000000084e00000, 0x0000000100000000)
  region size 1024K, 1 young (1024K), 1 survivors (1024K)
 Metaspace       used 43617K, committed 43840K, reserved 1114112K
  class space    used 5103K, committed 5184K, reserved 1048576K
}
Event: 4.284 GC heap before
{Heap before GC invocations=12 (full 0):
 garbage-first heap   total 38912K, used 31777K [0x0000000084e00000, 0x0000000100000000)
  region size 1024K, 14 young (14336K), 1 survivors (1024K)
 Metaspace       used 46526K, committed 46720K, reserved 1114112K
  class space    used 5412K, committed 5504K, reserved 1048576K
}
Event: 4.288 GC heap after
{Heap after GC invocations=13 (full 0):
 garbage-first heap   total 38912K, used 20689K [0x0000000084e00000, 0x0000000100000000)
  region size 1024K, 2 young (2048K), 2 survivors (2048K)
 Metaspace       used 46526K, committed 46720K, reserved 1114112K
  class space    used 5412K, committed 5504K, reserved 1048576K
}
Event: 4.687 GC heap before
{Heap before GC invocations=14 (full 0):
 garbage-first heap   total 38912K, used 31953K [0x0000000084e00000, 0x0000000100000000)
  region size 1024K, 14 young (14336K), 2 survivors (2048K)
 Metaspace       used 50866K, committed 51072K, reserved 1114112K
  class space    used 6013K, committed 6080K, reserved 1048576K
}
Event: 4.694 GC heap after
{Heap after GC invocations=15 (full 0):
 garbage-first heap   total 38912K, used 21519K [0x0000000084e00000, 0x0000000100000000)
  region size 1024K, 1 young (1024K), 1 survivors (1024K)
 Metaspace       used 50866K, committed 51072K, reserved 1114112K
  class space    used 6013K, committed 6080K, reserved 1048576K
}
Event: 4.782 GC heap before
{Heap before GC invocations=15 (full 0):
 garbage-first heap   total 38912K, used 34831K [0x0000000084e00000, 0x0000000100000000)
  region size 1024K, 13 young (13312K), 1 survivors (1024K)
 Metaspace       used 51552K, committed 51840K, reserved 1114112K
  class space    used 6105K, committed 6272K, reserved 1048576K
}
Event: 4.791 GC heap after
{Heap after GC invocations=16 (full 0):
 garbage-first heap   total 49152K, used 26320K [0x0000000084e00000, 0x0000000100000000)
  region size 1024K, 2 young (2048K), 2 survivors (2048K)
 Metaspace       used 51552K, committed 51840K, reserved 1114112K
  class space    used 6105K, committed 6272K, reserved 1048576K
}
Event: 4.933 GC heap before
{Heap before GC invocations=16 (full 0):
 garbage-first heap   total 49152K, used 40656K [0x0000000084e00000, 0x0000000100000000)
  region size 1024K, 17 young (17408K), 2 survivors (2048K)
 Metaspace       used 52279K, committed 52608K, reserved 1114112K
  class space    used 6149K, committed 6272K, reserved 1048576K
}
Event: 4.941 GC heap after
{Heap after GC invocations=17 (full 0):
 garbage-first heap   total 49152K, used 31201K [0x0000000084e00000, 0x0000000100000000)
  region size 1024K, 3 young (3072K), 3 survivors (3072K)
 Metaspace       used 52279K, committed 52608K, reserved 1114112K
  class space    used 6149K, committed 6272K, reserved 1048576K
}
Event: 5.036 GC heap before
{Heap before GC invocations=18 (full 0):
 garbage-first heap   total 53248K, used 41441K [0x0000000084e00000, 0x0000000100000000)
  region size 1024K, 13 young (13312K), 3 survivors (3072K)
 Metaspace       used 52486K, committed 52736K, reserved 1114112K
  class space    used 6163K, committed 6272K, reserved 1048576K
}
Event: 5.042 GC heap after
{Heap after GC invocations=19 (full 0):
 garbage-first heap   total 53248K, used 34660K [0x0000000084e00000, 0x0000000100000000)
  region size 1024K, 2 young (2048K), 2 survivors (2048K)
 Metaspace       used 52486K, committed 52736K, reserved 1114112K
  class space    used 6163K, committed 6272K, reserved 1048576K
}
Event: 5.341 GC heap before
{Heap before GC invocations=19 (full 0):
 garbage-first heap   total 53248K, used 44900K [0x0000000084e00000, 0x0000000100000000)
  region size 1024K, 12 young (12288K), 2 survivors (2048K)
 Metaspace       used 55278K, committed 55552K, reserved 1114112K
  class space    used 6574K, committed 6720K, reserved 1048576K
}
Event: 5.348 GC heap after
{Heap after GC invocations=20 (full 0):
 garbage-first heap   total 53248K, used 35767K [0x0000000084e00000, 0x0000000100000000)
  region size 1024K, 1 young (1024K), 1 survivors (1024K)
 Metaspace       used 55278K, committed 55552K, reserved 1114112K
  class space    used 6574K, committed 6720K, reserved 1048576K
}
Event: 5.602 GC heap before
{Heap before GC invocations=20 (full 0):
 garbage-first heap   total 53248K, used 44983K [0x0000000084e00000, 0x0000000100000000)
  region size 1024K, 11 young (11264K), 1 survivors (1024K)
 Metaspace       used 57942K, committed 58176K, reserved 1114112K
  class space    used 6886K, committed 7040K, reserved 1048576K
}
Event: 5.608 GC heap after
{Heap after GC invocations=21 (full 0):
 garbage-first heap   total 81920K, used 36715K [0x0000000084e00000, 0x0000000100000000)
  region size 1024K, 2 young (2048K), 2 survivors (2048K)
 Metaspace       used 57942K, committed 58176K, reserved 1114112K
  class space    used 6886K, committed 7040K, reserved 1048576K
}
Event: 6.162 GC heap before
{Heap before GC invocations=22 (full 0):
 garbage-first heap   total 81920K, used 65387K [0x0000000084e00000, 0x0000000100000000)
  region size 1024K, 31 young (31744K), 2 survivors (2048K)
 Metaspace       used 60172K, committed 60480K, reserved 1114112K
  class space    used 7151K, committed 7296K, reserved 1048576K
}
Event: 6.182 GC heap after
{Heap after GC invocations=23 (full 0):
 garbage-first heap   total 81920K, used 43512K [0x0000000084e00000, 0x0000000100000000)
  region size 1024K, 4 young (4096K), 4 survivors (4096K)
 Metaspace       used 60172K, committed 60480K, reserved 1114112K
  class space    used 7151K, committed 7296K, reserved 1048576K
}

