# JRE version: OpenJDK Runtime Environment (21.0.8) (build 21.0.8+-14196175-b1038.72)
# Java VM: OpenJDK 64-Bit Server VM (21.0.8+-14196175-b1038.72, mixed mode, tiered, compressed oops, compressed class ptrs, g1 gc, windows-amd64)
GC Precious Log:
 CardTable entry size: 512
 Card Set container configuration: InlinePtr #cards 5 size 8 Array Of Cards #cards 12 size 40 Howl #buckets 4 coarsen threshold 1843 Howl Bitmap #cards 512 size 80 coarsen threshold 460 Card regions per heap region 1 cards per card region 2048
 CPUs: 28 total, 28 available
 Memory: 7878M
 Large Page Support: Disabled
 NUMA Support: Disabled
 Compressed Oops: Enabled (32-bit)
 Heap Region Size: 1M
 Heap Min Capacity: 8M
 Heap Initial Capacity: 124M
 Heap Max Capacity: 1970M
 Pre-touch: Disabled
 Parallel Workers: 20
 Concurrent Workers: 5
 Concurrent Refinement Workers: 20
 Periodic GC: Disabled
Heap:
 garbage-first heap   total 147456K, used 57313K [0x0000000084e00000, 0x0000000100000000)
  region size 1024K, 29 young (29696K), 15 survivors (15360K)
 Metaspace       used 59817K, committed 60096K, reserved 1114112K
  class space    used 6965K, committed 7104K, reserved 1048576K
GC Heap History (20 events):
Event: 2.834 GC heap before
{Heap before GC invocations=5 (full 0):
 garbage-first heap   total 30720K, used 25401K [0x0000000084e00000, 0x0000000100000000)
  region size 1024K, 13 young (13312K), 1 survivors (1024K)
 Metaspace       used 30509K, committed 30784K, reserved 1114112K
  class space    used 3763K, committed 3904K, reserved 1048576K
}
Event: 2.837 GC heap after
{Heap after GC invocations=6 (full 0):
 garbage-first heap   total 30720K, used 13473K [0x0000000084e00000, 0x0000000100000000)
  region size 1024K, 2 young (2048K), 2 survivors (2048K)
 Metaspace       used 30509K, committed 30784K, reserved 1114112K
  class space    used 3763K, committed 3904K, reserved 1048576K
}
Event: 3.139 GC heap before
{Heap before GC invocations=6 (full 0):
 garbage-first heap   total 30720K, used 24737K [0x0000000084e00000, 0x0000000100000000)
  region size 1024K, 13 young (13312K), 2 survivors (2048K)
 Metaspace       used 32451K, committed 32704K, reserved 1114112K
  class space    used 3970K, committed 4096K, reserved 1048576K
}
Event: 3.146 GC heap after
{Heap after GC invocations=7 (full 0):
 garbage-first heap   total 30720K, used 15477K [0x0000000084e00000, 0x0000000100000000)
  region size 1024K, 2 young (2048K), 2 survivors (2048K)
 Metaspace       used 32451K, committed 32704K, reserved 1114112K
  class space    used 3970K, committed 4096K, reserved 1048576K
}
Event: 3.415 GC heap before
{Heap before GC invocations=7 (full 0):
 garbage-first heap   total 30720K, used 24693K [0x0000000084e00000, 0x0000000100000000)
  region size 1024K, 11 young (11264K), 2 survivors (2048K)
 Metaspace       used 34387K, committed 34688K, reserved 1114112K
  class space    used 4156K, committed 4288K, reserved 1048576K
}
Event: 3.420 GC heap after
{Heap after GC invocations=8 (full 0):
 garbage-first heap   total 30720K, used 16140K [0x0000000084e00000, 0x0000000100000000)
  region size 1024K, 1 young (1024K), 1 survivors (1024K)
 Metaspace       used 34387K, committed 34688K, reserved 1114112K
  class space    used 4156K, committed 4288K, reserved 1048576K
}
Event: 3.701 GC heap before
{Heap before GC invocations=9 (full 0):
 garbage-first heap   total 30720K, used 25356K [0x0000000084e00000, 0x0000000100000000)
  region size 1024K, 10 young (10240K), 1 survivors (1024K)
 Metaspace       used 36007K, committed 36224K, reserved 1114112K
  class space    used 4331K, committed 4416K, reserved 1048576K
}
Event: 4.608 GC heap after
{Heap after GC invocations=10 (full 0):
 garbage-first heap   total 78848K, used 19011K [0x0000000084e00000, 0x0000000100000000)
  region size 1024K, 2 young (2048K), 2 survivors (2048K)
 Metaspace       used 36007K, committed 36224K, reserved 1114112K
  class space    used 4331K, committed 4416K, reserved 1048576K
}
Event: 4.630 GC heap before
{Heap before GC invocations=10 (full 0):
 garbage-first heap   total 78848K, used 20035K [0x0000000084e00000, 0x0000000100000000)
  region size 1024K, 3 young (3072K), 2 survivors (2048K)
 Metaspace       used 36021K, committed 36224K, reserved 1114112K
  class space    used 4331K, committed 4416K, reserved 1048576K
}
Event: 4.636 GC heap after
{Heap after GC invocations=11 (full 0):
 garbage-first heap   total 78848K, used 19636K [0x0000000084e00000, 0x0000000100000000)
  region size 1024K, 1 young (1024K), 1 survivors (1024K)
 Metaspace       used 36021K, committed 36224K, reserved 1114112K
  class space    used 4331K, committed 4416K, reserved 1048576K
}
Event: 4.722 GC heap before
{Heap before GC invocations=11 (full 0):
 garbage-first heap   total 78848K, used 21684K [0x0000000084e00000, 0x0000000100000000)
  region size 1024K, 3 young (3072K), 1 survivors (1024K)
 Metaspace       used 36222K, committed 36480K, reserved 1114112K
  class space    used 4344K, committed 4480K, reserved 1048576K
}
Event: 4.725 GC heap after
{Heap after GC invocations=12 (full 0):
 garbage-first heap   total 78848K, used 20357K [0x0000000084e00000, 0x0000000100000000)
  region size 1024K, 1 young (1024K), 1 survivors (1024K)
 Metaspace       used 36222K, committed 36480K, reserved 1114112K
  class space    used 4344K, committed 4480K, reserved 1048576K
}
Event: 4.736 GC heap before
{Heap before GC invocations=12 (full 0):
 garbage-first heap   total 78848K, used 22405K [0x0000000084e00000, 0x0000000100000000)
  region size 1024K, 3 young (3072K), 1 survivors (1024K)
 Metaspace       used 36222K, committed 36480K, reserved 1114112K
  class space    used 4344K, committed 4480K, reserved 1048576K
}
Event: 4.737 GC heap after
{Heap after GC invocations=13 (full 0):
 garbage-first heap   total 78848K, used 20438K [0x0000000084e00000, 0x0000000100000000)
  region size 1024K, 1 young (1024K), 1 survivors (1024K)
 Metaspace       used 36222K, committed 36480K, reserved 1114112K
  class space    used 4344K, committed 4480K, reserved 1048576K
}
Event: 4.776 GC heap before
{Heap before GC invocations=13 (full 0):
 garbage-first heap   total 78848K, used 21462K [0x0000000084e00000, 0x0000000100000000)
  region size 1024K, 3 young (3072K), 1 survivors (1024K)
 Metaspace       used 36724K, committed 36992K, reserved 1114112K
  class space    used 4354K, committed 4480K, reserved 1048576K
}
Event: 4.778 GC heap after
{Heap after GC invocations=14 (full 0):
 garbage-first heap   total 236544K, used 20392K [0x0000000084e00000, 0x0000000100000000)
  region size 1024K, 1 young (1024K), 1 survivors (1024K)
 Metaspace       used 36724K, committed 36992K, reserved 1114112K
  class space    used 4354K, committed 4480K, reserved 1048576K
}
Event: 5.569 GC heap before
{Heap before GC invocations=14 (full 0):
 garbage-first heap   total 236544K, used 40872K [0x0000000084e00000, 0x0000000100000000)
  region size 1024K, 22 young (22528K), 1 survivors (1024K)
 Metaspace       used 40217K, committed 40384K, reserved 1114112K
  class space    used 4697K, committed 4800K, reserved 1048576K
}
Event: 5.578 GC heap after
{Heap after GC invocations=15 (full 0):
 garbage-first heap   total 236544K, used 24215K [0x0000000084e00000, 0x0000000100000000)
  region size 1024K, 3 young (3072K), 3 survivors (3072K)
 Metaspace       used 40217K, committed 40384K, reserved 1114112K
  class space    used 4697K, committed 4800K, reserved 1048576K
}
Event: 11.087 GC heap before
{Heap before GC invocations=15 (full 0):
 garbage-first heap   total 236544K, used 131735K [0x0000000084e00000, 0x0000000100000000)
  region size 1024K, 109 young (111616K), 3 survivors (3072K)
 Metaspace       used 57580K, committed 57856K, reserved 1114112K
  class space    used 6654K, committed 6784K, reserved 1048576K
}
Event: 11.111 GC heap after
{Heap after GC invocations=16 (full 0):
 garbage-first heap   total 236544K, used 44001K [0x0000000084e00000, 0x0000000100000000)
  region size 1024K, 15 young (15360K), 15 survivors (15360K)
 Metaspace       used 57580K, committed 57856K, reserved 1114112K
  class space    used 6654K, committed 6784K, reserved 1048576K
}

