# JRE version: OpenJDK Runtime Environment (21.0.8) (build 21.0.8+-14196175-b1038.72)
# Java VM: OpenJDK 64-Bit Server VM (21.0.8+-14196175-b1038.72, mixed mode, tiered, compressed oops, compressed class ptrs, g1 gc, windows-amd64)
GC Precious Log:
 CardTable entry size: 512
 Card Set container configuration: InlinePtr #cards 5 size 8 Array Of Cards #cards 12 size 40 Howl #buckets 4 coarsen threshold 1843 Howl Bitmap #cards 512 size 80 coarsen threshold 460 Card regions per heap region 1 cards per card region 2048
 CPUs: 28 total, 28 available
 Memory: 7878M
 Large Page Support: Disabled
 NUMA Support: Disabled
 Compressed Oops: Enabled (32-bit)
 Heap Region Size: 1M
 Heap Min Capacity: 8M
 Heap Initial Capacity: 124M
 Heap Max Capacity: 1970M
 Pre-touch: Disabled
 Parallel Workers: 20
 Concurrent Workers: 5
 Concurrent Refinement Workers: 20
 Periodic GC: Disabled
Heap:
 garbage-first heap   total 38912K, used 24870K [0x0000000084e00000, 0x0000000100000000)
  region size 1024K, 6 young (6144K), 1 survivors (1024K)
 Metaspace       used 49640K, committed 49920K, reserved 1114112K
  class space    used 5862K, committed 5952K, reserved 1048576K
GC Heap History (20 events):
Event: 1.540 GC heap before
{Heap before GC invocations=1 (full 0):
 garbage-first heap   total 126976K, used 24656K [0x0000000084e00000, 0x0000000100000000)
  region size 1024K, 23 young (23552K), 3 survivors (3072K)
 Metaspace       used 21304K, committed 21504K, reserved 1114112K
  class space    used 2197K, committed 2304K, reserved 1048576K
}
Event: 1.546 GC heap after
{Heap after GC invocations=2 (full 0):
 garbage-first heap   total 126976K, used 7087K [0x0000000084e00000, 0x0000000100000000)
  region size 1024K, 1 young (1024K), 1 survivors (1024K)
 Metaspace       used 21304K, committed 21504K, reserved 1114112K
  class space    used 2197K, committed 2304K, reserved 1048576K
}
Event: 2.000 GC heap before
{Heap before GC invocations=3 (full 0):
 garbage-first heap   total 24576K, used 24495K [0x0000000084e00000, 0x0000000100000000)
  region size 1024K, 18 young (18432K), 1 survivors (1024K)
 Metaspace       used 23173K, committed 23360K, reserved 1114112K
  class space    used 2462K, committed 2560K, reserved 1048576K
}
Event: 2.015 GC heap after
{Heap after GC invocations=4 (full 0):
 garbage-first heap   total 31744K, used 13182K [0x0000000084e00000, 0x0000000100000000)
  region size 1024K, 7 young (7168K), 7 survivors (7168K)
 Metaspace       used 23173K, committed 23360K, reserved 1114112K
  class space    used 2462K, committed 2560K, reserved 1048576K
}
Event: 2.301 GC heap before
{Heap before GC invocations=4 (full 0):
 garbage-first heap   total 31744K, used 21374K [0x0000000084e00000, 0x0000000100000000)
  region size 1024K, 15 young (15360K), 7 survivors (7168K)
 Metaspace       used 25553K, committed 25792K, reserved 1114112K
  class space    used 2700K, committed 2816K, reserved 1048576K
}
Event: 2.307 GC heap after
{Heap after GC invocations=5 (full 0):
 garbage-first heap   total 31744K, used 14008K [0x0000000084e00000, 0x0000000100000000)
  region size 1024K, 1 young (1024K), 1 survivors (1024K)
 Metaspace       used 25553K, committed 25792K, reserved 1114112K
  class space    used 2700K, committed 2816K, reserved 1048576K
}
Event: 2.636 GC heap before
{Heap before GC invocations=5 (full 0):
 garbage-first heap   total 31744K, used 25272K [0x0000000084e00000, 0x0000000100000000)
  region size 1024K, 12 young (12288K), 1 survivors (1024K)
 Metaspace       used 29574K, committed 29824K, reserved 1114112K
  class space    used 3665K, committed 3776K, reserved 1048576K
}
Event: 2.640 GC heap after
{Heap after GC invocations=6 (full 0):
 garbage-first heap   total 31744K, used 14181K [0x0000000084e00000, 0x0000000100000000)
  region size 1024K, 2 young (2048K), 2 survivors (2048K)
 Metaspace       used 29574K, committed 29824K, reserved 1114112K
  class space    used 3665K, committed 3776K, reserved 1048576K
}
Event: 2.961 GC heap before
{Heap before GC invocations=6 (full 0):
 garbage-first heap   total 31744K, used 24421K [0x0000000084e00000, 0x0000000100000000)
  region size 1024K, 13 young (13312K), 2 survivors (2048K)
 Metaspace       used 31492K, committed 31744K, reserved 1114112K
  class space    used 3854K, committed 3968K, reserved 1048576K
}
Event: 2.965 GC heap after
{Heap after GC invocations=7 (full 0):
 garbage-first heap   total 31744K, used 16240K [0x0000000084e00000, 0x0000000100000000)
  region size 1024K, 2 young (2048K), 2 survivors (2048K)
 Metaspace       used 31492K, committed 31744K, reserved 1114112K
  class space    used 3854K, committed 3968K, reserved 1048576K
}
Event: 3.258 GC heap before
{Heap before GC invocations=7 (full 0):
 garbage-first heap   total 31744K, used 25456K [0x0000000084e00000, 0x0000000100000000)
  region size 1024K, 12 young (12288K), 2 survivors (2048K)
 Metaspace       used 33690K, committed 33984K, reserved 1114112K
  class space    used 4084K, committed 4224K, reserved 1048576K
}
Event: 3.262 GC heap after
{Heap after GC invocations=8 (full 0):
 garbage-first heap   total 38912K, used 16626K [0x0000000084e00000, 0x0000000100000000)
  region size 1024K, 1 young (1024K), 1 survivors (1024K)
 Metaspace       used 33690K, committed 33984K, reserved 1114112K
  class space    used 4084K, committed 4224K, reserved 1048576K
}
Event: 4.765 GC heap before
{Heap before GC invocations=9 (full 0):
 garbage-first heap   total 38912K, used 31986K [0x0000000084e00000, 0x0000000100000000)
  region size 1024K, 16 young (16384K), 1 survivors (1024K)
 Metaspace       used 37865K, committed 38080K, reserved 1114112K
  class space    used 4512K, committed 4608K, reserved 1048576K
}
Event: 4.771 GC heap after
{Heap after GC invocations=10 (full 0):
 garbage-first heap   total 38912K, used 17660K [0x0000000084e00000, 0x0000000100000000)
  region size 1024K, 2 young (2048K), 2 survivors (2048K)
 Metaspace       used 37865K, committed 38080K, reserved 1114112K
  class space    used 4512K, committed 4608K, reserved 1048576K
}
Event: 5.247 GC heap before
{Heap before GC invocations=10 (full 0):
 garbage-first heap   total 38912K, used 31996K [0x0000000084e00000, 0x0000000100000000)
  region size 1024K, 17 young (17408K), 2 survivors (2048K)
 Metaspace       used 41477K, committed 41728K, reserved 1114112K
  class space    used 4861K, committed 4992K, reserved 1048576K
}
Event: 5.255 GC heap after
{Heap after GC invocations=11 (full 0):
 garbage-first heap   total 38912K, used 18597K [0x0000000084e00000, 0x0000000100000000)
  region size 1024K, 3 young (3072K), 3 survivors (3072K)
 Metaspace       used 41477K, committed 41728K, reserved 1114112K
  class space    used 4861K, committed 4992K, reserved 1048576K
}
Event: 5.628 GC heap before
{Heap before GC invocations=11 (full 0):
 garbage-first heap   total 38912K, used 30885K [0x0000000084e00000, 0x0000000100000000)
  region size 1024K, 16 young (16384K), 3 survivors (3072K)
 Metaspace       used 44304K, committed 44544K, reserved 1114112K
  class space    used 5191K, committed 5312K, reserved 1048576K
}
Event: 5.636 GC heap after
{Heap after GC invocations=12 (full 0):
 garbage-first heap   total 38912K, used 20133K [0x0000000084e00000, 0x0000000100000000)
  region size 1024K, 2 young (2048K), 2 survivors (2048K)
 Metaspace       used 44304K, committed 44544K, reserved 1114112K
  class space    used 5191K, committed 5312K, reserved 1048576K
}
Event: 6.019 GC heap before
{Heap before GC invocations=12 (full 0):
 garbage-first heap   total 38912K, used 31397K [0x0000000084e00000, 0x0000000100000000)
  region size 1024K, 14 young (14336K), 2 survivors (2048K)
 Metaspace       used 48105K, committed 48256K, reserved 1114112K
  class space    used 5625K, committed 5696K, reserved 1048576K
}
Event: 6.026 GC heap after
{Heap after GC invocations=13 (full 0):
 garbage-first heap   total 38912K, used 20774K [0x0000000084e00000, 0x0000000100000000)
  region size 1024K, 1 young (1024K), 1 survivors (1024K)
 Metaspace       used 48105K, committed 48256K, reserved 1114112K
  class space    used 5625K, committed 5696K, reserved 1048576K
}

