# JRE version: OpenJDK Runtime Environment (21.0.8) (build 21.0.8+-14196175-b1038.72)
# Java VM: OpenJDK 64-Bit Server VM (21.0.8+-14196175-b1038.72, mixed mode, tiered, compressed oops, compressed class ptrs, g1 gc, windows-amd64)
GC Precious Log:
 CardTable entry size: 512
 Card Set container configuration: InlinePtr #cards 5 size 8 Array Of Cards #cards 12 size 40 Howl #buckets 4 coarsen threshold 1843 Howl Bitmap #cards 512 size 80 coarsen threshold 460 Card regions per heap region 1 cards per card region 2048
 CPUs: 28 total, 28 available
 Memory: 7878M
 Large Page Support: Disabled
 NUMA Support: Disabled
 Compressed Oops: Enabled (32-bit)
 Heap Region Size: 1M
 Heap Min Capacity: 8M
 Heap Initial Capacity: 124M
 Heap Max Capacity: 1970M
 Pre-touch: Disabled
 Parallel Workers: 20
 Concurrent Workers: 5
 Concurrent Refinement Workers: 20
 Periodic GC: Disabled
Heap:
 garbage-first heap   total 78848K, used 53784K [0x0000000084e00000, 0x0000000100000000)
  region size 1024K, 8 young (8192K), 3 survivors (3072K)
 Metaspace       used 63650K, committed 64000K, reserved 1114112K
  class space    used 7121K, committed 7296K, reserved 1048576K
GC Heap History (20 events):
Event: 4.630 GC heap before
{Heap before GC invocations=11 (full 0):
 garbage-first heap   total 41984K, used 35681K [0x0000000084e00000, 0x0000000100000000)
  region size 1024K, 18 young (18432K), 3 survivors (3072K)
 Metaspace       used 45473K, committed 45760K, reserved 1114112K
  class space    used 5322K, committed 5440K, reserved 1048576K
}
Event: 4.638 GC heap after
{Heap after GC invocations=12 (full 0):
 garbage-first heap   total 43008K, used 24323K [0x0000000084e00000, 0x0000000100000000)
  region size 1024K, 3 young (3072K), 3 survivors (3072K)
 Metaspace       used 45473K, committed 45760K, reserved 1114112K
  class space    used 5322K, committed 5440K, reserved 1048576K
}
Event: 4.687 GC heap before
{Heap before GC invocations=12 (full 0):
 garbage-first heap   total 43008K, used 35587K [0x0000000084e00000, 0x0000000100000000)
  region size 1024K, 15 young (15360K), 3 survivors (3072K)
 Metaspace       used 45549K, committed 45824K, reserved 1114112K
  class space    used 5322K, committed 5440K, reserved 1048576K
}
Event: 4.697 GC heap after
{Heap after GC invocations=13 (full 0):
 garbage-first heap   total 56320K, used 29030K [0x0000000084e00000, 0x0000000100000000)
  region size 1024K, 2 young (2048K), 2 survivors (2048K)
 Metaspace       used 45549K, committed 45824K, reserved 1114112K
  class space    used 5322K, committed 5440K, reserved 1048576K
}
Event: 5.062 GC heap before
{Heap before GC invocations=14 (full 0):
 garbage-first heap   total 56320K, used 44390K [0x0000000084e00000, 0x0000000100000000)
  region size 1024K, 17 young (17408K), 2 survivors (2048K)
 Metaspace       used 46825K, committed 47040K, reserved 1114112K
  class space    used 5459K, committed 5568K, reserved 1048576K
}
Event: 5.070 GC heap after
{Heap after GC invocations=15 (full 0):
 garbage-first heap   total 56320K, used 33065K [0x0000000084e00000, 0x0000000100000000)
  region size 1024K, 3 young (3072K), 3 survivors (3072K)
 Metaspace       used 46825K, committed 47040K, reserved 1114112K
  class space    used 5459K, committed 5568K, reserved 1048576K
}
Event: 5.438 GC heap before
{Heap before GC invocations=15 (full 0):
 garbage-first heap   total 56320K, used 46377K [0x0000000084e00000, 0x0000000100000000)
  region size 1024K, 16 young (16384K), 3 survivors (3072K)
 Metaspace       used 49986K, committed 50240K, reserved 1114112K
  class space    used 5802K, committed 5888K, reserved 1048576K
}
Event: 5.447 GC heap after
{Heap after GC invocations=16 (full 0):
 garbage-first heap   total 56320K, used 34508K [0x0000000084e00000, 0x0000000100000000)
  region size 1024K, 2 young (2048K), 2 survivors (2048K)
 Metaspace       used 49986K, committed 50240K, reserved 1114112K
  class space    used 5802K, committed 5888K, reserved 1048576K
}
Event: 5.931 GC heap before
{Heap before GC invocations=16 (full 0):
 garbage-first heap   total 56320K, used 46796K [0x0000000084e00000, 0x0000000100000000)
  region size 1024K, 14 young (14336K), 2 survivors (2048K)
 Metaspace       used 52052K, committed 52352K, reserved 1114112K
  class space    used 6088K, committed 6208K, reserved 1048576K
}
Event: 5.937 GC heap after
{Heap after GC invocations=17 (full 0):
 garbage-first heap   total 56320K, used 36710K [0x0000000084e00000, 0x0000000100000000)
  region size 1024K, 2 young (2048K), 2 survivors (2048K)
 Metaspace       used 52052K, committed 52352K, reserved 1114112K
  class space    used 6088K, committed 6208K, reserved 1048576K
}
Event: 6.248 GC heap before
{Heap before GC invocations=18 (full 0):
 garbage-first heap   total 61440K, used 48998K [0x0000000084e00000, 0x0000000100000000)
  region size 1024K, 14 young (14336K), 2 survivors (2048K)
 Metaspace       used 52585K, committed 52864K, reserved 1114112K
  class space    used 6136K, committed 6272K, reserved 1048576K
}
Event: 6.256 GC heap after
{Heap after GC invocations=19 (full 0):
 garbage-first heap   total 73728K, used 40123K [0x0000000084e00000, 0x0000000100000000)
  region size 1024K, 2 young (2048K), 2 survivors (2048K)
 Metaspace       used 52585K, committed 52864K, reserved 1114112K
  class space    used 6136K, committed 6272K, reserved 1048576K
}
Event: 6.914 GC heap before
{Heap before GC invocations=19 (full 0):
 garbage-first heap   total 73728K, used 59579K [0x0000000084e00000, 0x0000000100000000)
  region size 1024K, 22 young (22528K), 2 survivors (2048K)
 Metaspace       used 53944K, committed 54208K, reserved 1114112K
  class space    used 6215K, committed 6336K, reserved 1048576K
}
Event: 6.931 GC heap after
{Heap after GC invocations=20 (full 0):
 garbage-first heap   total 73728K, used 44156K [0x0000000084e00000, 0x0000000100000000)
  region size 1024K, 3 young (3072K), 3 survivors (3072K)
 Metaspace       used 53944K, committed 54208K, reserved 1114112K
  class space    used 6215K, committed 6336K, reserved 1048576K
}
Event: 7.528 GC heap before
{Heap before GC invocations=20 (full 0):
 garbage-first heap   total 73728K, used 61564K [0x0000000084e00000, 0x0000000100000000)
  region size 1024K, 20 young (20480K), 3 survivors (3072K)
 Metaspace       used 55121K, committed 55360K, reserved 1114112K
  class space    used 6285K, committed 6400K, reserved 1048576K
}
Event: 7.538 GC heap after
{Heap after GC invocations=21 (full 0):
 garbage-first heap   total 73728K, used 47668K [0x0000000084e00000, 0x0000000100000000)
  region size 1024K, 3 young (3072K), 3 survivors (3072K)
 Metaspace       used 55121K, committed 55360K, reserved 1114112K
  class space    used 6285K, committed 6400K, reserved 1048576K
}
Event: 8.114 GC heap before
{Heap before GC invocations=22 (full 0):
 garbage-first heap   total 78848K, used 60980K [0x0000000084e00000, 0x0000000100000000)
  region size 1024K, 18 young (18432K), 3 survivors (3072K)
 Metaspace       used 58332K, committed 58624K, reserved 1114112K
  class space    used 6609K, committed 6720K, reserved 1048576K
}
Event: 8.119 GC heap after
{Heap after GC invocations=23 (full 0):
 garbage-first heap   total 78848K, used 48612K [0x0000000084e00000, 0x0000000100000000)
  region size 1024K, 2 young (2048K), 2 survivors (2048K)
 Metaspace       used 58332K, committed 58624K, reserved 1114112K
  class space    used 6609K, committed 6720K, reserved 1048576K
}
Event: 8.334 GC heap before
{Heap before GC invocations=23 (full 0):
 garbage-first heap   total 78848K, used 68068K [0x0000000084e00000, 0x0000000100000000)
  region size 1024K, 21 young (21504K), 2 survivors (2048K)
 Metaspace       used 62491K, committed 62848K, reserved 1114112K
  class space    used 6983K, committed 7168K, reserved 1048576K
}
Event: 8.339 GC heap after
{Heap after GC invocations=24 (full 0):
 garbage-first heap   total 78848K, used 49688K [0x0000000084e00000, 0x0000000100000000)
  region size 1024K, 3 young (3072K), 3 survivors (3072K)
 Metaspace       used 62491K, committed 62848K, reserved 1114112K
  class space    used 6983K, committed 7168K, reserved 1048576K
}

