# JRE version: OpenJDK Runtime Environment (21.0.8) (build 21.0.8+-14196175-b1038.72)
# Java VM: OpenJDK 64-Bit Server VM (21.0.8+-14196175-b1038.72, mixed mode, tiered, compressed oops, compressed class ptrs, g1 gc, windows-amd64)
GC Precious Log:
 CardTable entry size: 512
 Card Set container configuration: InlinePtr #cards 5 size 8 Array Of Cards #cards 12 size 40 Howl #buckets 4 coarsen threshold 1843 Howl Bitmap #cards 512 size 80 coarsen threshold 460 Card regions per heap region 1 cards per card region 2048
 CPUs: 28 total, 28 available
 Memory: 7878M
 Large Page Support: Disabled
 NUMA Support: Disabled
 Compressed Oops: Enabled (32-bit)
 Heap Region Size: 1M
 Heap Min Capacity: 8M
 Heap Initial Capacity: 124M
 Heap Max Capacity: 1970M
 Pre-touch: Disabled
 Parallel Workers: 20
 Concurrent Workers: 5
 Concurrent Refinement Workers: 20
 Periodic GC: Disabled
Heap:
 garbage-first heap   total 78848K, used 50176K [0x0000000084e00000, 0x0000000100000000)
  region size 1024K, 12 young (12288K), 2 survivors (2048K)
 Metaspace       used 54944K, committed 55168K, reserved 1114112K
  class space    used 6492K, committed 6592K, reserved 1048576K
GC Heap History (20 events):
Event: 2.772 GC heap before
{Heap before GC invocations=5 (full 0):
 garbage-first heap   total 37888K, used 29482K [0x0000000084e00000, 0x0000000100000000)
  region size 1024K, 16 young (16384K), 1 survivors (1024K)
 Metaspace       used 33351K, committed 33664K, reserved 1114112K
  class space    used 4150K, committed 4288K, reserved 1048576K
}
Event: 2.777 GC heap after
{Heap after GC invocations=6 (full 0):
 garbage-first heap   total 46080K, used 16170K [0x0000000084e00000, 0x0000000100000000)
  region size 1024K, 2 young (2048K), 2 survivors (2048K)
 Metaspace       used 33351K, committed 33664K, reserved 1114112K
  class space    used 4150K, committed 4288K, reserved 1048576K
}
Event: 2.974 GC heap before
{Heap before GC invocations=6 (full 0):
 garbage-first heap   total 46080K, used 30506K [0x0000000084e00000, 0x0000000100000000)
  region size 1024K, 17 young (17408K), 2 survivors (2048K)
 Metaspace       used 35745K, committed 35968K, reserved 1114112K
  class space    used 4396K, committed 4544K, reserved 1048576K
}
Event: 2.981 GC heap after
{Heap after GC invocations=7 (full 0):
 garbage-first heap   total 46080K, used 18267K [0x0000000084e00000, 0x0000000100000000)
  region size 1024K, 3 young (3072K), 3 survivors (3072K)
 Metaspace       used 35745K, committed 35968K, reserved 1114112K
  class space    used 4396K, committed 4544K, reserved 1048576K
}
Event: 3.369 GC heap before
{Heap before GC invocations=8 (full 0):
 garbage-first heap   total 46080K, used 35675K [0x0000000084e00000, 0x0000000100000000)
  region size 1024K, 21 young (21504K), 3 survivors (3072K)
 Metaspace       used 40788K, committed 41024K, reserved 1114112K
  class space    used 4940K, committed 5056K, reserved 1048576K
}
Event: 3.373 GC heap after
{Heap after GC invocations=9 (full 0):
 garbage-first heap   total 46080K, used 19371K [0x0000000084e00000, 0x0000000100000000)
  region size 1024K, 1 young (1024K), 1 survivors (1024K)
 Metaspace       used 40788K, committed 41024K, reserved 1114112K
  class space    used 4940K, committed 5056K, reserved 1048576K
}
Event: 4.041 GC heap before
{Heap before GC invocations=9 (full 0):
 garbage-first heap   total 46080K, used 36779K [0x0000000084e00000, 0x0000000100000000)
  region size 1024K, 19 young (19456K), 1 survivors (1024K)
 Metaspace       used 45470K, committed 45696K, reserved 1114112K
  class space    used 5416K, committed 5504K, reserved 1048576K
}
Event: 4.048 GC heap after
{Heap after GC invocations=10 (full 0):
 garbage-first heap   total 46080K, used 20437K [0x0000000084e00000, 0x0000000100000000)
  region size 1024K, 2 young (2048K), 2 survivors (2048K)
 Metaspace       used 45470K, committed 45696K, reserved 1114112K
  class space    used 5416K, committed 5504K, reserved 1048576K
}
Event: 4.445 GC heap before
{Heap before GC invocations=10 (full 0):
 garbage-first heap   total 46080K, used 38869K [0x0000000084e00000, 0x0000000100000000)
  region size 1024K, 20 young (20480K), 2 survivors (2048K)
 Metaspace       used 47921K, committed 48192K, reserved 1114112K
  class space    used 5676K, committed 5824K, reserved 1048576K
}
Event: 4.455 GC heap after
{Heap after GC invocations=11 (full 0):
 garbage-first heap   total 46080K, used 25337K [0x0000000084e00000, 0x0000000100000000)
  region size 1024K, 3 young (3072K), 3 survivors (3072K)
 Metaspace       used 47921K, committed 48192K, reserved 1114112K
  class space    used 5676K, committed 5824K, reserved 1048576K
}
Event: 4.521 GC heap before
{Heap before GC invocations=11 (full 0):
 garbage-first heap   total 46080K, used 38649K [0x0000000084e00000, 0x0000000100000000)
  region size 1024K, 16 young (16384K), 3 survivors (3072K)
 Metaspace       used 47979K, committed 48256K, reserved 1114112K
  class space    used 5676K, committed 5824K, reserved 1048576K
}
Event: 4.532 GC heap after
{Heap after GC invocations=12 (full 0):
 garbage-first heap   total 57344K, used 30533K [0x0000000084e00000, 0x0000000100000000)
  region size 1024K, 2 young (2048K), 2 survivors (2048K)
 Metaspace       used 47979K, committed 48256K, reserved 1114112K
  class space    used 5676K, committed 5824K, reserved 1048576K
}
Event: 4.797 GC heap before
{Heap before GC invocations=13 (full 0):
 garbage-first heap   total 57344K, used 45893K [0x0000000084e00000, 0x0000000100000000)
  region size 1024K, 17 young (17408K), 2 survivors (2048K)
 Metaspace       used 48910K, committed 49152K, reserved 1114112K
  class space    used 5770K, committed 5888K, reserved 1048576K
}
Event: 4.806 GC heap after
{Heap after GC invocations=14 (full 0):
 garbage-first heap   total 57344K, used 34910K [0x0000000084e00000, 0x0000000100000000)
  region size 1024K, 3 young (3072K), 3 survivors (3072K)
 Metaspace       used 48910K, committed 49152K, reserved 1114112K
  class space    used 5770K, committed 5888K, reserved 1048576K
}
Event: 5.293 GC heap before
{Heap before GC invocations=14 (full 0):
 garbage-first heap   total 57344K, used 47198K [0x0000000084e00000, 0x0000000100000000)
  region size 1024K, 15 young (15360K), 3 survivors (3072K)
 Metaspace       used 51743K, committed 52032K, reserved 1114112K
  class space    used 6084K, committed 6208K, reserved 1048576K
}
Event: 5.301 GC heap after
{Heap after GC invocations=15 (full 0):
 garbage-first heap   total 57344K, used 36324K [0x0000000084e00000, 0x0000000100000000)
  region size 1024K, 2 young (2048K), 2 survivors (2048K)
 Metaspace       used 51743K, committed 52032K, reserved 1114112K
  class space    used 6084K, committed 6208K, reserved 1048576K
}
Event: 5.814 GC heap before
{Heap before GC invocations=15 (full 0):
 garbage-first heap   total 57344K, used 48612K [0x0000000084e00000, 0x0000000100000000)
  region size 1024K, 14 young (14336K), 2 survivors (2048K)
 Metaspace       used 53896K, committed 54208K, reserved 1114112K
  class space    used 6393K, committed 6528K, reserved 1048576K
}
Event: 5.822 GC heap after
{Heap after GC invocations=16 (full 0):
 garbage-first heap   total 57344K, used 38035K [0x0000000084e00000, 0x0000000100000000)
  region size 1024K, 2 young (2048K), 2 survivors (2048K)
 Metaspace       used 53896K, committed 54208K, reserved 1114112K
  class space    used 6393K, committed 6528K, reserved 1048576K
}
Event: 6.128 GC heap before
{Heap before GC invocations=17 (full 0):
 garbage-first heap   total 65536K, used 49299K [0x0000000084e00000, 0x0000000100000000)
  region size 1024K, 13 young (13312K), 2 survivors (2048K)
 Metaspace       used 54594K, committed 54912K, reserved 1114112K
  class space    used 6462K, committed 6592K, reserved 1048576K
}
Event: 6.139 GC heap after
{Heap after GC invocations=18 (full 0):
 garbage-first heap   total 78848K, used 40960K [0x0000000084e00000, 0x0000000100000000)
  region size 1024K, 2 young (2048K), 2 survivors (2048K)
 Metaspace       used 54594K, committed 54912K, reserved 1114112K
  class space    used 6462K, committed 6592K, reserved 1048576K
}

