# JRE version: OpenJDK Runtime Environment (21.0.8) (build 21.0.8+-14196175-b1038.72)
# Java VM: OpenJDK 64-Bit Server VM (21.0.8+-14196175-b1038.72, mixed mode, tiered, compressed oops, compressed class ptrs, g1 gc, windows-amd64)
GC Precious Log:
 CardTable entry size: 512
 Card Set container configuration: InlinePtr #cards 5 size 8 Array Of Cards #cards 12 size 40 Howl #buckets 4 coarsen threshold 1843 Howl Bitmap #cards 512 size 80 coarsen threshold 460 Card regions per heap region 1 cards per card region 2048
 CPUs: 28 total, 28 available
 Memory: 7878M
 Large Page Support: Disabled
 NUMA Support: Disabled
 Compressed Oops: Enabled (32-bit)
 Heap Region Size: 1M
 Heap Min Capacity: 8M
 Heap Initial Capacity: 124M
 Heap Max Capacity: 1970M
 Pre-touch: Disabled
 Parallel Workers: 20
 Concurrent Workers: 5
 Concurrent Refinement Workers: 20
 Periodic GC: Disabled
Heap:
 garbage-first heap   total 80896K, used 53601K [0x0000000084e00000, 0x0000000100000000)
  region size 1024K, 3 young (3072K), 2 survivors (2048K)
 Metaspace       used 72027K, committed 72320K, reserved 1114112K
  class space    used 8262K, committed 8384K, reserved 1048576K
GC Heap History (20 events):
Event: 6.169 GC heap before
{Heap before GC invocations=13 (full 0):
 garbage-first heap   total 47104K, used 39726K [0x0000000084e00000, 0x0000000100000000)
  region size 1024K, 17 young (17408K), 3 survivors (3072K)
 Metaspace       used 54132K, committed 54400K, reserved 1114112K
  class space    used 6450K, committed 6528K, reserved 1048576K
}
Event: 6.182 GC heap after
{Heap after GC invocations=14 (full 0):
 garbage-first heap   total 49152K, used 30894K [0x0000000084e00000, 0x0000000100000000)
  region size 1024K, 3 young (3072K), 3 survivors (3072K)
 Metaspace       used 54132K, committed 54400K, reserved 1114112K
  class space    used 6450K, committed 6528K, reserved 1048576K
}
Event: 6.408 GC heap before
{Heap before GC invocations=15 (full 0):
 garbage-first heap   total 53248K, used 41134K [0x0000000084e00000, 0x0000000100000000)
  region size 1024K, 13 young (13312K), 3 survivors (3072K)
 Metaspace       used 54604K, committed 54848K, reserved 1114112K
  class space    used 6496K, committed 6592K, reserved 1048576K
}
Event: 6.418 GC heap after
{Heap after GC invocations=16 (full 0):
 garbage-first heap   total 64512K, used 33638K [0x0000000084e00000, 0x0000000100000000)
  region size 1024K, 2 young (2048K), 2 survivors (2048K)
 Metaspace       used 54604K, committed 54848K, reserved 1114112K
  class space    used 6496K, committed 6592K, reserved 1048576K
}
Event: 6.814 GC heap before
{Heap before GC invocations=16 (full 0):
 garbage-first heap   total 64512K, used 50022K [0x0000000084e00000, 0x0000000100000000)
  region size 1024K, 19 young (19456K), 2 survivors (2048K)
 Metaspace       used 57215K, committed 57472K, reserved 1114112K
  class space    used 6869K, committed 6976K, reserved 1048576K
}
Event: 6.825 GC heap after
{Heap after GC invocations=17 (full 0):
 garbage-first heap   total 64512K, used 37035K [0x0000000084e00000, 0x0000000100000000)
  region size 1024K, 3 young (3072K), 3 survivors (3072K)
 Metaspace       used 57215K, committed 57472K, reserved 1114112K
  class space    used 6869K, committed 6976K, reserved 1048576K
}
Event: 7.272 GC heap before
{Heap before GC invocations=17 (full 0):
 garbage-first heap   total 64512K, used 51371K [0x0000000084e00000, 0x0000000100000000)
  region size 1024K, 18 young (18432K), 3 survivors (3072K)
 Metaspace       used 60793K, committed 61120K, reserved 1114112K
  class space    used 7310K, committed 7488K, reserved 1048576K
}
Event: 7.281 GC heap after
{Heap after GC invocations=18 (full 0):
 garbage-first heap   total 64512K, used 39301K [0x0000000084e00000, 0x0000000100000000)
  region size 1024K, 2 young (2048K), 2 survivors (2048K)
 Metaspace       used 60793K, committed 61120K, reserved 1114112K
  class space    used 7310K, committed 7488K, reserved 1048576K
}
Event: 7.728 GC heap before
{Heap before GC invocations=19 (full 0):
 garbage-first heap   total 66560K, used 53637K [0x0000000084e00000, 0x0000000100000000)
  region size 1024K, 17 young (17408K), 2 survivors (2048K)
 Metaspace       used 61976K, committed 62336K, reserved 1114112K
  class space    used 7452K, committed 7616K, reserved 1048576K
}
Event: 7.739 GC heap after
{Heap after GC invocations=20 (full 0):
 garbage-first heap   total 66560K, used 42854K [0x0000000084e00000, 0x0000000100000000)
  region size 1024K, 3 young (3072K), 3 survivors (3072K)
 Metaspace       used 61976K, committed 62336K, reserved 1114112K
  class space    used 7452K, committed 7616K, reserved 1048576K
}
Event: 8.031 GC heap before
{Heap before GC invocations=20 (full 0):
 garbage-first heap   total 66560K, used 57190K [0x0000000084e00000, 0x0000000100000000)
  region size 1024K, 17 young (17408K), 3 survivors (3072K)
 Metaspace       used 62791K, committed 63040K, reserved 1114112K
  class space    used 7544K, committed 7680K, reserved 1048576K
}
Event: 8.043 GC heap after
{Heap after GC invocations=21 (full 0):
 garbage-first heap   total 80896K, used 45926K [0x0000000084e00000, 0x0000000100000000)
  region size 1024K, 3 young (3072K), 3 survivors (3072K)
 Metaspace       used 62791K, committed 63040K, reserved 1114112K
  class space    used 7544K, committed 7680K, reserved 1048576K
}
Event: 8.850 GC heap before
{Heap before GC invocations=21 (full 0):
 garbage-first heap   total 80896K, used 67430K [0x0000000084e00000, 0x0000000100000000)
  region size 1024K, 24 young (24576K), 3 survivors (3072K)
 Metaspace       used 65339K, committed 65664K, reserved 1114112K
  class space    used 7685K, committed 7872K, reserved 1048576K
}
Event: 8.860 GC heap after
{Heap after GC invocations=22 (full 0):
 garbage-first heap   total 80896K, used 48521K [0x0000000084e00000, 0x0000000100000000)
  region size 1024K, 3 young (3072K), 3 survivors (3072K)
 Metaspace       used 65339K, committed 65664K, reserved 1114112K
  class space    used 7685K, committed 7872K, reserved 1048576K
}
Event: 9.278 GC heap before
{Heap before GC invocations=23 (full 0):
 garbage-first heap   total 80896K, used 67977K [0x0000000084e00000, 0x0000000100000000)
  region size 1024K, 23 young (23552K), 3 survivors (3072K)
 Metaspace       used 65845K, committed 66176K, reserved 1114112K
  class space    used 7712K, committed 7872K, reserved 1048576K
}
Event: 9.289 GC heap after
{Heap after GC invocations=24 (full 0):
 garbage-first heap   total 80896K, used 50620K [0x0000000084e00000, 0x0000000100000000)
  region size 1024K, 3 young (3072K), 3 survivors (3072K)
 Metaspace       used 65845K, committed 66176K, reserved 1114112K
  class space    used 7712K, committed 7872K, reserved 1048576K
}
Event: 9.862 GC heap before
{Heap before GC invocations=24 (full 0):
 garbage-first heap   total 80896K, used 69052K [0x0000000084e00000, 0x0000000100000000)
  region size 1024K, 22 young (22528K), 3 survivors (3072K)
 Metaspace       used 69159K, committed 69504K, reserved 1114112K
  class space    used 8027K, committed 8192K, reserved 1048576K
}
Event: 9.870 GC heap after
{Heap after GC invocations=25 (full 0):
 garbage-first heap   total 80896K, used 52070K [0x0000000084e00000, 0x0000000100000000)
  region size 1024K, 2 young (2048K), 2 survivors (2048K)
 Metaspace       used 69159K, committed 69504K, reserved 1114112K
  class space    used 8027K, committed 8192K, reserved 1048576K
}
Event: 11.622 GC heap before
{Heap before GC invocations=25 (full 0):
 garbage-first heap   total 80896K, used 70502K [0x0000000084e00000, 0x0000000100000000)
  region size 1024K, 21 young (21504K), 2 survivors (2048K)
 Metaspace       used 71878K, committed 72192K, reserved 1114112K
  class space    used 8238K, committed 8384K, reserved 1048576K
}
Event: 11.632 GC heap after
{Heap after GC invocations=26 (full 0):
 garbage-first heap   total 80896K, used 53601K [0x0000000084e00000, 0x0000000100000000)
  region size 1024K, 2 young (2048K), 2 survivors (2048K)
 Metaspace       used 71878K, committed 72192K, reserved 1114112K
  class space    used 8238K, committed 8384K, reserved 1048576K
}

