# JRE version: OpenJDK Runtime Environment (21.0.8) (build 21.0.8+-14196175-b1038.72)
# Java VM: OpenJDK 64-Bit Server VM (21.0.8+-14196175-b1038.72, mixed mode, tiered, compressed oops, compressed class ptrs, g1 gc, windows-amd64)
GC Precious Log:
 CardTable entry size: 512
 Card Set container configuration: InlinePtr #cards 5 size 8 Array Of Cards #cards 12 size 40 Howl #buckets 4 coarsen threshold 1843 Howl Bitmap #cards 512 size 80 coarsen threshold 460 Card regions per heap region 1 cards per card region 2048
 CPUs: 28 total, 28 available
 Memory: 7878M
 Large Page Support: Disabled
 NUMA Support: Disabled
 Compressed Oops: Enabled (32-bit)
 Heap Region Size: 1M
 Heap Min Capacity: 8M
 Heap Initial Capacity: 124M
 Heap Max Capacity: 1970M
 Pre-touch: Disabled
 Parallel Workers: 20
 Concurrent Workers: 5
 Concurrent Refinement Workers: 20
 Periodic GC: Disabled
Heap:
 garbage-first heap   total 116736K, used 55416K [0x0000000084e00000, 0x0000000100000000)
  region size 1024K, 39 young (39936K), 1 survivors (1024K)
 Metaspace       used 50432K, committed 50688K, reserved 1114112K
  class space    used 5915K, committed 6016K, reserved 1048576K
GC Heap History (20 events):
Event: 5.057 GC heap before
{Heap before GC invocations=5 (full 0):
 garbage-first heap   total 31744K, used 24673K [0x0000000084e00000, 0x0000000100000000)
  region size 1024K, 12 young (12288K), 1 survivors (1024K)
 Metaspace       used 28889K, committed 29120K, reserved 1114112K
  class space    used 3529K, committed 3648K, reserved 1048576K
}
Event: 5.059 GC heap after
{Heap after GC invocations=6 (full 0):
 garbage-first heap   total 31744K, used 13329K [0x0000000084e00000, 0x0000000100000000)
  region size 1024K, 1 young (1024K), 1 survivors (1024K)
 Metaspace       used 28889K, committed 29120K, reserved 1114112K
  class space    used 3529K, committed 3648K, reserved 1048576K
}
Event: 6.297 GC heap before
{Heap before GC invocations=6 (full 0):
 garbage-first heap   total 31744K, used 24593K [0x0000000084e00000, 0x0000000100000000)
  region size 1024K, 13 young (13312K), 1 survivors (1024K)
 Metaspace       used 31207K, committed 31424K, reserved 1114112K
  class space    used 3821K, committed 3904K, reserved 1048576K
}
Event: 6.300 GC heap after
{Heap after GC invocations=7 (full 0):
 garbage-first heap   total 31744K, used 15566K [0x0000000084e00000, 0x0000000100000000)
  region size 1024K, 2 young (2048K), 2 survivors (2048K)
 Metaspace       used 31207K, committed 31424K, reserved 1114112K
  class space    used 3821K, committed 3904K, reserved 1048576K
}
Event: 6.399 GC heap before
{Heap before GC invocations=7 (full 0):
 garbage-first heap   total 31744K, used 25806K [0x0000000084e00000, 0x0000000100000000)
  region size 1024K, 12 young (12288K), 2 survivors (2048K)
 Metaspace       used 33446K, committed 33664K, reserved 1114112K
  class space    used 4057K, committed 4160K, reserved 1048576K
}
Event: 6.402 GC heap after
{Heap after GC invocations=8 (full 0):
 garbage-first heap   total 31744K, used 16257K [0x0000000084e00000, 0x0000000100000000)
  region size 1024K, 1 young (1024K), 1 survivors (1024K)
 Metaspace       used 33446K, committed 33664K, reserved 1114112K
  class space    used 4057K, committed 4160K, reserved 1048576K
}
Event: 6.535 GC heap before
{Heap before GC invocations=9 (full 0):
 garbage-first heap   total 31744K, used 25473K [0x0000000084e00000, 0x0000000100000000)
  region size 1024K, 11 young (11264K), 1 survivors (1024K)
 Metaspace       used 36035K, committed 36224K, reserved 1114112K
  class space    used 4335K, committed 4416K, reserved 1048576K
}
Event: 6.537 GC heap after
{Heap after GC invocations=10 (full 0):
 garbage-first heap   total 31744K, used 16940K [0x0000000084e00000, 0x0000000100000000)
  region size 1024K, 2 young (2048K), 2 survivors (2048K)
 Metaspace       used 36035K, committed 36224K, reserved 1114112K
  class space    used 4335K, committed 4416K, reserved 1048576K
}
Event: 6.653 GC heap before
{Heap before GC invocations=10 (full 0):
 garbage-first heap   total 31744K, used 24108K [0x0000000084e00000, 0x0000000100000000)
  region size 1024K, 10 young (10240K), 2 survivors (2048K)
 Metaspace       used 38415K, committed 38592K, reserved 1114112K
  class space    used 4561K, committed 4672K, reserved 1048576K
}
Event: 7.666 GC heap after
{Heap after GC invocations=11 (full 0):
 garbage-first heap   total 38912K, used 17252K [0x0000000084e00000, 0x0000000100000000)
  region size 1024K, 2 young (2048K), 2 survivors (2048K)
 Metaspace       used 38415K, committed 38592K, reserved 1114112K
  class space    used 4561K, committed 4672K, reserved 1048576K
}
Event: 7.682 GC heap before
{Heap before GC invocations=11 (full 0):
 garbage-first heap   total 38912K, used 18276K [0x0000000084e00000, 0x0000000100000000)
  region size 1024K, 3 young (3072K), 2 survivors (2048K)
 Metaspace       used 38709K, committed 38912K, reserved 1114112K
  class space    used 4596K, committed 4672K, reserved 1048576K
}
Event: 7.684 GC heap after
{Heap after GC invocations=12 (full 0):
 garbage-first heap   total 38912K, used 17477K [0x0000000084e00000, 0x0000000100000000)
  region size 1024K, 1 young (1024K), 1 survivors (1024K)
 Metaspace       used 38709K, committed 38912K, reserved 1114112K
  class space    used 4596K, committed 4672K, reserved 1048576K
}
Event: 7.702 GC heap before
{Heap before GC invocations=12 (full 0):
 garbage-first heap   total 38912K, used 18501K [0x0000000084e00000, 0x0000000100000000)
  region size 1024K, 2 young (2048K), 1 survivors (1024K)
 Metaspace       used 39107K, committed 39360K, reserved 1114112K
  class space    used 4622K, committed 4736K, reserved 1048576K
}
Event: 7.703 GC heap after
{Heap after GC invocations=13 (full 0):
 garbage-first heap   total 38912K, used 17559K [0x0000000084e00000, 0x0000000100000000)
  region size 1024K, 1 young (1024K), 1 survivors (1024K)
 Metaspace       used 39107K, committed 39360K, reserved 1114112K
  class space    used 4622K, committed 4736K, reserved 1048576K
}
Event: 7.714 GC heap before
{Heap before GC invocations=13 (full 0):
 garbage-first heap   total 38912K, used 18583K [0x0000000084e00000, 0x0000000100000000)
  region size 1024K, 2 young (2048K), 1 survivors (1024K)
 Metaspace       used 39295K, committed 39552K, reserved 1114112K
  class space    used 4642K, committed 4736K, reserved 1048576K
}
Event: 7.715 GC heap after
{Heap after GC invocations=14 (full 0):
 garbage-first heap   total 38912K, used 17755K [0x0000000084e00000, 0x0000000100000000)
  region size 1024K, 1 young (1024K), 1 survivors (1024K)
 Metaspace       used 39295K, committed 39552K, reserved 1114112K
  class space    used 4642K, committed 4736K, reserved 1048576K
}
Event: 7.727 GC heap before
{Heap before GC invocations=14 (full 0):
 garbage-first heap   total 38912K, used 18779K [0x0000000084e00000, 0x0000000100000000)
  region size 1024K, 2 young (2048K), 1 survivors (1024K)
 Metaspace       used 39433K, committed 39680K, reserved 1114112K
  class space    used 4652K, committed 4736K, reserved 1048576K
}
Event: 7.730 GC heap after
{Heap after GC invocations=15 (full 0):
 garbage-first heap   total 116736K, used 17970K [0x0000000084e00000, 0x0000000100000000)
  region size 1024K, 1 young (1024K), 1 survivors (1024K)
 Metaspace       used 39433K, committed 39680K, reserved 1114112K
  class space    used 4652K, committed 4736K, reserved 1048576K
}
Event: 7.788 GC heap before
{Heap before GC invocations=15 (full 0):
 garbage-first heap   total 116736K, used 21042K [0x0000000084e00000, 0x0000000100000000)
  region size 1024K, 5 young (5120K), 1 survivors (1024K)
 Metaspace       used 40137K, committed 40448K, reserved 1114112K
  class space    used 4728K, committed 4864K, reserved 1048576K
}
Event: 7.791 GC heap after
{Heap after GC invocations=16 (full 0):
 garbage-first heap   total 116736K, used 18552K [0x0000000084e00000, 0x0000000100000000)
  region size 1024K, 1 young (1024K), 1 survivors (1024K)
 Metaspace       used 40137K, committed 40448K, reserved 1114112K
  class space    used 4728K, committed 4864K, reserved 1048576K
}

