# JRE version: OpenJDK Runtime Environment (21.0.8) (build 21.0.8+-14196175-b1038.72)
# Java VM: OpenJDK 64-Bit Server VM (21.0.8+-14196175-b1038.72, mixed mode, tiered, compressed oops, compressed class ptrs, g1 gc, windows-amd64)
GC Precious Log:
 CardTable entry size: 512
 Card Set container configuration: InlinePtr #cards 5 size 8 Array Of Cards #cards 12 size 40 Howl #buckets 4 coarsen threshold 1843 Howl Bitmap #cards 512 size 80 coarsen threshold 460 Card regions per heap region 1 cards per card region 2048
 CPUs: 28 total, 28 available
 Memory: 7878M
 Large Page Support: Disabled
 NUMA Support: Disabled
 Compressed Oops: Enabled (32-bit)
 Heap Region Size: 1M
 Heap Min Capacity: 8M
 Heap Initial Capacity: 124M
 Heap Max Capacity: 1970M
 Pre-touch: Disabled
 Parallel Workers: 20
 Concurrent Workers: 5
 Concurrent Refinement Workers: 20
 Periodic GC: Disabled
Heap:
 garbage-first heap   total 41984K, used 18297K [0x0000000084e00000, 0x0000000100000000)
  region size 1024K, 1 young (1024K), 1 survivors (1024K)
 Metaspace       used 39744K, committed 40000K, reserved 1114112K
  class space    used 4694K, committed 4800K, reserved 1048576K
GC Heap History (20 events):
Event: 1.803 GC heap after
{Heap after GC invocations=4 (full 0):
 garbage-first heap   total 34816K, used 13130K [0x0000000084e00000, 0x0000000100000000)
  region size 1024K, 7 young (7168K), 7 survivors (7168K)
 Metaspace       used 24056K, committed 24320K, reserved 1114112K
  class space    used 2558K, committed 2688K, reserved 1048576K
}
Event: 2.073 GC heap before
{Heap before GC invocations=4 (full 0):
 garbage-first heap   total 34816K, used 24394K [0x0000000084e00000, 0x0000000100000000)
  region size 1024K, 18 young (18432K), 7 survivors (7168K)
 Metaspace       used 27100K, committed 27328K, reserved 1114112K
  class space    used 2935K, committed 3072K, reserved 1048576K
}
Event: 2.078 GC heap after
{Heap after GC invocations=5 (full 0):
 garbage-first heap   total 34816K, used 13729K [0x0000000084e00000, 0x0000000100000000)
  region size 1024K, 1 young (1024K), 1 survivors (1024K)
 Metaspace       used 27100K, committed 27328K, reserved 1114112K
  class space    used 2935K, committed 3072K, reserved 1048576K
}
Event: 2.690 GC heap before
{Heap before GC invocations=5 (full 0):
 garbage-first heap   total 34816K, used 28065K [0x0000000084e00000, 0x0000000100000000)
  region size 1024K, 15 young (15360K), 1 survivors (1024K)
 Metaspace       used 30871K, committed 31104K, reserved 1114112K
  class space    used 3791K, committed 3904K, reserved 1048576K
}
Event: 2.694 GC heap after
{Heap after GC invocations=6 (full 0):
 garbage-first heap   total 34816K, used 15726K [0x0000000084e00000, 0x0000000100000000)
  region size 1024K, 2 young (2048K), 2 survivors (2048K)
 Metaspace       used 30871K, committed 31104K, reserved 1114112K
  class space    used 3791K, committed 3904K, reserved 1048576K
}
Event: 2.893 GC heap before
{Heap before GC invocations=6 (full 0):
 garbage-first heap   total 34816K, used 26990K [0x0000000084e00000, 0x0000000100000000)
  region size 1024K, 14 young (14336K), 2 survivors (2048K)
 Metaspace       used 33466K, committed 33728K, reserved 1114112K
  class space    used 4065K, committed 4160K, reserved 1048576K
}
Event: 2.897 GC heap after
{Heap after GC invocations=7 (full 0):
 garbage-first heap   total 34816K, used 16496K [0x0000000084e00000, 0x0000000100000000)
  region size 1024K, 1 young (1024K), 1 survivors (1024K)
 Metaspace       used 33466K, committed 33728K, reserved 1114112K
  class space    used 4065K, committed 4160K, reserved 1048576K
}
Event: 3.022 GC heap before
{Heap before GC invocations=7 (full 0):
 garbage-first heap   total 34816K, used 24688K [0x0000000084e00000, 0x0000000100000000)
  region size 1024K, 10 young (10240K), 1 survivors (1024K)
 Metaspace       used 35749K, committed 35968K, reserved 1114112K
  class space    used 4319K, committed 4416K, reserved 1048576K
}
Event: 3.024 GC heap after
{Heap after GC invocations=8 (full 0):
 garbage-first heap   total 34816K, used 16964K [0x0000000084e00000, 0x0000000100000000)
  region size 1024K, 2 young (2048K), 2 survivors (2048K)
 Metaspace       used 35749K, committed 35968K, reserved 1114112K
  class space    used 4319K, committed 4416K, reserved 1048576K
}
Event: 3.313 GC heap before
{Heap before GC invocations=9 (full 0):
 garbage-first heap   total 34816K, used 27204K [0x0000000084e00000, 0x0000000100000000)
  region size 1024K, 13 young (13312K), 2 survivors (2048K)
 Metaspace       used 39010K, committed 39232K, reserved 1114112K
  class space    used 4628K, committed 4736K, reserved 1048576K
}
Event: 4.320 GC heap after
{Heap after GC invocations=10 (full 0):
 garbage-first heap   total 41984K, used 17802K [0x0000000084e00000, 0x0000000100000000)
  region size 1024K, 2 young (2048K), 2 survivors (2048K)
 Metaspace       used 39010K, committed 39232K, reserved 1114112K
  class space    used 4628K, committed 4736K, reserved 1048576K
}
Event: 4.345 GC heap before
{Heap before GC invocations=10 (full 0):
 garbage-first heap   total 41984K, used 18826K [0x0000000084e00000, 0x0000000100000000)
  region size 1024K, 3 young (3072K), 2 survivors (2048K)
 Metaspace       used 39148K, committed 39360K, reserved 1114112K
  class space    used 4640K, committed 4736K, reserved 1048576K
}
Event: 4.350 GC heap after
{Heap after GC invocations=11 (full 0):
 garbage-first heap   total 41984K, used 17699K [0x0000000084e00000, 0x0000000100000000)
  region size 1024K, 1 young (1024K), 1 survivors (1024K)
 Metaspace       used 39148K, committed 39360K, reserved 1114112K
  class space    used 4640K, committed 4736K, reserved 1048576K
}
Event: 4.379 GC heap before
{Heap before GC invocations=11 (full 0):
 garbage-first heap   total 41984K, used 18723K [0x0000000084e00000, 0x0000000100000000)
  region size 1024K, 2 young (2048K), 1 survivors (1024K)
 Metaspace       used 39267K, committed 39488K, reserved 1114112K
  class space    used 4653K, committed 4736K, reserved 1048576K
}
Event: 4.381 GC heap after
{Heap after GC invocations=12 (full 0):
 garbage-first heap   total 41984K, used 17812K [0x0000000084e00000, 0x0000000100000000)
  region size 1024K, 1 young (1024K), 1 survivors (1024K)
 Metaspace       used 39267K, committed 39488K, reserved 1114112K
  class space    used 4653K, committed 4736K, reserved 1048576K
}
Event: 5.404 GC heap before
{Heap before GC invocations=12 (full 0):
 garbage-first heap   total 41984K, used 18836K [0x0000000084e00000, 0x0000000100000000)
  region size 1024K, 2 young (2048K), 1 survivors (1024K)
 Metaspace       used 39440K, committed 39680K, reserved 1114112K
  class space    used 4667K, committed 4800K, reserved 1048576K
}
Event: 5.405 GC heap after
{Heap after GC invocations=13 (full 0):
 garbage-first heap   total 41984K, used 17963K [0x0000000084e00000, 0x0000000100000000)
  region size 1024K, 1 young (1024K), 1 survivors (1024K)
 Metaspace       used 39440K, committed 39680K, reserved 1114112K
  class space    used 4667K, committed 4800K, reserved 1048576K
}
Event: 5.425 GC heap before
{Heap before GC invocations=13 (full 0):
 garbage-first heap   total 41984K, used 17963K [0x0000000084e00000, 0x0000000100000000)
  region size 1024K, 2 young (2048K), 1 survivors (1024K)
 Metaspace       used 39582K, committed 39808K, reserved 1114112K
  class space    used 4679K, committed 4800K, reserved 1048576K
}
Event: 5.426 GC heap after
{Heap after GC invocations=14 (full 0):
 garbage-first heap   total 41984K, used 18146K [0x0000000084e00000, 0x0000000100000000)
  region size 1024K, 1 young (1024K), 1 survivors (1024K)
 Metaspace       used 39582K, committed 39808K, reserved 1114112K
  class space    used 4679K, committed 4800K, reserved 1048576K
}
Event: 5.450 GC heap before
{Heap before GC invocations=14 (full 0):
 garbage-first heap   total 41984K, used 19170K [0x0000000084e00000, 0x0000000100000000)
  region size 1024K, 2 young (2048K), 1 survivors (1024K)
 Metaspace       used 39744K, committed 40000K, reserved 1114112K
  class space    used 4694K, committed 4800K, reserved 1048576K
}

