# JRE version: OpenJDK Runtime Environment (21.0.8) (build 21.0.8+-14196175-b1038.72)
# Java VM: OpenJDK 64-Bit Server VM (21.0.8+-14196175-b1038.72, mixed mode, tiered, compressed oops, compressed class ptrs, g1 gc, windows-amd64)
GC Precious Log:
 CardTable entry size: 512
 Card Set container configuration: InlinePtr #cards 5 size 8 Array Of Cards #cards 12 size 40 Howl #buckets 4 coarsen threshold 1843 Howl Bitmap #cards 512 size 80 coarsen threshold 460 Card regions per heap region 1 cards per card region 2048
 CPUs: 28 total, 28 available
 Memory: 7878M
 Large Page Support: Disabled
 NUMA Support: Disabled
 Compressed Oops: Enabled (32-bit)
 Heap Region Size: 1M
 Heap Min Capacity: 8M
 Heap Initial Capacity: 124M
 Heap Max Capacity: 1970M
 Pre-touch: Disabled
 Parallel Workers: 20
 Concurrent Workers: 5
 Concurrent Refinement Workers: 20
 Periodic GC: Disabled
Heap:
 garbage-first heap   total 136192K, used 99543K [0x0000000084e00000, 0x0000000100000000)
  region size 1024K, 43 young (44032K), 6 survivors (6144K)
 Metaspace       used 70944K, committed 71232K, reserved 1114112K
  class space    used 7817K, committed 7936K, reserved 1048576K
GC Heap History (20 events):
Event: 4.471 GC heap before
{Heap before GC invocations=10 (full 0):
 garbage-first heap   total 78848K, used 60689K [0x0000000084e00000, 0x0000000100000000)
  region size 1024K, 44 young (45056K), 2 survivors (2048K)
 Metaspace       used 43248K, committed 43456K, reserved 1114112K
  class space    used 5040K, committed 5120K, reserved 1048576K
}
Event: 4.500 GC heap after
{Heap after GC invocations=11 (full 0):
 garbage-first heap   total 78848K, used 24987K [0x0000000084e00000, 0x0000000100000000)
  region size 1024K, 6 young (6144K), 6 survivors (6144K)
 Metaspace       used 43248K, committed 43456K, reserved 1114112K
  class space    used 5040K, committed 5120K, reserved 1048576K
}
Event: 4.909 GC heap before
{Heap before GC invocations=11 (full 0):
 garbage-first heap   total 78848K, used 63899K [0x0000000084e00000, 0x0000000100000000)
  region size 1024K, 43 young (44032K), 6 survivors (6144K)
 Metaspace       used 45419K, committed 45696K, reserved 1114112K
  class space    used 5236K, committed 5376K, reserved 1048576K
}
Event: 4.933 GC heap after
{Heap after GC invocations=12 (full 0):
 garbage-first heap   total 81920K, used 37848K [0x0000000084e00000, 0x0000000100000000)
  region size 1024K, 6 young (6144K), 6 survivors (6144K)
 Metaspace       used 45419K, committed 45696K, reserved 1114112K
  class space    used 5236K, committed 5376K, reserved 1048576K
}
Event: 5.854 GC heap before
{Heap before GC invocations=12 (full 0):
 garbage-first heap   total 81920K, used 63448K [0x0000000084e00000, 0x0000000100000000)
  region size 1024K, 31 young (31744K), 6 survivors (6144K)
 Metaspace       used 52569K, committed 52864K, reserved 1114112K
  class space    used 6114K, committed 6272K, reserved 1048576K
}
Event: 5.866 GC heap after
{Heap after GC invocations=13 (full 0):
 garbage-first heap   total 81920K, used 40541K [0x0000000084e00000, 0x0000000100000000)
  region size 1024K, 3 young (3072K), 3 survivors (3072K)
 Metaspace       used 52569K, committed 52864K, reserved 1114112K
  class space    used 6114K, committed 6272K, reserved 1048576K
}
Event: 6.783 GC heap before
{Heap before GC invocations=13 (full 0):
 garbage-first heap   total 81920K, used 66141K [0x0000000084e00000, 0x0000000100000000)
  region size 1024K, 28 young (28672K), 3 survivors (3072K)
 Metaspace       used 57125K, committed 57408K, reserved 1114112K
  class space    used 6596K, committed 6720K, reserved 1048576K
}
Event: 6.794 GC heap after
{Heap after GC invocations=14 (full 0):
 garbage-first heap   total 100352K, used 44372K [0x0000000084e00000, 0x0000000100000000)
  region size 1024K, 4 young (4096K), 4 survivors (4096K)
 Metaspace       used 57125K, committed 57408K, reserved 1114112K
  class space    used 6596K, committed 6720K, reserved 1048576K
}
Event: 8.244 GC heap before
{Heap before GC invocations=15 (full 0):
 garbage-first heap   total 100352K, used 79188K [0x0000000084e00000, 0x0000000100000000)
  region size 1024K, 39 young (39936K), 4 survivors (4096K)
 Metaspace       used 61919K, committed 62208K, reserved 1114112K
  class space    used 7226K, committed 7360K, reserved 1048576K
}
Event: 8.269 GC heap after
{Heap after GC invocations=16 (full 0):
 garbage-first heap   total 100352K, used 50497K [0x0000000084e00000, 0x0000000100000000)
  region size 1024K, 5 young (5120K), 5 survivors (5120K)
 Metaspace       used 61919K, committed 62208K, reserved 1114112K
  class space    used 7226K, committed 7360K, reserved 1048576K
}
Event: 9.035 GC heap before
{Heap before GC invocations=16 (full 0):
 garbage-first heap   total 100352K, used 82241K [0x0000000084e00000, 0x0000000100000000)
  region size 1024K, 36 young (36864K), 5 survivors (5120K)
 Metaspace       used 63109K, committed 63424K, reserved 1114112K
  class space    used 7269K, committed 7424K, reserved 1048576K
}
Event: 9.093 GC heap after
{Heap after GC invocations=17 (full 0):
 garbage-first heap   total 100352K, used 55296K [0x0000000084e00000, 0x0000000100000000)
  region size 1024K, 5 young (5120K), 5 survivors (5120K)
 Metaspace       used 63109K, committed 63424K, reserved 1114112K
  class space    used 7269K, committed 7424K, reserved 1048576K
}
Event: 10.119 GC heap before
{Heap before GC invocations=17 (full 0):
 garbage-first heap   total 100352K, used 84992K [0x0000000084e00000, 0x0000000100000000)
  region size 1024K, 34 young (34816K), 5 survivors (5120K)
 Metaspace       used 63773K, committed 64064K, reserved 1114112K
  class space    used 7283K, committed 7424K, reserved 1048576K
}
Event: 10.147 GC heap after
{Heap after GC invocations=18 (full 0):
 garbage-first heap   total 100352K, used 57279K [0x0000000084e00000, 0x0000000100000000)
  region size 1024K, 2 young (2048K), 2 survivors (2048K)
 Metaspace       used 63773K, committed 64064K, reserved 1114112K
  class space    used 7283K, committed 7424K, reserved 1048576K
}
Event: 11.282 GC heap before
{Heap before GC invocations=19 (full 0):
 garbage-first heap   total 100352K, used 85951K [0x0000000084e00000, 0x0000000100000000)
  region size 1024K, 31 young (31744K), 2 survivors (2048K)
 Metaspace       used 64017K, committed 64320K, reserved 1114112K
  class space    used 7283K, committed 7424K, reserved 1048576K
}
Event: 11.295 GC heap after
{Heap after GC invocations=20 (full 0):
 garbage-first heap   total 136192K, used 57814K [0x0000000084e00000, 0x0000000100000000)
  region size 1024K, 4 young (4096K), 4 survivors (4096K)
 Metaspace       used 64017K, committed 64320K, reserved 1114112K
  class space    used 7283K, committed 7424K, reserved 1048576K
}
Event: 12.835 GC heap before
{Heap before GC invocations=20 (full 0):
 garbage-first heap   total 136192K, used 113110K [0x0000000084e00000, 0x0000000100000000)
  region size 1024K, 58 young (59392K), 4 survivors (4096K)
 Metaspace       used 64297K, committed 64576K, reserved 1114112K
  class space    used 7283K, committed 7424K, reserved 1048576K
}
Event: 12.848 GC heap after
{Heap after GC invocations=21 (full 0):
 garbage-first heap   total 136192K, used 60244K [0x0000000084e00000, 0x0000000100000000)
  region size 1024K, 7 young (7168K), 7 survivors (7168K)
 Metaspace       used 64297K, committed 64576K, reserved 1114112K
  class space    used 7283K, committed 7424K, reserved 1048576K
}
Event: 15.121 GC heap before
{Heap before GC invocations=21 (full 0):
 garbage-first heap   total 136192K, used 117588K [0x0000000084e00000, 0x0000000100000000)
  region size 1024K, 63 young (64512K), 7 survivors (7168K)
 Metaspace       used 68730K, committed 69056K, reserved 1114112K
  class space    used 7618K, committed 7744K, reserved 1048576K
}
Event: 15.200 GC heap after
{Heap after GC invocations=22 (full 0):
 garbage-first heap   total 136192K, used 62679K [0x0000000084e00000, 0x0000000100000000)
  region size 1024K, 6 young (6144K), 6 survivors (6144K)
 Metaspace       used 68730K, committed 69056K, reserved 1114112K
  class space    used 7618K, committed 7744K, reserved 1048576K
}

