# JRE version: OpenJDK Runtime Environment (21.0.8) (build 21.0.8+-14196175-b1038.72)
# Java VM: OpenJDK 64-Bit Server VM (21.0.8+-14196175-b1038.72, mixed mode, tiered, compressed oops, compressed class ptrs, g1 gc, windows-amd64)
GC Precious Log:
 CardTable entry size: 512
 Card Set container configuration: InlinePtr #cards 5 size 8 Array Of Cards #cards 12 size 40 Howl #buckets 4 coarsen threshold 1843 Howl Bitmap #cards 512 size 80 coarsen threshold 460 Card regions per heap region 1 cards per card region 2048
 CPUs: 28 total, 28 available
 Memory: 7878M
 Large Page Support: Disabled
 NUMA Support: Disabled
 Compressed Oops: Enabled (32-bit)
 Heap Region Size: 1M
 Heap Min Capacity: 8M
 Heap Initial Capacity: 124M
 Heap Max Capacity: 1970M
 Pre-touch: Disabled
 Parallel Workers: 20
 Concurrent Workers: 5
 Concurrent Refinement Workers: 20
 Periodic GC: Disabled
Heap:
 garbage-first heap   total 96256K, used 76800K [0x0000000084e00000, 0x0000000100000000)
  region size 1024K, 31 young (31744K), 4 survivors (4096K)
 Metaspace       used 68568K, committed 68864K, reserved 1114112K
  class space    used 7570K, committed 7744K, reserved 1048576K
GC Heap History (20 events):
Event: 3.197 GC heap before
{Heap before GC invocations=5 (full 0):
 garbage-first heap   total 30720K, used 24463K [0x0000000084e00000, 0x0000000100000000)
  region size 1024K, 13 young (13312K), 1 survivors (1024K)
 Metaspace       used 30375K, committed 30592K, reserved 1114112K
  class space    used 3742K, committed 3840K, reserved 1048576K
}
Event: 3.199 GC heap after
{Heap after GC invocations=6 (full 0):
 garbage-first heap   total 30720K, used 13571K [0x0000000084e00000, 0x0000000100000000)
  region size 1024K, 2 young (2048K), 2 survivors (2048K)
 Metaspace       used 30375K, committed 30592K, reserved 1114112K
  class space    used 3742K, committed 3840K, reserved 1048576K
}
Event: 3.441 GC heap before
{Heap before GC invocations=6 (full 0):
 garbage-first heap   total 30720K, used 24835K [0x0000000084e00000, 0x0000000100000000)
  region size 1024K, 13 young (13312K), 2 survivors (2048K)
 Metaspace       used 31873K, committed 32128K, reserved 1114112K
  class space    used 3918K, committed 4032K, reserved 1048576K
}
Event: 3.447 GC heap after
{Heap after GC invocations=7 (full 0):
 garbage-first heap   total 30720K, used 16106K [0x0000000084e00000, 0x0000000100000000)
  region size 1024K, 2 young (2048K), 2 survivors (2048K)
 Metaspace       used 31873K, committed 32128K, reserved 1114112K
  class space    used 3918K, committed 4032K, reserved 1048576K
}
Event: 3.722 GC heap before
{Heap before GC invocations=7 (full 0):
 garbage-first heap   total 30720K, used 24298K [0x0000000084e00000, 0x0000000100000000)
  region size 1024K, 11 young (11264K), 2 survivors (2048K)
 Metaspace       used 33851K, committed 34112K, reserved 1114112K
  class space    used 4100K, committed 4224K, reserved 1048576K
}
Event: 3.727 GC heap after
{Heap after GC invocations=8 (full 0):
 garbage-first heap   total 30720K, used 16614K [0x0000000084e00000, 0x0000000100000000)
  region size 1024K, 1 young (1024K), 1 survivors (1024K)
 Metaspace       used 33851K, committed 34112K, reserved 1114112K
  class space    used 4100K, committed 4224K, reserved 1048576K
}
Event: 4.120 GC heap before
{Heap before GC invocations=9 (full 0):
 garbage-first heap   total 30720K, used 24806K [0x0000000084e00000, 0x0000000100000000)
  region size 1024K, 10 young (10240K), 1 survivors (1024K)
 Metaspace       used 36339K, committed 36544K, reserved 1114112K
  class space    used 4357K, committed 4480K, reserved 1048576K
}
Event: 4.123 GC heap after
{Heap after GC invocations=10 (full 0):
 garbage-first heap   total 78848K, used 16989K [0x0000000084e00000, 0x0000000100000000)
  region size 1024K, 1 young (1024K), 1 survivors (1024K)
 Metaspace       used 36339K, committed 36544K, reserved 1114112K
  class space    used 4357K, committed 4480K, reserved 1048576K
}
Event: 5.343 GC heap before
{Heap before GC invocations=10 (full 0):
 garbage-first heap   total 78848K, used 63069K [0x0000000084e00000, 0x0000000100000000)
  region size 1024K, 46 young (47104K), 1 survivors (1024K)
 Metaspace       used 45488K, committed 45760K, reserved 1114112K
  class space    used 5322K, committed 5440K, reserved 1048576K
}
Event: 5.363 GC heap after
{Heap after GC invocations=11 (full 0):
 garbage-first heap   total 78848K, used 24237K [0x0000000084e00000, 0x0000000100000000)
  region size 1024K, 6 young (6144K), 6 survivors (6144K)
 Metaspace       used 45488K, committed 45760K, reserved 1114112K
  class space    used 5322K, committed 5440K, reserved 1048576K
}
Event: 6.305 GC heap before
{Heap before GC invocations=11 (full 0):
 garbage-first heap   total 78848K, used 64173K [0x0000000084e00000, 0x0000000100000000)
  region size 1024K, 45 young (46080K), 6 survivors (6144K)
 Metaspace       used 50010K, committed 50240K, reserved 1114112K
  class space    used 5799K, committed 5888K, reserved 1048576K
}
Event: 6.327 GC heap after
{Heap after GC invocations=12 (full 0):
 garbage-first heap   total 79872K, used 33792K [0x0000000084e00000, 0x0000000100000000)
  region size 1024K, 6 young (6144K), 6 survivors (6144K)
 Metaspace       used 50010K, committed 50240K, reserved 1114112K
  class space    used 5799K, committed 5888K, reserved 1048576K
}
Event: 7.374 GC heap before
{Heap before GC invocations=12 (full 0):
 garbage-first heap   total 79872K, used 65536K [0x0000000084e00000, 0x0000000100000000)
  region size 1024K, 37 young (37888K), 6 survivors (6144K)
 Metaspace       used 52851K, committed 53120K, reserved 1114112K
  class space    used 6161K, committed 6272K, reserved 1048576K
}
Event: 7.403 GC heap after
{Heap after GC invocations=13 (full 0):
 garbage-first heap   total 79872K, used 40960K [0x0000000084e00000, 0x0000000100000000)
  region size 1024K, 5 young (5120K), 5 survivors (5120K)
 Metaspace       used 52851K, committed 53120K, reserved 1114112K
  class space    used 6161K, committed 6272K, reserved 1048576K
}
Event: 8.277 GC heap before
{Heap before GC invocations=13 (full 0):
 garbage-first heap   total 79872K, used 66560K [0x0000000084e00000, 0x0000000100000000)
  region size 1024K, 30 young (30720K), 5 survivors (5120K)
 Metaspace       used 54397K, committed 54592K, reserved 1114112K
  class space    used 6251K, committed 6336K, reserved 1048576K
}
Event: 8.299 GC heap after
{Heap after GC invocations=14 (full 0):
 garbage-first heap   total 79872K, used 46592K [0x0000000084e00000, 0x0000000100000000)
  region size 1024K, 4 young (4096K), 4 survivors (4096K)
 Metaspace       used 54397K, committed 54592K, reserved 1114112K
  class space    used 6251K, committed 6336K, reserved 1048576K
}
Event: 8.818 GC heap before
{Heap before GC invocations=14 (full 0):
 garbage-first heap   total 79872K, used 57856K [0x0000000084e00000, 0x0000000100000000)
  region size 1024K, 16 young (16384K), 4 survivors (4096K)
 Metaspace       used 56735K, committed 56960K, reserved 1114112K
  class space    used 6465K, committed 6592K, reserved 1048576K
}
Event: 8.835 GC heap after
{Heap after GC invocations=15 (full 0):
 garbage-first heap   total 96256K, used 48567K [0x0000000084e00000, 0x0000000100000000)
  region size 1024K, 2 young (2048K), 2 survivors (2048K)
 Metaspace       used 56735K, committed 56960K, reserved 1114112K
  class space    used 6465K, committed 6592K, reserved 1048576K
}
Event: 10.111 GC heap before
{Heap before GC invocations=16 (full 0):
 garbage-first heap   total 96256K, used 78263K [0x0000000084e00000, 0x0000000100000000)
  region size 1024K, 33 young (33792K), 2 survivors (2048K)
 Metaspace       used 63043K, committed 63360K, reserved 1114112K
  class space    used 7093K, committed 7232K, reserved 1048576K
}
Event: 10.121 GC heap after
{Heap after GC invocations=17 (full 0):
 garbage-first heap   total 96256K, used 50176K [0x0000000084e00000, 0x0000000100000000)
  region size 1024K, 4 young (4096K), 4 survivors (4096K)
 Metaspace       used 63043K, committed 63360K, reserved 1114112K
  class space    used 7093K, committed 7232K, reserved 1048576K
}

