# JRE version: OpenJDK Runtime Environment (21.0.8) (build 21.0.8+-14196175-b1038.72)
# Java VM: OpenJDK 64-Bit Server VM (21.0.8+-14196175-b1038.72, mixed mode, tiered, compressed oops, compressed class ptrs, g1 gc, windows-amd64)
GC Precious Log:
 CardTable entry size: 512
 Card Set container configuration: InlinePtr #cards 5 size 8 Array Of Cards #cards 12 size 40 Howl #buckets 4 coarsen threshold 1843 Howl Bitmap #cards 512 size 80 coarsen threshold 460 Card regions per heap region 1 cards per card region 2048
 CPUs: 28 total, 28 available
 Memory: 7878M
 Large Page Support: Disabled
 NUMA Support: Disabled
 Compressed Oops: Enabled (32-bit)
 Heap Region Size: 1M
 Heap Min Capacity: 8M
 Heap Initial Capacity: 124M
 Heap Max Capacity: 1970M
 Pre-touch: Disabled
 Parallel Workers: 20
 Concurrent Workers: 5
 Concurrent Refinement Workers: 20
 Periodic GC: Disabled
Heap:
 garbage-first heap   total 82944K, used 68218K [0x0000000084e00000, 0x0000000100000000)
  region size 1024K, 26 young (26624K), 4 survivors (4096K)
 Metaspace       used 72965K, committed 73344K, reserved 1114112K
  class space    used 8015K, committed 8192K, reserved 1048576K
GC Heap History (20 events):
Event: 2.838 GC heap before
{Heap before GC invocations=9 (full 0):
 garbage-first heap   total 47104K, used 37530K [0x0000000084e00000, 0x0000000100000000)
  region size 1024K, 21 young (21504K), 2 survivors (2048K)
 Metaspace       used 40843K, committed 41088K, reserved 1114112K
  class space    used 4926K, committed 5056K, reserved 1048576K
}
Event: 2.843 GC heap after
{Heap after GC invocations=10 (full 0):
 garbage-first heap   total 47104K, used 20137K [0x0000000084e00000, 0x0000000100000000)
  region size 1024K, 3 young (3072K), 3 survivors (3072K)
 Metaspace       used 40843K, committed 41088K, reserved 1114112K
  class space    used 4926K, committed 5056K, reserved 1048576K
}
Event: 3.319 GC heap before
{Heap before GC invocations=10 (full 0):
 garbage-first heap   total 47104K, used 38569K [0x0000000084e00000, 0x0000000100000000)
  region size 1024K, 22 young (22528K), 3 survivors (3072K)
 Metaspace       used 45698K, committed 45952K, reserved 1114112K
  class space    used 5432K, committed 5568K, reserved 1048576K
}
Event: 3.327 GC heap after
{Heap after GC invocations=11 (full 0):
 garbage-first heap   total 47104K, used 21268K [0x0000000084e00000, 0x0000000100000000)
  region size 1024K, 3 young (3072K), 3 survivors (3072K)
 Metaspace       used 45698K, committed 45952K, reserved 1114112K
  class space    used 5432K, committed 5568K, reserved 1048576K
}
Event: 3.611 GC heap before
{Heap before GC invocations=11 (full 0):
 garbage-first heap   total 47104K, used 41748K [0x0000000084e00000, 0x0000000100000000)
  region size 1024K, 22 young (22528K), 3 survivors (3072K)
 Metaspace       used 48553K, committed 48768K, reserved 1114112K
  class space    used 5732K, committed 5824K, reserved 1048576K
}
Event: 3.620 GC heap after
{Heap after GC invocations=12 (full 0):
 garbage-first heap   total 59392K, used 25863K [0x0000000084e00000, 0x0000000100000000)
  region size 1024K, 3 young (3072K), 3 survivors (3072K)
 Metaspace       used 48553K, committed 48768K, reserved 1114112K
  class space    used 5732K, committed 5824K, reserved 1048576K
}
Event: 3.817 GC heap before
{Heap before GC invocations=12 (full 0):
 garbage-first heap   total 59392K, used 49415K [0x0000000084e00000, 0x0000000100000000)
  region size 1024K, 27 young (27648K), 3 survivors (3072K)
 Metaspace       used 49399K, committed 49600K, reserved 1114112K
  class space    used 5785K, committed 5888K, reserved 1048576K
}
Event: 3.830 GC heap after
{Heap after GC invocations=13 (full 0):
 garbage-first heap   total 62464K, used 34304K [0x0000000084e00000, 0x0000000100000000)
  region size 1024K, 4 young (4096K), 4 survivors (4096K)
 Metaspace       used 49399K, committed 49600K, reserved 1114112K
  class space    used 5785K, committed 5888K, reserved 1048576K
}
Event: 4.181 GC heap before
{Heap before GC invocations=13 (full 0):
 garbage-first heap   total 62464K, used 50688K [0x0000000084e00000, 0x0000000100000000)
  region size 1024K, 21 young (21504K), 4 survivors (4096K)
 Metaspace       used 53022K, committed 53312K, reserved 1114112K
  class space    used 6202K, committed 6336K, reserved 1048576K
}
Event: 4.189 GC heap after
{Heap after GC invocations=14 (full 0):
 garbage-first heap   total 62464K, used 36407K [0x0000000084e00000, 0x0000000100000000)
  region size 1024K, 2 young (2048K), 2 survivors (2048K)
 Metaspace       used 53022K, committed 53312K, reserved 1114112K
  class space    used 6202K, committed 6336K, reserved 1048576K
}
Event: 4.497 GC heap before
{Heap before GC invocations=15 (full 0):
 garbage-first heap   total 62464K, used 52791K [0x0000000084e00000, 0x0000000100000000)
  region size 1024K, 18 young (18432K), 2 survivors (2048K)
 Metaspace       used 54441K, committed 54720K, reserved 1114112K
  class space    used 6398K, committed 6528K, reserved 1048576K
}
Event: 4.506 GC heap after
{Heap after GC invocations=16 (full 0):
 garbage-first heap   total 62464K, used 39936K [0x0000000084e00000, 0x0000000100000000)
  region size 1024K, 3 young (3072K), 3 survivors (3072K)
 Metaspace       used 54441K, committed 54720K, reserved 1114112K
  class space    used 6398K, committed 6528K, reserved 1048576K
}
Event: 4.732 GC heap before
{Heap before GC invocations=16 (full 0):
 garbage-first heap   total 62464K, used 54272K [0x0000000084e00000, 0x0000000100000000)
  region size 1024K, 17 young (17408K), 3 survivors (3072K)
 Metaspace       used 55124K, committed 55360K, reserved 1114112K
  class space    used 6464K, committed 6592K, reserved 1048576K
}
Event: 4.743 GC heap after
{Heap after GC invocations=17 (full 0):
 garbage-first heap   total 82944K, used 43008K [0x0000000084e00000, 0x0000000100000000)
  region size 1024K, 3 young (3072K), 3 survivors (3072K)
 Metaspace       used 55124K, committed 55360K, reserved 1114112K
  class space    used 6464K, committed 6592K, reserved 1048576K
}
Event: 5.492 GC heap before
{Heap before GC invocations=17 (full 0):
 garbage-first heap   total 82944K, used 66560K [0x0000000084e00000, 0x0000000100000000)
  region size 1024K, 26 young (26624K), 3 survivors (3072K)
 Metaspace       used 57281K, committed 57472K, reserved 1114112K
  class space    used 6578K, committed 6656K, reserved 1048576K
}
Event: 5.500 GC heap after
{Heap after GC invocations=18 (full 0):
 garbage-first heap   total 82944K, used 45405K [0x0000000084e00000, 0x0000000100000000)
  region size 1024K, 2 young (2048K), 2 survivors (2048K)
 Metaspace       used 57281K, committed 57472K, reserved 1114112K
  class space    used 6578K, committed 6656K, reserved 1048576K
}
Event: 6.775 GC heap before
{Heap before GC invocations=19 (full 0):
 garbage-first heap   total 82944K, used 67933K [0x0000000084e00000, 0x0000000100000000)
  region size 1024K, 25 young (25600K), 2 survivors (2048K)
 Metaspace       used 62066K, committed 62336K, reserved 1114112K
  class space    used 6967K, committed 7040K, reserved 1048576K
}
Event: 6.782 GC heap after
{Heap after GC invocations=20 (full 0):
 garbage-first heap   total 82944K, used 46258K [0x0000000084e00000, 0x0000000100000000)
  region size 1024K, 4 young (4096K), 4 survivors (4096K)
 Metaspace       used 62066K, committed 62336K, reserved 1114112K
  class space    used 6967K, committed 7040K, reserved 1048576K
}
Event: 7.901 GC heap before
{Heap before GC invocations=20 (full 0):
 garbage-first heap   total 82944K, used 69810K [0x0000000084e00000, 0x0000000100000000)
  region size 1024K, 28 young (28672K), 4 survivors (4096K)
 Metaspace       used 68026K, committed 68352K, reserved 1114112K
  class space    used 7570K, committed 7744K, reserved 1048576K
}
Event: 7.914 GC heap after
{Heap after GC invocations=21 (full 0):
 garbage-first heap   total 82944K, used 47738K [0x0000000084e00000, 0x0000000100000000)
  region size 1024K, 4 young (4096K), 4 survivors (4096K)
 Metaspace       used 68026K, committed 68352K, reserved 1114112K
  class space    used 7570K, committed 7744K, reserved 1048576K
}

