# JRE version: OpenJDK Runtime Environment (21.0.8) (build 21.0.8+-14196175-b1038.72)
# Java VM: OpenJDK 64-Bit Server VM (21.0.8+-14196175-b1038.72, mixed mode, tiered, compressed oops, compressed class ptrs, g1 gc, windows-amd64)
GC Precious Log:
 CardTable entry size: 512
 Card Set container configuration: InlinePtr #cards 5 size 8 Array Of Cards #cards 12 size 40 Howl #buckets 4 coarsen threshold 1843 Howl Bitmap #cards 512 size 80 coarsen threshold 460 Card regions per heap region 1 cards per card region 2048
 CPUs: 28 total, 28 available
 Memory: 7878M
 Large Page Support: Disabled
 NUMA Support: Disabled
 Compressed Oops: Enabled (32-bit)
 Heap Region Size: 1M
 Heap Min Capacity: 8M
 Heap Initial Capacity: 124M
 Heap Max Capacity: 1970M
 Pre-touch: Disabled
 Parallel Workers: 20
 Concurrent Workers: 5
 Concurrent Refinement Workers: 20
 Periodic GC: Disabled
Heap:
 garbage-first heap   total 134144K, used 117248K [0x0000000084e00000, 0x0000000100000000)
  region size 1024K, 61 young (62464K), 6 survivors (6144K)
 Metaspace       used 74173K, committed 74496K, reserved 1179648K
  class space    used 8112K, committed 8256K, reserved 1048576K
GC Heap History (20 events):
Event: 5.795 GC heap before
{Heap before GC invocations=17 (full 0):
 garbage-first heap   total 50176K, used 40246K [0x0000000084e00000, 0x0000000100000000)
  region size 1024K, 15 young (15360K), 3 survivors (3072K)
 Metaspace       used 45272K, committed 45568K, reserved 1114112K
  class space    used 5236K, committed 5376K, reserved 1048576K
}
Event: 5.800 GC heap after
{Heap after GC invocations=18 (full 0):
 garbage-first heap   total 50176K, used 32175K [0x0000000084e00000, 0x0000000100000000)
  region size 1024K, 2 young (2048K), 2 survivors (2048K)
 Metaspace       used 45272K, committed 45568K, reserved 1114112K
  class space    used 5236K, committed 5376K, reserved 1048576K
}
Event: 5.831 GC heap before
{Heap before GC invocations=18 (full 0):
 garbage-first heap   total 50176K, used 41391K [0x0000000084e00000, 0x0000000100000000)
  region size 1024K, 11 young (11264K), 2 survivors (2048K)
 Metaspace       used 45314K, committed 45632K, reserved 1114112K
  class space    used 5236K, committed 5376K, reserved 1048576K
}
Event: 5.837 GC heap after
{Heap after GC invocations=19 (full 0):
 garbage-first heap   total 86016K, used 35431K [0x0000000084e00000, 0x0000000100000000)
  region size 1024K, 2 young (2048K), 2 survivors (2048K)
 Metaspace       used 45314K, committed 45632K, reserved 1114112K
  class space    used 5236K, committed 5376K, reserved 1048576K
}
Event: 7.152 GC heap before
{Heap before GC invocations=19 (full 0):
 garbage-first heap   total 86016K, used 64103K [0x0000000084e00000, 0x0000000100000000)
  region size 1024K, 31 young (31744K), 2 survivors (2048K)
 Metaspace       used 52551K, committed 52864K, reserved 1114112K
  class space    used 6118K, committed 6272K, reserved 1048576K
}
Event: 7.161 GC heap after
{Heap after GC invocations=20 (full 0):
 garbage-first heap   total 86016K, used 39614K [0x0000000084e00000, 0x0000000100000000)
  region size 1024K, 4 young (4096K), 4 survivors (4096K)
 Metaspace       used 52551K, committed 52864K, reserved 1114112K
  class space    used 6118K, committed 6272K, reserved 1048576K
}
Event: 7.871 GC heap before
{Heap before GC invocations=20 (full 0):
 garbage-first heap   total 86016K, used 66238K [0x0000000084e00000, 0x0000000100000000)
  region size 1024K, 30 young (30720K), 4 survivors (4096K)
 Metaspace       used 57289K, committed 57600K, reserved 1114112K
  class space    used 6626K, committed 6784K, reserved 1048576K
}
Event: 7.881 GC heap after
{Heap after GC invocations=21 (full 0):
 garbage-first heap   total 86016K, used 44032K [0x0000000084e00000, 0x0000000100000000)
  region size 1024K, 4 young (4096K), 4 survivors (4096K)
 Metaspace       used 57289K, committed 57600K, reserved 1114112K
  class space    used 6626K, committed 6784K, reserved 1048576K
}
Event: 8.638 GC heap before
{Heap before GC invocations=22 (full 0):
 garbage-first heap   total 86016K, used 69632K [0x0000000084e00000, 0x0000000100000000)
  region size 1024K, 29 young (29696K), 4 survivors (4096K)
 Metaspace       used 61171K, committed 61440K, reserved 1114112K
  class space    used 7174K, committed 7296K, reserved 1048576K
}
Event: 8.650 GC heap after
{Heap after GC invocations=23 (full 0):
 garbage-first heap   total 86016K, used 48483K [0x0000000084e00000, 0x0000000100000000)
  region size 1024K, 4 young (4096K), 4 survivors (4096K)
 Metaspace       used 61171K, committed 61440K, reserved 1114112K
  class space    used 7174K, committed 7296K, reserved 1048576K
}
Event: 9.410 GC heap before
{Heap before GC invocations=23 (full 0):
 garbage-first heap   total 86016K, used 72035K [0x0000000084e00000, 0x0000000100000000)
  region size 1024K, 27 young (27648K), 4 survivors (4096K)
 Metaspace       used 63121K, committed 63424K, reserved 1114112K
  class space    used 7270K, committed 7424K, reserved 1048576K
}
Event: 9.422 GC heap after
{Heap after GC invocations=24 (full 0):
 garbage-first heap   total 86016K, used 51085K [0x0000000084e00000, 0x0000000100000000)
  region size 1024K, 3 young (3072K), 3 survivors (3072K)
 Metaspace       used 63121K, committed 63424K, reserved 1114112K
  class space    used 7270K, committed 7424K, reserved 1048576K
}
Event: 9.703 GC heap before
{Heap before GC invocations=24 (full 0):
 garbage-first heap   total 86016K, used 73613K [0x0000000084e00000, 0x0000000100000000)
  region size 1024K, 25 young (25600K), 3 survivors (3072K)
 Metaspace       used 63431K, committed 63744K, reserved 1114112K
  class space    used 7274K, committed 7424K, reserved 1048576K
}
Event: 9.717 GC heap after
{Heap after GC invocations=25 (full 0):
 garbage-first heap   total 134144K, used 55168K [0x0000000084e00000, 0x0000000100000000)
  region size 1024K, 4 young (4096K), 4 survivors (4096K)
 Metaspace       used 63431K, committed 63744K, reserved 1114112K
  class space    used 7274K, committed 7424K, reserved 1048576K
}
Event: 10.870 GC heap before
{Heap before GC invocations=26 (full 0):
 garbage-first heap   total 134144K, used 104320K [0x0000000084e00000, 0x0000000100000000)
  region size 1024K, 53 young (54272K), 4 survivors (4096K)
 Metaspace       used 64072K, committed 64384K, reserved 1114112K
  class space    used 7284K, committed 7424K, reserved 1048576K
}
Event: 10.879 GC heap after
{Heap after GC invocations=27 (full 0):
 garbage-first heap   total 134144K, used 57066K [0x0000000084e00000, 0x0000000100000000)
  region size 1024K, 3 young (3072K), 3 survivors (3072K)
 Metaspace       used 64072K, committed 64384K, reserved 1114112K
  class space    used 7284K, committed 7424K, reserved 1048576K
}
Event: 11.887 GC heap before
{Heap before GC invocations=27 (full 0):
 garbage-first heap   total 134144K, used 114410K [0x0000000084e00000, 0x0000000100000000)
  region size 1024K, 59 young (60416K), 3 survivors (3072K)
 Metaspace       used 64321K, committed 64576K, reserved 1114112K
  class space    used 7284K, committed 7424K, reserved 1048576K
}
Event: 11.897 GC heap after
{Heap after GC invocations=28 (full 0):
 garbage-first heap   total 134144K, used 60772K [0x0000000084e00000, 0x0000000100000000)
  region size 1024K, 7 young (7168K), 7 survivors (7168K)
 Metaspace       used 64321K, committed 64576K, reserved 1114112K
  class space    used 7284K, committed 7424K, reserved 1048576K
}
Event: 13.635 GC heap before
{Heap before GC invocations=28 (full 0):
 garbage-first heap   total 134144K, used 116068K [0x0000000084e00000, 0x0000000100000000)
  region size 1024K, 61 young (62464K), 7 survivors (7168K)
 Metaspace       used 68614K, committed 68928K, reserved 1114112K
  class space    used 7619K, committed 7744K, reserved 1048576K
}
Event: 13.646 GC heap after
{Heap after GC invocations=29 (full 0):
 garbage-first heap   total 134144K, used 62976K [0x0000000084e00000, 0x0000000100000000)
  region size 1024K, 6 young (6144K), 6 survivors (6144K)
 Metaspace       used 68614K, committed 68928K, reserved 1114112K
  class space    used 7619K, committed 7744K, reserved 1048576K
}

