# JRE version: OpenJDK Runtime Environment (21.0.8) (build 21.0.8+-14196175-b1038.72)
# Java VM: OpenJDK 64-Bit Server VM (21.0.8+-14196175-b1038.72, mixed mode, tiered, compressed oops, compressed class ptrs, g1 gc, windows-amd64)
GC Precious Log:
 CardTable entry size: 512
 Card Set container configuration: InlinePtr #cards 5 size 8 Array Of Cards #cards 12 size 40 Howl #buckets 4 coarsen threshold 1843 Howl Bitmap #cards 512 size 80 coarsen threshold 460 Card regions per heap region 1 cards per card region 2048
 CPUs: 28 total, 28 available
 Memory: 7878M
 Large Page Support: Disabled
 NUMA Support: Disabled
 Compressed Oops: Enabled (32-bit)
 Heap Region Size: 1M
 Heap Min Capacity: 8M
 Heap Initial Capacity: 124M
 Heap Max Capacity: 1970M
 Pre-touch: Disabled
 Parallel Workers: 20
 Concurrent Workers: 5
 Concurrent Refinement Workers: 20
 Periodic GC: Disabled
Heap:
 garbage-first heap   total 250880K, used 55529K [0x0000000084e00000, 0x0000000100000000)
  region size 1024K, 3 young (3072K), 1 survivors (1024K)
 Metaspace       used 61547K, committed 61824K, reserved 1114112K
  class space    used 6970K, committed 7104K, reserved 1048576K
GC Heap History (20 events):
Event: 8.512 GC heap before
{Heap before GC invocations=21 (full 0):
 garbage-first heap   total 83968K, used 47104K [0x0000000084e00000, 0x0000000100000000)
  region size 1024K, 4 young (4096K), 2 survivors (2048K)
 Metaspace       used 54227K, committed 54528K, reserved 1114112K
  class space    used 6205K, committed 6336K, reserved 1048576K
}
Event: 8.516 GC heap after
{Heap after GC invocations=22 (full 0):
 garbage-first heap   total 83968K, used 45764K [0x0000000084e00000, 0x0000000100000000)
  region size 1024K, 1 young (1024K), 1 survivors (1024K)
 Metaspace       used 54227K, committed 54528K, reserved 1114112K
  class space    used 6205K, committed 6336K, reserved 1048576K
}
Event: 8.588 GC heap before
{Heap before GC invocations=23 (full 0):
 garbage-first heap   total 83968K, used 47812K [0x0000000084e00000, 0x0000000100000000)
  region size 1024K, 4 young (4096K), 1 survivors (1024K)
 Metaspace       used 54396K, committed 54656K, reserved 1114112K
  class space    used 6208K, committed 6336K, reserved 1048576K
}
Event: 8.591 GC heap after
{Heap after GC invocations=24 (full 0):
 garbage-first heap   total 83968K, used 45029K [0x0000000084e00000, 0x0000000100000000)
  region size 1024K, 1 young (1024K), 1 survivors (1024K)
 Metaspace       used 54396K, committed 54656K, reserved 1114112K
  class space    used 6208K, committed 6336K, reserved 1048576K
}
Event: 8.623 GC heap before
{Heap before GC invocations=24 (full 0):
 garbage-first heap   total 83968K, used 48101K [0x0000000084e00000, 0x0000000100000000)
  region size 1024K, 4 young (4096K), 1 survivors (1024K)
 Metaspace       used 54529K, committed 54784K, reserved 1114112K
  class space    used 6216K, committed 6336K, reserved 1048576K
}
Event: 8.625 GC heap after
{Heap after GC invocations=25 (full 0):
 garbage-first heap   total 83968K, used 45227K [0x0000000084e00000, 0x0000000100000000)
  region size 1024K, 1 young (1024K), 1 survivors (1024K)
 Metaspace       used 54529K, committed 54784K, reserved 1114112K
  class space    used 6216K, committed 6336K, reserved 1048576K
}
Event: 8.665 GC heap before
{Heap before GC invocations=25 (full 0):
 garbage-first heap   total 83968K, used 48299K [0x0000000084e00000, 0x0000000100000000)
  region size 1024K, 4 young (4096K), 1 survivors (1024K)
 Metaspace       used 54665K, committed 54912K, reserved 1114112K
  class space    used 6221K, committed 6336K, reserved 1048576K
}
Event: 8.668 GC heap after
{Heap after GC invocations=26 (full 0):
 garbage-first heap   total 83968K, used 45826K [0x0000000084e00000, 0x0000000100000000)
  region size 1024K, 1 young (1024K), 1 survivors (1024K)
 Metaspace       used 54665K, committed 54912K, reserved 1114112K
  class space    used 6221K, committed 6336K, reserved 1048576K
}
Event: 8.673 GC heap before
{Heap before GC invocations=26 (full 0):
 garbage-first heap   total 83968K, used 47874K [0x0000000084e00000, 0x0000000100000000)
  region size 1024K, 4 young (4096K), 1 survivors (1024K)
 Metaspace       used 54680K, committed 54912K, reserved 1114112K
  class space    used 6222K, committed 6336K, reserved 1048576K
}
Event: 9.579 GC heap after
{Heap after GC invocations=27 (full 0):
 garbage-first heap   total 250880K, used 47084K [0x0000000084e00000, 0x0000000100000000)
  region size 1024K, 1 young (1024K), 1 survivors (1024K)
 Metaspace       used 54680K, committed 54912K, reserved 1114112K
  class space    used 6222K, committed 6336K, reserved 1048576K
}
Event: 9.776 GC heap before
{Heap before GC invocations=27 (full 0):
 garbage-first heap   total 250880K, used 58348K [0x0000000084e00000, 0x0000000100000000)
  region size 1024K, 12 young (12288K), 1 survivors (1024K)
 Metaspace       used 55191K, committed 55488K, reserved 1114112K
  class space    used 6242K, committed 6336K, reserved 1048576K
}
Event: 9.779 GC heap after
{Heap after GC invocations=28 (full 0):
 garbage-first heap   total 250880K, used 48926K [0x0000000084e00000, 0x0000000100000000)
  region size 1024K, 2 young (2048K), 2 survivors (2048K)
 Metaspace       used 55191K, committed 55488K, reserved 1114112K
  class space    used 6242K, committed 6336K, reserved 1048576K
}
Event: 9.972 GC heap before
{Heap before GC invocations=28 (full 0):
 garbage-first heap   total 250880K, used 59166K [0x0000000084e00000, 0x0000000100000000)
  region size 1024K, 12 young (12288K), 2 survivors (2048K)
 Metaspace       used 58488K, committed 58816K, reserved 1114112K
  class space    used 6692K, committed 6848K, reserved 1048576K
}
Event: 9.974 GC heap after
{Heap after GC invocations=29 (full 0):
 garbage-first heap   total 250880K, used 50296K [0x0000000084e00000, 0x0000000100000000)
  region size 1024K, 2 young (2048K), 2 survivors (2048K)
 Metaspace       used 58488K, committed 58816K, reserved 1114112K
  class space    used 6692K, committed 6848K, reserved 1048576K
}
Event: 10.134 GC heap before
{Heap before GC invocations=29 (full 0):
 garbage-first heap   total 250880K, used 60536K [0x0000000084e00000, 0x0000000100000000)
  region size 1024K, 12 young (12288K), 2 survivors (2048K)
 Metaspace       used 58803K, committed 59136K, reserved 1114112K
  class space    used 6702K, committed 6848K, reserved 1048576K
}
Event: 10.136 GC heap after
{Heap after GC invocations=30 (full 0):
 garbage-first heap   total 250880K, used 52035K [0x0000000084e00000, 0x0000000100000000)
  region size 1024K, 2 young (2048K), 2 survivors (2048K)
 Metaspace       used 58803K, committed 59136K, reserved 1114112K
  class space    used 6702K, committed 6848K, reserved 1048576K
}
Event: 10.272 GC heap before
{Heap before GC invocations=30 (full 0):
 garbage-first heap   total 250880K, used 62275K [0x0000000084e00000, 0x0000000100000000)
  region size 1024K, 12 young (12288K), 2 survivors (2048K)
 Metaspace       used 59108K, committed 59392K, reserved 1114112K
  class space    used 6714K, committed 6848K, reserved 1048576K
}
Event: 10.275 GC heap after
{Heap after GC invocations=31 (full 0):
 garbage-first heap   total 250880K, used 53623K [0x0000000084e00000, 0x0000000100000000)
  region size 1024K, 2 young (2048K), 2 survivors (2048K)
 Metaspace       used 59108K, committed 59392K, reserved 1114112K
  class space    used 6714K, committed 6848K, reserved 1048576K
}
Event: 10.444 GC heap before
{Heap before GC invocations=31 (full 0):
 garbage-first heap   total 250880K, used 62839K [0x0000000084e00000, 0x0000000100000000)
  region size 1024K, 12 young (12288K), 2 survivors (2048K)
 Metaspace       used 61271K, committed 61568K, reserved 1114112K
  class space    used 6942K, committed 7104K, reserved 1048576K
}
Event: 10.446 GC heap after
{Heap after GC invocations=32 (full 0):
 garbage-first heap   total 250880K, used 54505K [0x0000000084e00000, 0x0000000100000000)
  region size 1024K, 1 young (1024K), 1 survivors (1024K)
 Metaspace       used 61271K, committed 61568K, reserved 1114112K
  class space    used 6942K, committed 7104K, reserved 1048576K
}

