# JRE version: OpenJDK Runtime Environment (21.0.8) (build 21.0.8+-14196175-b1038.72)
# Java VM: OpenJDK 64-Bit Server VM (21.0.8+-14196175-b1038.72, mixed mode, tiered, compressed oops, compressed class ptrs, g1 gc, windows-amd64)
GC Precious Log:
 CardTable entry size: 512
 Card Set container configuration: InlinePtr #cards 5 size 8 Array Of Cards #cards 12 size 40 Howl #buckets 4 coarsen threshold 1843 Howl Bitmap #cards 512 size 80 coarsen threshold 460 Card regions per heap region 1 cards per card region 2048
 CPUs: 28 total, 28 available
 Memory: 7878M
 Large Page Support: Disabled
 NUMA Support: Disabled
 Compressed Oops: Enabled (32-bit)
 Heap Region Size: 1M
 Heap Min Capacity: 8M
 Heap Initial Capacity: 124M
 Heap Max Capacity: 1970M
 Pre-touch: Disabled
 Parallel Workers: 20
 Concurrent Workers: 5
 Concurrent Refinement Workers: 20
 Periodic GC: Disabled
Heap:
 garbage-first heap   total 58368K, used 37692K [0x0000000084e00000, 0x0000000100000000)
  region size 1024K, 2 young (2048K), 2 survivors (2048K)
 Metaspace       used 51192K, committed 51392K, reserved 1114112K
  class space    used 5929K, committed 6016K, reserved 1048576K
GC Heap History (20 events):
Event: 3.097 GC heap after
{Heap after GC invocations=6 (full 0):
 garbage-first heap   total 34816K, used 15872K [0x0000000084e00000, 0x0000000100000000)
  region size 1024K, 2 young (2048K), 2 survivors (2048K)
 Metaspace       used 30844K, committed 31040K, reserved 1114112K
  class space    used 3790K, committed 3904K, reserved 1048576K
}
Event: 3.361 GC heap before
{Heap before GC invocations=6 (full 0):
 garbage-first heap   total 34816K, used 27136K [0x0000000084e00000, 0x0000000100000000)
  region size 1024K, 14 young (14336K), 2 survivors (2048K)
 Metaspace       used 33273K, committed 33536K, reserved 1114112K
  class space    used 4048K, committed 4160K, reserved 1048576K
}
Event: 3.367 GC heap after
{Heap after GC invocations=7 (full 0):
 garbage-first heap   total 34816K, used 17117K [0x0000000084e00000, 0x0000000100000000)
  region size 1024K, 1 young (1024K), 1 survivors (1024K)
 Metaspace       used 33273K, committed 33536K, reserved 1114112K
  class space    used 4048K, committed 4160K, reserved 1048576K
}
Event: 3.700 GC heap before
{Heap before GC invocations=7 (full 0):
 garbage-first heap   total 34816K, used 26333K [0x0000000084e00000, 0x0000000100000000)
  region size 1024K, 11 young (11264K), 1 survivors (1024K)
 Metaspace       used 35814K, committed 35968K, reserved 1114112K
  class space    used 4326K, committed 4416K, reserved 1048576K
}
Event: 3.705 GC heap after
{Heap after GC invocations=8 (full 0):
 garbage-first heap   total 41984K, used 17824K [0x0000000084e00000, 0x0000000100000000)
  region size 1024K, 2 young (2048K), 2 survivors (2048K)
 Metaspace       used 35814K, committed 35968K, reserved 1114112K
  class space    used 4326K, committed 4416K, reserved 1048576K
}
Event: 4.229 GC heap before
{Heap before GC invocations=9 (full 0):
 garbage-first heap   total 41984K, used 33184K [0x0000000084e00000, 0x0000000100000000)
  region size 1024K, 18 young (18432K), 2 survivors (2048K)
 Metaspace       used 39808K, committed 40000K, reserved 1114112K
  class space    used 4713K, committed 4800K, reserved 1048576K
}
Event: 4.237 GC heap after
{Heap after GC invocations=10 (full 0):
 garbage-first heap   total 41984K, used 19305K [0x0000000084e00000, 0x0000000100000000)
  region size 1024K, 3 young (3072K), 3 survivors (3072K)
 Metaspace       used 39808K, committed 40000K, reserved 1114112K
  class space    used 4713K, committed 4800K, reserved 1048576K
}
Event: 4.587 GC heap before
{Heap before GC invocations=10 (full 0):
 garbage-first heap   total 41984K, used 35689K [0x0000000084e00000, 0x0000000100000000)
  region size 1024K, 19 young (19456K), 3 survivors (3072K)
 Metaspace       used 43418K, committed 43584K, reserved 1114112K
  class space    used 5093K, committed 5184K, reserved 1048576K
}
Event: 4.594 GC heap after
{Heap after GC invocations=11 (full 0):
 garbage-first heap   total 41984K, used 19706K [0x0000000084e00000, 0x0000000100000000)
  region size 1024K, 2 young (2048K), 2 survivors (2048K)
 Metaspace       used 43418K, committed 43584K, reserved 1114112K
  class space    used 5093K, committed 5184K, reserved 1048576K
}
Event: 5.062 GC heap before
{Heap before GC invocations=11 (full 0):
 garbage-first heap   total 41984K, used 35066K [0x0000000084e00000, 0x0000000100000000)
  region size 1024K, 17 young (17408K), 2 survivors (2048K)
 Metaspace       used 46412K, committed 46656K, reserved 1114112K
  class space    used 5391K, committed 5504K, reserved 1048576K
}
Event: 5.068 GC heap after
{Heap after GC invocations=12 (full 0):
 garbage-first heap   total 41984K, used 21930K [0x0000000084e00000, 0x0000000100000000)
  region size 1024K, 3 young (3072K), 3 survivors (3072K)
 Metaspace       used 46412K, committed 46656K, reserved 1114112K
  class space    used 5391K, committed 5504K, reserved 1048576K
}
Event: 5.070 GC heap before
{Heap before GC invocations=12 (full 0):
 garbage-first heap   total 41984K, used 21930K [0x0000000084e00000, 0x0000000100000000)
  region size 1024K, 4 young (4096K), 3 survivors (3072K)
 Metaspace       used 46414K, committed 46656K, reserved 1114112K
  class space    used 5391K, committed 5504K, reserved 1048576K
}
Event: 5.076 GC heap after
{Heap after GC invocations=13 (full 0):
 garbage-first heap   total 51200K, used 22628K [0x0000000084e00000, 0x0000000100000000)
  region size 1024K, 1 young (1024K), 1 survivors (1024K)
 Metaspace       used 46414K, committed 46656K, reserved 1114112K
  class space    used 5391K, committed 5504K, reserved 1048576K
}
Event: 5.155 GC heap before
{Heap before GC invocations=13 (full 0):
 garbage-first heap   total 51200K, used 43108K [0x0000000084e00000, 0x0000000100000000)
  region size 1024K, 20 young (20480K), 1 survivors (1024K)
 Metaspace       used 46577K, committed 46784K, reserved 1114112K
  class space    used 5397K, committed 5504K, reserved 1048576K
}
Event: 5.168 GC heap after
{Heap after GC invocations=14 (full 0):
 garbage-first heap   total 51200K, used 30720K [0x0000000084e00000, 0x0000000100000000)
  region size 1024K, 3 young (3072K), 3 survivors (3072K)
 Metaspace       used 46577K, committed 46784K, reserved 1114112K
  class space    used 5397K, committed 5504K, reserved 1048576K
}
Event: 5.329 GC heap before
{Heap before GC invocations=14 (full 0):
 garbage-first heap   total 51200K, used 43008K [0x0000000084e00000, 0x0000000100000000)
  region size 1024K, 15 young (15360K), 3 survivors (3072K)
 Metaspace       used 46964K, committed 47168K, reserved 1114112K
  class space    used 5418K, committed 5504K, reserved 1048576K
}
Event: 5.337 GC heap after
{Heap after GC invocations=15 (full 0):
 garbage-first heap   total 51200K, used 34816K [0x0000000084e00000, 0x0000000100000000)
  region size 1024K, 2 young (2048K), 2 survivors (2048K)
 Metaspace       used 46964K, committed 47168K, reserved 1114112K
  class space    used 5418K, committed 5504K, reserved 1048576K
}
Event: 5.652 GC heap before
{Heap before GC invocations=16 (full 0):
 garbage-first heap   total 58368K, used 44032K [0x0000000084e00000, 0x0000000100000000)
  region size 1024K, 11 young (11264K), 2 survivors (2048K)
 Metaspace       used 48929K, committed 49216K, reserved 1114112K
  class space    used 5661K, committed 5760K, reserved 1048576K
}
Event: 5.658 GC heap after
{Heap after GC invocations=17 (full 0):
 garbage-first heap   total 58368K, used 36256K [0x0000000084e00000, 0x0000000100000000)
  region size 1024K, 1 young (1024K), 1 survivors (1024K)
 Metaspace       used 48929K, committed 49216K, reserved 1114112K
  class space    used 5661K, committed 5760K, reserved 1048576K
}
Event: 6.218 GC heap before
{Heap before GC invocations=17 (full 0):
 garbage-first heap   total 58368K, used 49568K [0x0000000084e00000, 0x0000000100000000)
  region size 1024K, 14 young (14336K), 1 survivors (1024K)
 Metaspace       used 51192K, committed 51392K, reserved 1114112K
  class space    used 5929K, committed 6016K, reserved 1048576K
}

