# JRE version: OpenJDK Runtime Environment (21.0.8) (build 21.0.8+-14196175-b1038.72)
# Java VM: OpenJDK 64-Bit Server VM (21.0.8+-14196175-b1038.72, mixed mode, tiered, compressed oops, compressed class ptrs, g1 gc, windows-amd64)
GC Precious Log:
 CardTable entry size: 512
 Card Set container configuration: InlinePtr #cards 5 size 8 Array Of Cards #cards 12 size 40 Howl #buckets 4 coarsen threshold 1843 Howl Bitmap #cards 512 size 80 coarsen threshold 460 Card regions per heap region 1 cards per card region 2048
 CPUs: 28 total, 28 available
 Memory: 7878M
 Large Page Support: Disabled
 NUMA Support: Disabled
 Compressed Oops: Enabled (32-bit)
 Heap Region Size: 1M
 Heap Min Capacity: 8M
 Heap Initial Capacity: 124M
 Heap Max Capacity: 1970M
 Pre-touch: Disabled
 Parallel Workers: 20
 Concurrent Workers: 5
 Concurrent Refinement Workers: 20
 Periodic GC: Disabled
Heap:
 garbage-first heap   total 76800K, used 41432K [0x0000000084e00000, 0x0000000100000000)
  region size 1024K, 16 young (16384K), 2 survivors (2048K)
 Metaspace       used 46689K, committed 46912K, reserved 1114112K
  class space    used 5437K, committed 5568K, reserved 1048576K
GC Heap History (20 events):
Event: 4.036 GC heap before
{Heap before GC invocations=4 (full 0):
 garbage-first heap   total 31744K, used 21316K [0x0000000084e00000, 0x0000000100000000)
  region size 1024K, 15 young (15360K), 7 survivors (7168K)
 Metaspace       used 24944K, committed 25216K, reserved 1114112K
  class space    used 2664K, committed 2816K, reserved 1048576K
}
Event: 4.046 GC heap after
{Heap after GC invocations=5 (full 0):
 garbage-first heap   total 31744K, used 14336K [0x0000000084e00000, 0x0000000100000000)
  region size 1024K, 1 young (1024K), 1 survivors (1024K)
 Metaspace       used 24944K, committed 25216K, reserved 1114112K
  class space    used 2664K, committed 2816K, reserved 1048576K
}
Event: 4.551 GC heap before
{Heap before GC invocations=5 (full 0):
 garbage-first heap   total 31744K, used 24576K [0x0000000084e00000, 0x0000000100000000)
  region size 1024K, 12 young (12288K), 1 survivors (1024K)
 Metaspace       used 29229K, committed 29504K, reserved 1114112K
  class space    used 3618K, committed 3776K, reserved 1048576K
}
Event: 4.553 GC heap after
{Heap after GC invocations=6 (full 0):
 garbage-first heap   total 31744K, used 14176K [0x0000000084e00000, 0x0000000100000000)
  region size 1024K, 1 young (1024K), 1 survivors (1024K)
 Metaspace       used 29229K, committed 29504K, reserved 1114112K
  class space    used 3618K, committed 3776K, reserved 1048576K
}
Event: 4.985 GC heap before
{Heap before GC invocations=6 (full 0):
 garbage-first heap   total 31744K, used 24416K [0x0000000084e00000, 0x0000000100000000)
  region size 1024K, 12 young (12288K), 1 survivors (1024K)
 Metaspace       used 31157K, committed 31360K, reserved 1114112K
  class space    used 3819K, committed 3904K, reserved 1048576K
}
Event: 4.992 GC heap after
{Heap after GC invocations=7 (full 0):
 garbage-first heap   total 31744K, used 16384K [0x0000000084e00000, 0x0000000100000000)
  region size 1024K, 2 young (2048K), 2 survivors (2048K)
 Metaspace       used 31157K, committed 31360K, reserved 1114112K
  class space    used 3819K, committed 3904K, reserved 1048576K
}
Event: 5.388 GC heap before
{Heap before GC invocations=7 (full 0):
 garbage-first heap   total 31744K, used 25600K [0x0000000084e00000, 0x0000000100000000)
  region size 1024K, 12 young (12288K), 2 survivors (2048K)
 Metaspace       used 33396K, committed 33664K, reserved 1114112K
  class space    used 4058K, committed 4160K, reserved 1048576K
}
Event: 5.394 GC heap after
{Heap after GC invocations=8 (full 0):
 garbage-first heap   total 38912K, used 16709K [0x0000000084e00000, 0x0000000100000000)
  region size 1024K, 1 young (1024K), 1 survivors (1024K)
 Metaspace       used 33396K, committed 33664K, reserved 1114112K
  class space    used 4058K, committed 4160K, reserved 1048576K
}
Event: 6.045 GC heap before
{Heap before GC invocations=9 (full 0):
 garbage-first heap   total 38912K, used 31045K [0x0000000084e00000, 0x0000000100000000)
  region size 1024K, 16 young (16384K), 1 survivors (1024K)
 Metaspace       used 37332K, committed 37568K, reserved 1114112K
  class space    used 4441K, committed 4544K, reserved 1048576K
}
Event: 6.049 GC heap after
{Heap after GC invocations=10 (full 0):
 garbage-first heap   total 38912K, used 17755K [0x0000000084e00000, 0x0000000100000000)
  region size 1024K, 2 young (2048K), 2 survivors (2048K)
 Metaspace       used 37332K, committed 37568K, reserved 1114112K
  class space    used 4441K, committed 4544K, reserved 1048576K
}
Event: 6.582 GC heap before
{Heap before GC invocations=10 (full 0):
 garbage-first heap   total 38912K, used 31067K [0x0000000084e00000, 0x0000000100000000)
  region size 1024K, 16 young (16384K), 2 survivors (2048K)
 Metaspace       used 41059K, committed 41280K, reserved 1114112K
  class space    used 4836K, committed 4928K, reserved 1048576K
}
Event: 6.588 GC heap after
{Heap after GC invocations=11 (full 0):
 garbage-first heap   total 38912K, used 18226K [0x0000000084e00000, 0x0000000100000000)
  region size 1024K, 1 young (1024K), 1 survivors (1024K)
 Metaspace       used 41059K, committed 41280K, reserved 1114112K
  class space    used 4836K, committed 4928K, reserved 1048576K
}
Event: 7.164 GC heap before
{Heap before GC invocations=11 (full 0):
 garbage-first heap   total 38912K, used 33586K [0x0000000084e00000, 0x0000000100000000)
  region size 1024K, 16 young (16384K), 1 survivors (1024K)
 Metaspace       used 44449K, committed 44672K, reserved 1114112K
  class space    used 5211K, committed 5312K, reserved 1048576K
}
Event: 7.170 GC heap after
{Heap after GC invocations=12 (full 0):
 garbage-first heap   total 38912K, used 19702K [0x0000000084e00000, 0x0000000100000000)
  region size 1024K, 2 young (2048K), 2 survivors (2048K)
 Metaspace       used 44449K, committed 44672K, reserved 1114112K
  class space    used 5211K, committed 5312K, reserved 1048576K
}
Event: 7.362 GC heap before
{Heap before GC invocations=12 (full 0):
 garbage-first heap   total 38912K, used 25846K [0x0000000084e00000, 0x0000000100000000)
  region size 1024K, 9 young (9216K), 2 survivors (2048K)
 Metaspace       used 45979K, committed 46272K, reserved 1114112K
  class space    used 5384K, committed 5504K, reserved 1048576K
}
Event: 7.367 GC heap after
{Heap after GC invocations=13 (full 0):
 garbage-first heap   total 38912K, used 20988K [0x0000000084e00000, 0x0000000100000000)
  region size 1024K, 2 young (2048K), 2 survivors (2048K)
 Metaspace       used 45979K, committed 46272K, reserved 1114112K
  class space    used 5384K, committed 5504K, reserved 1048576K
}
Event: 7.409 GC heap before
{Heap before GC invocations=14 (full 0):
 garbage-first heap   total 39936K, used 33276K [0x0000000084e00000, 0x0000000100000000)
  region size 1024K, 13 young (13312K), 2 survivors (2048K)
 Metaspace       used 46034K, committed 46336K, reserved 1114112K
  class space    used 5384K, committed 5504K, reserved 1048576K
}
Event: 7.416 GC heap after
{Heap after GC invocations=15 (full 0):
 garbage-first heap   total 39936K, used 25898K [0x0000000084e00000, 0x0000000100000000)
  region size 1024K, 2 young (2048K), 2 survivors (2048K)
 Metaspace       used 46034K, committed 46336K, reserved 1114112K
  class space    used 5384K, committed 5504K, reserved 1048576K
}
Event: 7.442 GC heap before
{Heap before GC invocations=15 (full 0):
 garbage-first heap   total 39936K, used 33066K [0x0000000084e00000, 0x0000000100000000)
  region size 1024K, 9 young (9216K), 2 survivors (2048K)
 Metaspace       used 46044K, committed 46336K, reserved 1114112K
  class space    used 5384K, committed 5504K, reserved 1048576K
}
Event: 7.448 GC heap after
{Heap after GC invocations=16 (full 0):
 garbage-first heap   total 76800K, used 29144K [0x0000000084e00000, 0x0000000100000000)
  region size 1024K, 2 young (2048K), 2 survivors (2048K)
 Metaspace       used 46044K, committed 46336K, reserved 1114112K
  class space    used 5384K, committed 5504K, reserved 1048576K
}

