# JRE version: OpenJDK Runtime Environment (21.0.8) (build 21.0.8+-14196175-b1038.72)
# Java VM: OpenJDK 64-Bit Server VM (21.0.8+-14196175-b1038.72, mixed mode, tiered, compressed oops, compressed class ptrs, g1 gc, windows-amd64)
GC Precious Log:
 CardTable entry size: 512
 Card Set container configuration: InlinePtr #cards 5 size 8 Array Of Cards #cards 12 size 40 Howl #buckets 4 coarsen threshold 1843 Howl Bitmap #cards 512 size 80 coarsen threshold 460 Card regions per heap region 1 cards per card region 2048
 CPUs: 28 total, 28 available
 Memory: 7878M
 Large Page Support: Disabled
 NUMA Support: Disabled
 Compressed Oops: Enabled (32-bit)
 Heap Region Size: 1M
 Heap Min Capacity: 8M
 Heap Initial Capacity: 124M
 Heap Max Capacity: 1970M
 Pre-touch: Disabled
 Parallel Workers: 20
 Concurrent Workers: 5
 Concurrent Refinement Workers: 20
 Periodic GC: Disabled
Heap:
 garbage-first heap   total 63488K, used 40831K [0x0000000084e00000, 0x0000000100000000)
  region size 1024K, 8 young (8192K), 3 survivors (3072K)
 Metaspace       used 52831K, committed 53056K, reserved 1114112K
  class space    used 6219K, committed 6336K, reserved 1048576K
GC Heap History (20 events):
Event: 1.198 GC heap before
{Heap before GC invocations=1 (full 0):
 garbage-first heap   total 126976K, used 29302K [0x0000000084e00000, 0x0000000100000000)
  region size 1024K, 27 young (27648K), 3 survivors (3072K)
 Metaspace       used 21336K, committed 21504K, reserved 1114112K
  class space    used 2235K, committed 2304K, reserved 1048576K
}
Event: 1.203 GC heap after
{Heap after GC invocations=2 (full 0):
 garbage-first heap   total 126976K, used 8411K [0x0000000084e00000, 0x0000000100000000)
  region size 1024K, 2 young (2048K), 2 survivors (2048K)
 Metaspace       used 21336K, committed 21504K, reserved 1114112K
  class space    used 2235K, committed 2304K, reserved 1048576K
}
Event: 1.440 GC heap before
{Heap before GC invocations=3 (full 0):
 garbage-first heap   total 30720K, used 29915K [0x0000000084e00000, 0x0000000100000000)
  region size 1024K, 23 young (23552K), 2 survivors (2048K)
 Metaspace       used 24737K, committed 24896K, reserved 1114112K
  class space    used 2678K, committed 2752K, reserved 1048576K
}
Event: 1.480 GC heap after
{Heap after GC invocations=4 (full 0):
 garbage-first heap   total 37888K, used 13892K [0x0000000084e00000, 0x0000000100000000)
  region size 1024K, 7 young (7168K), 7 survivors (7168K)
 Metaspace       used 24737K, committed 24896K, reserved 1114112K
  class space    used 2678K, committed 2752K, reserved 1048576K
}
Event: 2.152 GC heap before
{Heap before GC invocations=4 (full 0):
 garbage-first heap   total 37888K, used 27204K [0x0000000084e00000, 0x0000000100000000)
  region size 1024K, 20 young (20480K), 7 survivors (7168K)
 Metaspace       used 28472K, committed 28736K, reserved 1114112K
  class space    used 3090K, committed 3200K, reserved 1048576K
}
Event: 2.159 GC heap after
{Heap after GC invocations=5 (full 0):
 garbage-first heap   total 37888K, used 14836K [0x0000000084e00000, 0x0000000100000000)
  region size 1024K, 1 young (1024K), 1 survivors (1024K)
 Metaspace       used 28472K, committed 28736K, reserved 1114112K
  class space    used 3090K, committed 3200K, reserved 1048576K
}
Event: 3.588 GC heap before
{Heap before GC invocations=5 (full 0):
 garbage-first heap   total 37888K, used 29172K [0x0000000084e00000, 0x0000000100000000)
  region size 1024K, 16 young (16384K), 1 survivors (1024K)
 Metaspace       used 33252K, committed 33536K, reserved 1114112K
  class space    used 4142K, committed 4288K, reserved 1048576K
}
Event: 3.591 GC heap after
{Heap after GC invocations=6 (full 0):
 garbage-first heap   total 37888K, used 15860K [0x0000000084e00000, 0x0000000100000000)
  region size 1024K, 2 young (2048K), 2 survivors (2048K)
 Metaspace       used 33252K, committed 33536K, reserved 1114112K
  class space    used 4142K, committed 4288K, reserved 1048576K
}
Event: 3.722 GC heap before
{Heap before GC invocations=6 (full 0):
 garbage-first heap   total 37888K, used 30196K [0x0000000084e00000, 0x0000000100000000)
  region size 1024K, 17 young (17408K), 2 survivors (2048K)
 Metaspace       used 35685K, committed 35968K, reserved 1114112K
  class space    used 4387K, committed 4544K, reserved 1048576K
}
Event: 3.726 GC heap after
{Heap after GC invocations=7 (full 0):
 garbage-first heap   total 37888K, used 18220K [0x0000000084e00000, 0x0000000100000000)
  region size 1024K, 3 young (3072K), 3 survivors (3072K)
 Metaspace       used 35685K, committed 35968K, reserved 1114112K
  class space    used 4387K, committed 4544K, reserved 1048576K
}
Event: 3.945 GC heap before
{Heap before GC invocations=8 (full 0):
 garbage-first heap   total 37888K, used 30508K [0x0000000084e00000, 0x0000000100000000)
  region size 1024K, 16 young (16384K), 3 survivors (3072K)
 Metaspace       used 39021K, committed 39232K, reserved 1114112K
  class space    used 4725K, committed 4864K, reserved 1048576K
}
Event: 3.949 GC heap after
{Heap after GC invocations=9 (full 0):
 garbage-first heap   total 37888K, used 19176K [0x0000000084e00000, 0x0000000100000000)
  region size 1024K, 1 young (1024K), 1 survivors (1024K)
 Metaspace       used 39021K, committed 39232K, reserved 1114112K
  class space    used 4725K, committed 4864K, reserved 1048576K
}
Event: 5.115 GC heap before
{Heap before GC invocations=9 (full 0):
 garbage-first heap   total 37888K, used 31464K [0x0000000084e00000, 0x0000000100000000)
  region size 1024K, 13 young (13312K), 1 survivors (1024K)
 Metaspace       used 42654K, committed 42944K, reserved 1114112K
  class space    used 5113K, committed 5248K, reserved 1048576K
}
Event: 5.118 GC heap after
{Heap after GC invocations=10 (full 0):
 garbage-first heap   total 59392K, used 19400K [0x0000000084e00000, 0x0000000100000000)
  region size 1024K, 2 young (2048K), 2 survivors (2048K)
 Metaspace       used 42654K, committed 42944K, reserved 1114112K
  class space    used 5113K, committed 5248K, reserved 1048576K
}
Event: 5.407 GC heap before
{Heap before GC invocations=10 (full 0):
 garbage-first heap   total 59392K, used 48072K [0x0000000084e00000, 0x0000000100000000)
  region size 1024K, 30 young (30720K), 2 survivors (2048K)
 Metaspace       used 48046K, committed 48384K, reserved 1114112K
  class space    used 5676K, committed 5824K, reserved 1048576K
}
Event: 5.412 GC heap after
{Heap after GC invocations=11 (full 0):
 garbage-first heap   total 59392K, used 24068K [0x0000000084e00000, 0x0000000100000000)
  region size 1024K, 4 young (4096K), 4 survivors (4096K)
 Metaspace       used 48046K, committed 48384K, reserved 1114112K
  class space    used 5676K, committed 5824K, reserved 1048576K
}
Event: 5.487 GC heap before
{Heap before GC invocations=11 (full 0):
 garbage-first heap   total 59392K, used 49668K [0x0000000084e00000, 0x0000000100000000)
  region size 1024K, 29 young (29696K), 4 survivors (4096K)
 Metaspace       used 48379K, committed 48640K, reserved 1114112K
  class space    used 5700K, committed 5824K, reserved 1048576K
}
Event: 5.497 GC heap after
{Heap after GC invocations=12 (full 0):
 garbage-first heap   total 63488K, used 33631K [0x0000000084e00000, 0x0000000100000000)
  region size 1024K, 4 young (4096K), 4 survivors (4096K)
 Metaspace       used 48379K, committed 48640K, reserved 1114112K
  class space    used 5700K, committed 5824K, reserved 1048576K
}
Event: 5.766 GC heap before
{Heap before GC invocations=12 (full 0):
 garbage-first heap   total 63488K, used 51039K [0x0000000084e00000, 0x0000000100000000)
  region size 1024K, 22 young (22528K), 4 survivors (4096K)
 Metaspace       used 52309K, committed 52608K, reserved 1114112K
  class space    used 6127K, committed 6272K, reserved 1048576K
}
Event: 5.772 GC heap after
{Heap after GC invocations=13 (full 0):
 garbage-first heap   total 63488K, used 36735K [0x0000000084e00000, 0x0000000100000000)
  region size 1024K, 3 young (3072K), 3 survivors (3072K)
 Metaspace       used 52309K, committed 52608K, reserved 1114112K
  class space    used 6127K, committed 6272K, reserved 1048576K
}

