# JRE version: OpenJDK Runtime Environment (21.0.8) (build 21.0.8+-14196175-b1038.72)
# Java VM: OpenJDK 64-Bit Server VM (21.0.8+-14196175-b1038.72, mixed mode, tiered, compressed oops, compressed class ptrs, g1 gc, windows-amd64)
GC Precious Log:
 CardTable entry size: 512
 Card Set container configuration: InlinePtr #cards 5 size 8 Array Of Cards #cards 12 size 40 Howl #buckets 4 coarsen threshold 1843 Howl Bitmap #cards 512 size 80 coarsen threshold 460 Card regions per heap region 1 cards per card region 2048
 CPUs: 28 total, 28 available
 Memory: 7878M
 Large Page Support: Disabled
 NUMA Support: Disabled
 Compressed Oops: Enabled (32-bit)
 Heap Region Size: 1M
 Heap Min Capacity: 8M
 Heap Initial Capacity: 124M
 Heap Max Capacity: 1970M
 Pre-touch: Disabled
 Parallel Workers: 20
 Concurrent Workers: 5
 Concurrent Refinement Workers: 20
 Periodic GC: Disabled
Heap:
 garbage-first heap   total 94208K, used 54149K [0x0000000084e00000, 0x0000000100000000)
  region size 1024K, 4 young (4096K), 4 survivors (4096K)
 Metaspace       used 70630K, committed 70976K, reserved 1114112K
  class space    used 7607K, committed 7744K, reserved 1048576K
GC Heap History (20 events):
Event: 6.808 GC heap after
{Heap after GC invocations=13 (full 0):
 garbage-first heap   total 41984K, used 21798K [0x0000000084e00000, 0x0000000100000000)
  region size 1024K, 1 young (1024K), 1 survivors (1024K)
 Metaspace       used 46782K, committed 47040K, reserved 1114112K
  class space    used 5444K, committed 5568K, reserved 1048576K
}
Event: 6.869 GC heap before
{Heap before GC invocations=14 (full 0):
 garbage-first heap   total 41984K, used 35110K [0x0000000084e00000, 0x0000000100000000)
  region size 1024K, 13 young (13312K), 1 survivors (1024K)
 Metaspace       used 46810K, committed 47040K, reserved 1114112K
  class space    used 5444K, committed 5568K, reserved 1048576K
}
Event: 6.878 GC heap after
{Heap after GC invocations=15 (full 0):
 garbage-first heap   total 41984K, used 27389K [0x0000000084e00000, 0x0000000100000000)
  region size 1024K, 2 young (2048K), 2 survivors (2048K)
 Metaspace       used 46810K, committed 47040K, reserved 1114112K
  class space    used 5444K, committed 5568K, reserved 1048576K
}
Event: 6.965 GC heap before
{Heap before GC invocations=15 (full 0):
 garbage-first heap   total 41984K, used 33533K [0x0000000084e00000, 0x0000000100000000)
  region size 1024K, 9 young (9216K), 2 survivors (2048K)
 Metaspace       used 46925K, committed 47168K, reserved 1114112K
  class space    used 5458K, committed 5568K, reserved 1048576K
}
Event: 6.975 GC heap after
{Heap after GC invocations=16 (full 0):
 garbage-first heap   total 64512K, used 30151K [0x0000000084e00000, 0x0000000100000000)
  region size 1024K, 2 young (2048K), 2 survivors (2048K)
 Metaspace       used 46925K, committed 47168K, reserved 1114112K
  class space    used 5458K, committed 5568K, reserved 1048576K
}
Event: 7.500 GC heap before
{Heap before GC invocations=16 (full 0):
 garbage-first heap   total 64512K, used 49607K [0x0000000084e00000, 0x0000000100000000)
  region size 1024K, 21 young (21504K), 2 survivors (2048K)
 Metaspace       used 49591K, committed 49856K, reserved 1114112K
  class space    used 5743K, committed 5824K, reserved 1048576K
}
Event: 7.510 GC heap after
{Heap after GC invocations=17 (full 0):
 garbage-first heap   total 64512K, used 34368K [0x0000000084e00000, 0x0000000100000000)
  region size 1024K, 3 young (3072K), 3 survivors (3072K)
 Metaspace       used 49591K, committed 49856K, reserved 1114112K
  class space    used 5743K, committed 5824K, reserved 1048576K
}
Event: 8.267 GC heap before
{Heap before GC invocations=17 (full 0):
 garbage-first heap   total 64512K, used 50752K [0x0000000084e00000, 0x0000000100000000)
  region size 1024K, 20 young (20480K), 3 survivors (3072K)
 Metaspace       used 52429K, committed 52736K, reserved 1114112K
  class space    used 6092K, committed 6208K, reserved 1048576K
}
Event: 8.278 GC heap after
{Heap after GC invocations=18 (full 0):
 garbage-first heap   total 64512K, used 37055K [0x0000000084e00000, 0x0000000100000000)
  region size 1024K, 3 young (3072K), 3 survivors (3072K)
 Metaspace       used 52429K, committed 52736K, reserved 1114112K
  class space    used 6092K, committed 6208K, reserved 1048576K
}
Event: 8.691 GC heap before
{Heap before GC invocations=19 (full 0):
 garbage-first heap   total 64512K, used 53439K [0x0000000084e00000, 0x0000000100000000)
  region size 1024K, 19 young (19456K), 3 survivors (3072K)
 Metaspace       used 53486K, committed 53696K, reserved 1114112K
  class space    used 6190K, committed 6272K, reserved 1048576K
}
Event: 8.703 GC heap after
{Heap after GC invocations=20 (full 0):
 garbage-first heap   total 64512K, used 41192K [0x0000000084e00000, 0x0000000100000000)
  region size 1024K, 3 young (3072K), 3 survivors (3072K)
 Metaspace       used 53486K, committed 53696K, reserved 1114112K
  class space    used 6190K, committed 6272K, reserved 1048576K
}
Event: 9.398 GC heap before
{Heap before GC invocations=20 (full 0):
 garbage-first heap   total 64512K, used 54504K [0x0000000084e00000, 0x0000000100000000)
  region size 1024K, 16 young (16384K), 3 survivors (3072K)
 Metaspace       used 54495K, committed 54848K, reserved 1114112K
  class space    used 6254K, committed 6400K, reserved 1048576K
}
Event: 9.413 GC heap after
{Heap after GC invocations=21 (full 0):
 garbage-first heap   total 94208K, used 42951K [0x0000000084e00000, 0x0000000100000000)
  region size 1024K, 2 young (2048K), 2 survivors (2048K)
 Metaspace       used 54495K, committed 54848K, reserved 1114112K
  class space    used 6254K, committed 6400K, reserved 1048576K
}
Event: 11.020 GC heap before
{Heap before GC invocations=21 (full 0):
 garbage-first heap   total 94208K, used 73671K [0x0000000084e00000, 0x0000000100000000)
  region size 1024K, 32 young (32768K), 2 survivors (2048K)
 Metaspace       used 55971K, committed 56192K, reserved 1114112K
  class space    used 6318K, committed 6400K, reserved 1048576K
}
Event: 11.038 GC heap after
{Heap after GC invocations=22 (full 0):
 garbage-first heap   total 94208K, used 47752K [0x0000000084e00000, 0x0000000100000000)
  region size 1024K, 4 young (4096K), 4 survivors (4096K)
 Metaspace       used 55971K, committed 56192K, reserved 1114112K
  class space    used 6318K, committed 6400K, reserved 1048576K
}
Event: 12.677 GC heap before
{Heap before GC invocations=22 (full 0):
 garbage-first heap   total 94208K, used 75400K [0x0000000084e00000, 0x0000000100000000)
  region size 1024K, 31 young (31744K), 4 survivors (4096K)
 Metaspace       used 59795K, committed 60096K, reserved 1114112K
  class space    used 6668K, committed 6784K, reserved 1048576K
}
Event: 12.692 GC heap after
{Heap after GC invocations=23 (full 0):
 garbage-first heap   total 94208K, used 51506K [0x0000000084e00000, 0x0000000100000000)
  region size 1024K, 4 young (4096K), 4 survivors (4096K)
 Metaspace       used 59795K, committed 60096K, reserved 1114112K
  class space    used 6668K, committed 6784K, reserved 1048576K
}
Event: 14.303 GC heap before
{Heap before GC invocations=24 (full 0):
 garbage-first heap   total 94208K, used 77106K [0x0000000084e00000, 0x0000000100000000)
  region size 1024K, 30 young (30720K), 4 survivors (4096K)
 Metaspace       used 64994K, committed 65344K, reserved 1114112K
  class space    used 7119K, committed 7296K, reserved 1048576K
}
Event: 14.328 GC heap after
{Heap after GC invocations=25 (full 0):
 garbage-first heap   total 94208K, used 52471K [0x0000000084e00000, 0x0000000100000000)
  region size 1024K, 2 young (2048K), 2 survivors (2048K)
 Metaspace       used 64994K, committed 65344K, reserved 1114112K
  class space    used 7119K, committed 7296K, reserved 1048576K
}
Event: 15.562 GC heap before
{Heap before GC invocations=25 (full 0):
 garbage-first heap   total 94208K, used 80119K [0x0000000084e00000, 0x0000000100000000)
  region size 1024K, 29 young (29696K), 2 survivors (2048K)
 Metaspace       used 70630K, committed 70976K, reserved 1114112K
  class space    used 7607K, committed 7744K, reserved 1048576K
}

