# JRE version: OpenJDK Runtime Environment (21.0.8) (build 21.0.8+-14196175-b1038.72)
# Java VM: OpenJDK 64-Bit Server VM (21.0.8+-14196175-b1038.72, mixed mode, tiered, compressed oops, compressed class ptrs, g1 gc, windows-amd64)
GC Precious Log:
 CardTable entry size: 512
 Card Set container configuration: InlinePtr #cards 5 size 8 Array Of Cards #cards 12 size 40 Howl #buckets 4 coarsen threshold 1843 Howl Bitmap #cards 512 size 80 coarsen threshold 460 Card regions per heap region 1 cards per card region 2048
 CPUs: 28 total, 28 available
 Memory: 7878M
 Large Page Support: Disabled
 NUMA Support: Disabled
 Compressed Oops: Enabled (32-bit)
 Heap Region Size: 1M
 Heap Min Capacity: 8M
 Heap Initial Capacity: 124M
 Heap Max Capacity: 1970M
 Pre-touch: Disabled
 Parallel Workers: 20
 Concurrent Workers: 5
 Concurrent Refinement Workers: 20
 Periodic GC: Disabled
Heap:
 garbage-first heap   total 30720K, used 19918K [0x0000000084e00000, 0x0000000100000000)
  region size 1024K, 9 young (9216K), 1 survivors (1024K)
 Metaspace       used 29581K, committed 29824K, reserved 1114112K
  class space    used 3667K, committed 3776K, reserved 1048576K
GC Heap History (10 events):
Event: 2.453 GC heap before
{Heap before GC invocations=0 (full 0):
 garbage-first heap   total 126976K, used 26624K [0x0000000084e00000, 0x0000000100000000)
  region size 1024K, 23 young (23552K), 0 survivors (0K)
 Metaspace       used 14543K, committed 14656K, reserved 1114112K
  class space    used 1368K, committed 1408K, reserved 1048576K
}
Event: 2.456 GC heap after
{Heap after GC invocations=1 (full 0):
 garbage-first heap   total 126976K, used 6080K [0x0000000084e00000, 0x0000000100000000)
  region size 1024K, 3 young (3072K), 3 survivors (3072K)
 Metaspace       used 14543K, committed 14656K, reserved 1114112K
  class space    used 1368K, committed 1408K, reserved 1048576K
}
Event: 3.727 GC heap before
{Heap before GC invocations=1 (full 0):
 garbage-first heap   total 126976K, used 25536K [0x0000000084e00000, 0x0000000100000000)
  region size 1024K, 23 young (23552K), 3 survivors (3072K)
 Metaspace       used 21309K, committed 21504K, reserved 1114112K
  class space    used 2201K, committed 2304K, reserved 1048576K
}
Event: 3.730 GC heap after
{Heap after GC invocations=2 (full 0):
 garbage-first heap   total 126976K, used 7014K [0x0000000084e00000, 0x0000000100000000)
  region size 1024K, 1 young (1024K), 1 survivors (1024K)
 Metaspace       used 21309K, committed 21504K, reserved 1114112K
  class space    used 2201K, committed 2304K, reserved 1048576K
}
Event: 3.897 GC heap before
{Heap before GC invocations=3 (full 0):
 garbage-first heap   total 24576K, used 24422K [0x0000000084e00000, 0x0000000100000000)
  region size 1024K, 18 young (18432K), 1 survivors (1024K)
 Metaspace       used 23327K, committed 23552K, reserved 1114112K
  class space    used 2481K, committed 2560K, reserved 1048576K
}
Event: 4.918 GC heap after
{Heap after GC invocations=4 (full 0):
 garbage-first heap   total 30720K, used 12134K [0x0000000084e00000, 0x0000000100000000)
  region size 1024K, 6 young (6144K), 6 survivors (6144K)
 Metaspace       used 23327K, committed 23552K, reserved 1114112K
  class space    used 2481K, committed 2560K, reserved 1048576K
}
Event: 4.932 GC heap before
{Heap before GC invocations=4 (full 0):
 garbage-first heap   total 30720K, used 13158K [0x0000000084e00000, 0x0000000100000000)
  region size 1024K, 7 young (7168K), 6 survivors (6144K)
 Metaspace       used 23648K, committed 23872K, reserved 1114112K
  class space    used 2518K, committed 2624K, reserved 1048576K
}
Event: 4.937 GC heap after
{Heap after GC invocations=5 (full 0):
 garbage-first heap   total 30720K, used 13100K [0x0000000084e00000, 0x0000000100000000)
  region size 1024K, 1 young (1024K), 1 survivors (1024K)
 Metaspace       used 23648K, committed 23872K, reserved 1114112K
  class space    used 2518K, committed 2624K, reserved 1048576K
}
Event: 5.080 GC heap before
{Heap before GC invocations=5 (full 0):
 garbage-first heap   total 30720K, used 22316K [0x0000000084e00000, 0x0000000100000000)
  region size 1024K, 11 young (11264K), 1 survivors (1024K)
 Metaspace       used 26768K, committed 27008K, reserved 1114112K
  class space    used 2861K, committed 3008K, reserved 1048576K
}
Event: 5.081 GC heap after
{Heap after GC invocations=6 (full 0):
 garbage-first heap   total 30720K, used 12750K [0x0000000084e00000, 0x0000000100000000)
  region size 1024K, 1 young (1024K), 1 survivors (1024K)
 Metaspace       used 26768K, committed 27008K, reserved 1114112K
  class space    used 2861K, committed 3008K, reserved 1048576K
}

