# JRE version: OpenJDK Runtime Environment (21.0.8) (build 21.0.8+-14196175-b1038.72)
# Java VM: OpenJDK 64-Bit Server VM (21.0.8+-14196175-b1038.72, mixed mode, tiered, compressed oops, compressed class ptrs, g1 gc, windows-amd64)
GC Precious Log:
 CardTable entry size: 512
 Card Set container configuration: InlinePtr #cards 5 size 8 Array Of Cards #cards 12 size 40 Howl #buckets 4 coarsen threshold 1843 Howl Bitmap #cards 512 size 80 coarsen threshold 460 Card regions per heap region 1 cards per card region 2048
 CPUs: 28 total, 28 available
 Memory: 7878M
 Large Page Support: Disabled
 NUMA Support: Disabled
 Compressed Oops: Enabled (32-bit)
 Heap Region Size: 1M
 Heap Min Capacity: 8M
 Heap Initial Capacity: 124M
 Heap Max Capacity: 1970M
 Pre-touch: Disabled
 Parallel Workers: 20
 Concurrent Workers: 5
 Concurrent Refinement Workers: 20
 Periodic GC: Disabled
Heap:
 garbage-first heap   total 133120K, used 59068K [0x0000000084e00000, 0x0000000100000000)
  region size 1024K, 6 young (6144K), 5 survivors (5120K)
 Metaspace       used 91892K, committed 92288K, reserved 1179648K
  class space    used 10151K, committed 10304K, reserved 1048576K
GC Heap History (20 events):
Event: 10.360 GC heap after
{Heap after GC invocations=16 (full 0):
 garbage-first heap   total 43008K, used 27177K [0x0000000084e00000, 0x0000000100000000)
  region size 1024K, 2 young (2048K), 2 survivors (2048K)
 Metaspace       used 51640K, committed 51904K, reserved 1114112K
  class space    used 6105K, committed 6272K, reserved 1048576K
}
Event: 10.498 GC heap before
{Heap before GC invocations=16 (full 0):
 garbage-first heap   total 43008K, used 36393K [0x0000000084e00000, 0x0000000100000000)
  region size 1024K, 11 young (11264K), 2 survivors (2048K)
 Metaspace       used 51985K, committed 52224K, reserved 1114112K
  class space    used 6144K, committed 6272K, reserved 1048576K
}
Event: 10.510 GC heap after
{Heap after GC invocations=17 (full 0):
 garbage-first heap   total 43008K, used 30208K [0x0000000084e00000, 0x0000000100000000)
  region size 1024K, 2 young (2048K), 2 survivors (2048K)
 Metaspace       used 51985K, committed 52224K, reserved 1114112K
  class space    used 6144K, committed 6272K, reserved 1048576K
}
Event: 10.610 GC heap before
{Heap before GC invocations=17 (full 0):
 garbage-first heap   total 43008K, used 36352K [0x0000000084e00000, 0x0000000100000000)
  region size 1024K, 8 young (8192K), 2 survivors (2048K)
 Metaspace       used 52157K, committed 52416K, reserved 1114112K
  class space    used 6149K, committed 6272K, reserved 1048576K
}
Event: 10.618 GC heap after
{Heap after GC invocations=18 (full 0):
 garbage-first heap   total 83968K, used 32410K [0x0000000084e00000, 0x0000000100000000)
  region size 1024K, 1 young (1024K), 1 survivors (1024K)
 Metaspace       used 52157K, committed 52416K, reserved 1114112K
  class space    used 6149K, committed 6272K, reserved 1048576K
}
Event: 12.217 GC heap before
{Heap before GC invocations=19 (full 0):
 garbage-first heap   total 83968K, used 64154K [0x0000000084e00000, 0x0000000100000000)
  region size 1024K, 33 young (33792K), 1 survivors (1024K)
 Metaspace       used 58848K, committed 59200K, reserved 1114112K
  class space    used 7022K, committed 7168K, reserved 1048576K
}
Event: 12.298 GC heap after
{Heap after GC invocations=20 (full 0):
 garbage-first heap   total 83968K, used 37447K [0x0000000084e00000, 0x0000000100000000)
  region size 1024K, 5 young (5120K), 5 survivors (5120K)
 Metaspace       used 58848K, committed 59200K, reserved 1114112K
  class space    used 7022K, committed 7168K, reserved 1048576K
}
Event: 13.132 GC heap before
{Heap before GC invocations=20 (full 0):
 garbage-first heap   total 83968K, used 66119K [0x0000000084e00000, 0x0000000100000000)
  region size 1024K, 33 young (33792K), 5 survivors (5120K)
 Metaspace       used 60573K, committed 60864K, reserved 1114112K
  class space    used 7204K, committed 7360K, reserved 1048576K
}
Event: 13.152 GC heap after
{Heap after GC invocations=21 (full 0):
 garbage-first heap   total 83968K, used 43823K [0x0000000084e00000, 0x0000000100000000)
  region size 1024K, 5 young (5120K), 5 survivors (5120K)
 Metaspace       used 60573K, committed 60864K, reserved 1114112K
  class space    used 7204K, committed 7360K, reserved 1048576K
}
Event: 14.364 GC heap before
{Heap before GC invocations=21 (full 0):
 garbage-first heap   total 83968K, used 69423K [0x0000000084e00000, 0x0000000100000000)
  region size 1024K, 30 young (30720K), 5 survivors (5120K)
 Metaspace       used 63225K, committed 63488K, reserved 1114112K
  class space    used 7361K, committed 7488K, reserved 1048576K
}
Event: 14.381 GC heap after
{Heap after GC invocations=22 (full 0):
 garbage-first heap   total 83968K, used 48099K [0x0000000084e00000, 0x0000000100000000)
  region size 1024K, 4 young (4096K), 4 survivors (4096K)
 Metaspace       used 63225K, committed 63488K, reserved 1114112K
  class space    used 7361K, committed 7488K, reserved 1048576K
}
Event: 17.868 GC heap before
{Heap before GC invocations=23 (full 0):
 garbage-first heap   total 83968K, used 69603K [0x0000000084e00000, 0x0000000100000000)
  region size 1024K, 26 young (26624K), 4 survivors (4096K)
 Metaspace       used 63839K, committed 64128K, reserved 1114112K
  class space    used 7392K, committed 7552K, reserved 1048576K
}
Event: 17.920 GC heap after
{Heap after GC invocations=24 (full 0):
 garbage-first heap   total 101376K, used 50524K [0x0000000084e00000, 0x0000000100000000)
  region size 1024K, 4 young (4096K), 4 survivors (4096K)
 Metaspace       used 63839K, committed 64128K, reserved 1114112K
  class space    used 7392K, committed 7552K, reserved 1048576K
}
Event: 21.031 GC heap before
{Heap before GC invocations=24 (full 0):
 garbage-first heap   total 101376K, used 82268K [0x0000000084e00000, 0x0000000100000000)
  region size 1024K, 36 young (36864K), 4 survivors (4096K)
 Metaspace       used 69611K, committed 69952K, reserved 1114112K
  class space    used 7923K, committed 8064K, reserved 1048576K
}
Event: 21.077 GC heap after
{Heap after GC invocations=25 (full 0):
 garbage-first heap   total 101376K, used 51847K [0x0000000084e00000, 0x0000000100000000)
  region size 1024K, 3 young (3072K), 3 survivors (3072K)
 Metaspace       used 69611K, committed 69952K, reserved 1114112K
  class space    used 7923K, committed 8064K, reserved 1048576K
}
Event: 22.103 GC heap before
{Heap before GC invocations=25 (full 0):
 garbage-first heap   total 101376K, used 84615K [0x0000000084e00000, 0x0000000100000000)
  region size 1024K, 36 young (36864K), 3 survivors (3072K)
 Metaspace       used 76539K, committed 76800K, reserved 1179648K
  class space    used 8532K, committed 8640K, reserved 1048576K
}
Event: 22.131 GC heap after
{Heap after GC invocations=26 (full 0):
 garbage-first heap   total 101376K, used 55296K [0x0000000084e00000, 0x0000000100000000)
  region size 1024K, 5 young (5120K), 5 survivors (5120K)
 Metaspace       used 76539K, committed 76800K, reserved 1179648K
  class space    used 8532K, committed 8640K, reserved 1048576K
}
Event: 22.877 GC heap before
{Heap before GC invocations=27 (full 0):
 garbage-first heap   total 101376K, used 88064K [0x0000000084e00000, 0x0000000100000000)
  region size 1024K, 37 young (37888K), 5 survivors (5120K)
 Metaspace       used 84270K, committed 84608K, reserved 1179648K
  class space    used 9448K, committed 9600K, reserved 1048576K
}
Event: 22.916 GC heap after
{Heap after GC invocations=28 (full 0):
 garbage-first heap   total 101376K, used 58245K [0x0000000084e00000, 0x0000000100000000)
  region size 1024K, 3 young (3072K), 3 survivors (3072K)
 Metaspace       used 84270K, committed 84608K, reserved 1179648K
  class space    used 9448K, committed 9600K, reserved 1048576K
}
Event: 23.620 GC heap before
{Heap before GC invocations=28 (full 0):
 garbage-first heap   total 101376K, used 89989K [0x0000000084e00000, 0x0000000100000000)
  region size 1024K, 34 young (34816K), 3 survivors (3072K)
 Metaspace       used 91689K, committed 92032K, reserved 1179648K
  class space    used 10129K, committed 10240K, reserved 1048576K
}

