# JRE version: OpenJDK Runtime Environment (21.0.8) (build 21.0.8+-14196175-b1038.72)
# Java VM: OpenJDK 64-Bit Server VM (21.0.8+-14196175-b1038.72, mixed mode, tiered, compressed oops, compressed class ptrs, g1 gc, windows-amd64)
GC Precious Log:
 CardTable entry size: 512
 Card Set container configuration: InlinePtr #cards 5 size 8 Array Of Cards #cards 12 size 40 Howl #buckets 4 coarsen threshold 1843 Howl Bitmap #cards 512 size 80 coarsen threshold 460 Card regions per heap region 1 cards per card region 2048
 CPUs: 28 total, 28 available
 Memory: 7878M
 Large Page Support: Disabled
 NUMA Support: Disabled
 Compressed Oops: Enabled (32-bit)
 Heap Region Size: 1M
 Heap Min Capacity: 8M
 Heap Initial Capacity: 124M
 Heap Max Capacity: 1970M
 Pre-touch: Disabled
 Parallel Workers: 20
 Concurrent Workers: 5
 Concurrent Refinement Workers: 20
 Periodic GC: Disabled
Heap:
 garbage-first heap   total 112640K, used 52719K [0x0000000084e00000, 0x0000000100000000)
  region size 1024K, 9 young (9216K), 4 survivors (4096K)
 Metaspace       used 64922K, committed 65280K, reserved 1114112K
  class space    used 7184K, committed 7360K, reserved 1048576K
GC Heap History (20 events):
Event: 5.239 GC heap before
{Heap before GC invocations=9 (full 0):
 garbage-first heap   total 38912K, used 30872K [0x0000000084e00000, 0x0000000100000000)
  region size 1024K, 15 young (15360K), 1 survivors (1024K)
 Metaspace       used 39510K, committed 39744K, reserved 1114112K
  class space    used 4677K, committed 4800K, reserved 1048576K
}
Event: 5.244 GC heap after
{Heap after GC invocations=10 (full 0):
 garbage-first heap   total 38912K, used 18827K [0x0000000084e00000, 0x0000000100000000)
  region size 1024K, 2 young (2048K), 2 survivors (2048K)
 Metaspace       used 39510K, committed 39744K, reserved 1114112K
  class space    used 4677K, committed 4800K, reserved 1048576K
}
Event: 5.640 GC heap before
{Heap before GC invocations=10 (full 0):
 garbage-first heap   total 38912K, used 31115K [0x0000000084e00000, 0x0000000100000000)
  region size 1024K, 15 young (15360K), 2 survivors (2048K)
 Metaspace       used 42801K, committed 43072K, reserved 1114112K
  class space    used 5047K, committed 5184K, reserved 1048576K
}
Event: 5.649 GC heap after
{Heap after GC invocations=11 (full 0):
 garbage-first heap   total 38912K, used 19305K [0x0000000084e00000, 0x0000000100000000)
  region size 1024K, 1 young (1024K), 1 survivors (1024K)
 Metaspace       used 42801K, committed 43072K, reserved 1114112K
  class space    used 5047K, committed 5184K, reserved 1048576K
}
Event: 6.066 GC heap before
{Heap before GC invocations=11 (full 0):
 garbage-first heap   total 38912K, used 33641K [0x0000000084e00000, 0x0000000100000000)
  region size 1024K, 15 young (15360K), 1 survivors (1024K)
 Metaspace       used 45949K, committed 46208K, reserved 1114112K
  class space    used 5383K, committed 5504K, reserved 1048576K
}
Event: 6.071 GC heap after
{Heap after GC invocations=12 (full 0):
 garbage-first heap   total 38912K, used 20846K [0x0000000084e00000, 0x0000000100000000)
  region size 1024K, 2 young (2048K), 2 survivors (2048K)
 Metaspace       used 45949K, committed 46208K, reserved 1114112K
  class space    used 5383K, committed 5504K, reserved 1048576K
}
Event: 6.122 GC heap before
{Heap before GC invocations=13 (full 0):
 garbage-first heap   total 38912K, used 33134K [0x0000000084e00000, 0x0000000100000000)
  region size 1024K, 14 young (14336K), 2 survivors (2048K)
 Metaspace       used 46003K, committed 46272K, reserved 1114112K
  class space    used 5383K, committed 5504K, reserved 1048576K
}
Event: 6.134 GC heap after
{Heap after GC invocations=14 (full 0):
 garbage-first heap   total 49152K, used 26363K [0x0000000084e00000, 0x0000000100000000)
  region size 1024K, 2 young (2048K), 2 survivors (2048K)
 Metaspace       used 46003K, committed 46272K, reserved 1114112K
  class space    used 5383K, committed 5504K, reserved 1048576K
}
Event: 6.434 GC heap before
{Heap before GC invocations=14 (full 0):
 garbage-first heap   total 49152K, used 38651K [0x0000000084e00000, 0x0000000100000000)
  region size 1024K, 15 young (15360K), 2 survivors (2048K)
 Metaspace       used 46632K, committed 46912K, reserved 1114112K
  class space    used 5433K, committed 5568K, reserved 1048576K
}
Event: 6.451 GC heap after
{Heap after GC invocations=15 (full 0):
 garbage-first heap   total 49152K, used 30335K [0x0000000084e00000, 0x0000000100000000)
  region size 1024K, 2 young (2048K), 2 survivors (2048K)
 Metaspace       used 46632K, committed 46912K, reserved 1114112K
  class space    used 5433K, committed 5568K, reserved 1048576K
}
Event: 6.612 GC heap before
{Heap before GC invocations=15 (full 0):
 garbage-first heap   total 49152K, used 40575K [0x0000000084e00000, 0x0000000100000000)
  region size 1024K, 12 young (12288K), 2 survivors (2048K)
 Metaspace       used 47408K, committed 47680K, reserved 1114112K
  class space    used 5516K, committed 5632K, reserved 1048576K
}
Event: 6.619 GC heap after
{Heap after GC invocations=16 (full 0):
 garbage-first heap   total 49152K, used 33556K [0x0000000084e00000, 0x0000000100000000)
  region size 1024K, 2 young (2048K), 2 survivors (2048K)
 Metaspace       used 47408K, committed 47680K, reserved 1114112K
  class space    used 5516K, committed 5632K, reserved 1048576K
}
Event: 7.068 GC heap before
{Heap before GC invocations=17 (full 0):
 garbage-first heap   total 56320K, used 40724K [0x0000000084e00000, 0x0000000100000000)
  region size 1024K, 10 young (10240K), 2 survivors (2048K)
 Metaspace       used 49550K, committed 49792K, reserved 1114112K
  class space    used 5748K, committed 5824K, reserved 1048576K
}
Event: 7.074 GC heap after
{Heap after GC invocations=18 (full 0):
 garbage-first heap   total 56320K, used 34335K [0x0000000084e00000, 0x0000000100000000)
  region size 1024K, 1 young (1024K), 1 survivors (1024K)
 Metaspace       used 49550K, committed 49792K, reserved 1114112K
  class space    used 5748K, committed 5824K, reserved 1048576K
}
Event: 7.755 GC heap before
{Heap before GC invocations=18 (full 0):
 garbage-first heap   total 56320K, used 46623K [0x0000000084e00000, 0x0000000100000000)
  region size 1024K, 14 young (14336K), 1 survivors (1024K)
 Metaspace       used 51817K, committed 52032K, reserved 1114112K
  class space    used 6051K, committed 6144K, reserved 1048576K
}
Event: 7.768 GC heap after
{Heap after GC invocations=19 (full 0):
 garbage-first heap   total 112640K, used 36056K [0x0000000084e00000, 0x0000000100000000)
  region size 1024K, 2 young (2048K), 2 survivors (2048K)
 Metaspace       used 51817K, committed 52032K, reserved 1114112K
  class space    used 6051K, committed 6144K, reserved 1048576K
}
Event: 10.318 GC heap before
{Heap before GC invocations=19 (full 0):
 garbage-first heap   total 112640K, used 82136K [0x0000000084e00000, 0x0000000100000000)
  region size 1024K, 48 young (49152K), 2 survivors (2048K)
 Metaspace       used 55130K, committed 55424K, reserved 1114112K
  class space    used 6275K, committed 6400K, reserved 1048576K
}
Event: 10.345 GC heap after
{Heap after GC invocations=20 (full 0):
 garbage-first heap   total 112640K, used 43845K [0x0000000084e00000, 0x0000000100000000)
  region size 1024K, 6 young (6144K), 6 survivors (6144K)
 Metaspace       used 55130K, committed 55424K, reserved 1114112K
  class space    used 6275K, committed 6400K, reserved 1048576K
}
Event: 14.552 GC heap before
{Heap before GC invocations=20 (full 0):
 garbage-first heap   total 112640K, used 82757K [0x0000000084e00000, 0x0000000100000000)
  region size 1024K, 45 young (46080K), 6 survivors (6144K)
 Metaspace       used 63589K, committed 63936K, reserved 1114112K
  class space    used 7027K, committed 7168K, reserved 1048576K
}
Event: 14.582 GC heap after
{Heap after GC invocations=21 (full 0):
 garbage-first heap   total 112640K, used 48623K [0x0000000084e00000, 0x0000000100000000)
  region size 1024K, 4 young (4096K), 4 survivors (4096K)
 Metaspace       used 63589K, committed 63936K, reserved 1114112K
  class space    used 7027K, committed 7168K, reserved 1048576K
}

